<?xml version="1.0" encoding="UTF-8" ?>
<testsuite tests="1" failures="1" name="com.cms.til.graph.janus.JanusMultipleEdgesTest" time="10.275" errors="0" skipped="0">
  <properties>
    <property name="java.runtime.name" value="Java(TM) SE Runtime Environment"/>
    <property name="sun.boot.library.path" value="/Library/Java/JavaVirtualMachines/jdk1.8.0_151.jdk/Contents/Home/jre/lib"/>
    <property name="java.vm.version" value="25.151-b12"/>
    <property name="gopherProxySet" value="false"/>
    <property name="java.vm.vendor" value="Oracle Corporation"/>
    <property name="maven.multiModuleProjectDirectory" value="/Users/chupman/Desktop/projects/janusedgetest"/>
    <property name="java.vendor.url" value="http://java.oracle.com/"/>
    <property name="path.separator" value=":"/>
    <property name="guice.disable.misplaced.annotation.check" value="true"/>
    <property name="java.vm.name" value="Java HotSpot(TM) 64-Bit Server VM"/>
    <property name="file.encoding.pkg" value="sun.io"/>
    <property name="user.country" value="US"/>
    <property name="sun.java.launcher" value="SUN_STANDARD"/>
    <property name="sun.os.patch.level" value="unknown"/>
    <property name="java.vm.specification.name" value="Java Virtual Machine Specification"/>
    <property name="user.dir" value="/Users/chupman/Desktop/projects/janusedgetest"/>
    <property name="java.runtime.version" value="1.8.0_151-b12"/>
    <property name="java.awt.graphicsenv" value="sun.awt.CGraphicsEnvironment"/>
    <property name="java.endorsed.dirs" value="/Library/Java/JavaVirtualMachines/jdk1.8.0_151.jdk/Contents/Home/jre/lib/endorsed"/>
    <property name="os.arch" value="x86_64"/>
    <property name="java.io.tmpdir" value="/var/folders/9z/mm1knwfs01704r_c3qq4vs3c0000gn/T/"/>
    <property name="line.separator" value="
"/>
    <property name="java.vm.specification.vendor" value="Oracle Corporation"/>
    <property name="os.name" value="Mac OS X"/>
    <property name="classworlds.conf" value="/usr/local/Cellar/maven/3.5.2/libexec/bin/m2.conf"/>
    <property name="sun.jnu.encoding" value="UTF-8"/>
    <property name="java.library.path" value="/Users/chupman/Library/Java/Extensions:/Library/Java/Extensions:/Network/Library/Java/Extensions:/System/Library/Java/Extensions:/usr/lib/java:."/>
    <property name="maven.conf" value="/usr/local/Cellar/maven/3.5.2/libexec/conf"/>
    <property name="java.specification.name" value="Java Platform API Specification"/>
    <property name="java.class.version" value="52.0"/>
    <property name="sun.management.compiler" value="HotSpot 64-Bit Tiered Compilers"/>
    <property name="os.version" value="10.13.2"/>
    <property name="library.jansi.path" value="/usr/local/Cellar/maven/3.5.2/libexec/lib/jansi-native"/>
    <property name="user.home" value="/Users/chupman"/>
    <property name="user.timezone" value="America/Los_Angeles"/>
    <property name="java.awt.printerjob" value="sun.lwawt.macosx.CPrinterJob"/>
    <property name="java.specification.version" value="1.8"/>
    <property name="file.encoding" value="UTF-8"/>
    <property name="user.name" value="chupman"/>
    <property name="java.class.path" value="/usr/local/Cellar/maven/3.5.2/libexec/boot/plexus-classworlds-2.5.2.jar"/>
    <property name="java.vm.specification.version" value="1.8"/>
    <property name="sun.arch.data.model" value="64"/>
    <property name="java.home" value="/Library/Java/JavaVirtualMachines/jdk1.8.0_151.jdk/Contents/Home/jre"/>
    <property name="sun.java.command" value="org.codehaus.plexus.classworlds.launcher.Launcher clean test"/>
    <property name="java.specification.vendor" value="Oracle Corporation"/>
    <property name="user.language" value="en"/>
    <property name="awt.toolkit" value="sun.lwawt.macosx.LWCToolkit"/>
    <property name="java.vm.info" value="mixed mode"/>
    <property name="java.version" value="1.8.0_151"/>
    <property name="java.ext.dirs" value="/Users/chupman/Library/Java/Extensions:/Library/Java/JavaVirtualMachines/jdk1.8.0_151.jdk/Contents/Home/jre/lib/ext:/Library/Java/Extensions:/Network/Library/Java/Extensions:/System/Library/Java/Extensions:/usr/lib/java"/>
    <property name="sun.boot.class.path" value="/Library/Java/JavaVirtualMachines/jdk1.8.0_151.jdk/Contents/Home/jre/lib/resources.jar:/Library/Java/JavaVirtualMachines/jdk1.8.0_151.jdk/Contents/Home/jre/lib/rt.jar:/Library/Java/JavaVirtualMachines/jdk1.8.0_151.jdk/Contents/Home/jre/lib/sunrsasign.jar:/Library/Java/JavaVirtualMachines/jdk1.8.0_151.jdk/Contents/Home/jre/lib/jsse.jar:/Library/Java/JavaVirtualMachines/jdk1.8.0_151.jdk/Contents/Home/jre/lib/jce.jar:/Library/Java/JavaVirtualMachines/jdk1.8.0_151.jdk/Contents/Home/jre/lib/charsets.jar:/Library/Java/JavaVirtualMachines/jdk1.8.0_151.jdk/Contents/Home/jre/lib/jfr.jar:/Library/Java/JavaVirtualMachines/jdk1.8.0_151.jdk/Contents/Home/jre/classes"/>
    <property name="java.vendor" value="Oracle Corporation"/>
    <property name="maven.home" value="/usr/local/Cellar/maven/3.5.2/libexec"/>
    <property name="file.separator" value="/"/>
    <property name="java.vendor.url.bug" value="http://bugreport.sun.com/bugreport/"/>
    <property name="sun.cpu.endian" value="little"/>
    <property name="sun.io.unicode.encoding" value="UnicodeBig"/>
    <property name="sun.cpu.isalist" value=""/>
  </properties>
  <testcase classname="com.cms.til.graph.janus.JanusMultipleEdgesTest" name="testMultipleEdgesWithSameId" time="10.275">
    <failure message="Duplicate edges found between  (msid: 246912)--hie_child--&gt;(msid: 246913) expected:&lt;1&gt; but was:&lt;10&gt;" type="java.lang.AssertionError">java.lang.AssertionError: Duplicate edges found between  (msid: 246912)--hie_child--&gt;(msid: 246913) expected:&lt;1&gt; but was:&lt;10&gt;
	at org.junit.Assert.fail(Assert.java:88)
	at org.junit.Assert.failNotEquals(Assert.java:834)
	at org.junit.Assert.assertEquals(Assert.java:118)
	at com.cms.til.graph.janus.JanusMultipleEdgesTest.testMultipleEdgesWithSameId(JanusMultipleEdgesTest.java:71)
	at sun.reflect.NativeMethodAccessorImpl.invoke0(Native Method)
	at sun.reflect.NativeMethodAccessorImpl.invoke(NativeMethodAccessorImpl.java:62)
	at sun.reflect.DelegatingMethodAccessorImpl.invoke(DelegatingMethodAccessorImpl.java:43)
	at java.lang.reflect.Method.invoke(Method.java:498)
	at org.junit.runners.model.FrameworkMethod$1.runReflectiveCall(FrameworkMethod.java:50)
	at org.junit.internal.runners.model.ReflectiveCallable.run(ReflectiveCallable.java:12)
	at org.junit.runners.model.FrameworkMethod.invokeExplosively(FrameworkMethod.java:47)
	at org.junit.internal.runners.statements.InvokeMethod.evaluate(InvokeMethod.java:17)
	at org.junit.internal.runners.statements.RunBefores.evaluate(RunBefores.java:26)
	at org.springframework.test.context.junit4.statements.RunBeforeTestMethodCallbacks.evaluate(RunBeforeTestMethodCallbacks.java:75)
	at org.junit.internal.runners.statements.RunAfters.evaluate(RunAfters.java:27)
	at org.springframework.test.context.junit4.statements.RunAfterTestMethodCallbacks.evaluate(RunAfterTestMethodCallbacks.java:86)
	at org.springframework.test.context.junit4.statements.SpringRepeat.evaluate(SpringRepeat.java:84)
	at org.junit.runners.ParentRunner.runLeaf(ParentRunner.java:325)
	at org.springframework.test.context.junit4.SpringJUnit4ClassRunner.runChild(SpringJUnit4ClassRunner.java:254)
	at org.springframework.test.context.junit4.SpringJUnit4ClassRunner.runChild(SpringJUnit4ClassRunner.java:89)
	at org.junit.runners.ParentRunner$3.run(ParentRunner.java:290)
	at org.junit.runners.ParentRunner$1.schedule(ParentRunner.java:71)
	at org.junit.runners.ParentRunner.runChildren(ParentRunner.java:288)
	at org.junit.runners.ParentRunner.access$000(ParentRunner.java:58)
	at org.junit.runners.ParentRunner$2.evaluate(ParentRunner.java:268)
	at org.springframework.test.context.junit4.statements.RunBeforeTestClassCallbacks.evaluate(RunBeforeTestClassCallbacks.java:61)
	at org.springframework.test.context.junit4.statements.RunAfterTestClassCallbacks.evaluate(RunAfterTestClassCallbacks.java:70)
	at org.junit.runners.ParentRunner.run(ParentRunner.java:363)
	at org.springframework.test.context.junit4.SpringJUnit4ClassRunner.run(SpringJUnit4ClassRunner.java:193)
	at org.apache.maven.surefire.junit4.JUnit4Provider.execute(JUnit4Provider.java:252)
	at org.apache.maven.surefire.junit4.JUnit4Provider.executeTestSet(JUnit4Provider.java:141)
	at org.apache.maven.surefire.junit4.JUnit4Provider.invoke(JUnit4Provider.java:112)
	at sun.reflect.NativeMethodAccessorImpl.invoke0(Native Method)
	at sun.reflect.NativeMethodAccessorImpl.invoke(NativeMethodAccessorImpl.java:62)
	at sun.reflect.DelegatingMethodAccessorImpl.invoke(DelegatingMethodAccessorImpl.java:43)
	at java.lang.reflect.Method.invoke(Method.java:498)
	at org.apache.maven.surefire.util.ReflectionUtils.invokeMethodWithArray(ReflectionUtils.java:189)
	at org.apache.maven.surefire.booter.ProviderFactory$ProviderProxy.invoke(ProviderFactory.java:165)
	at org.apache.maven.surefire.booter.ProviderFactory.invokeProvider(ProviderFactory.java:85)
	at org.apache.maven.surefire.booter.ForkedBooter.runSuitesInProcess(ForkedBooter.java:115)
	at org.apache.maven.surefire.booter.ForkedBooter.main(ForkedBooter.java:75)
</failure>
    <system-out>10:13:13.415 [main] DEBUG o.s.t.c.j.SpringJUnit4ClassRunner - SpringJUnit4ClassRunner constructor called with [class com.cms.til.graph.janus.JanusMultipleEdgesTest]
10:13:13.420 [main] DEBUG o.s.test.context.BootstrapUtils - Instantiating CacheAwareContextLoaderDelegate from class [org.springframework.test.context.cache.DefaultCacheAwareContextLoaderDelegate]
10:13:13.424 [main] DEBUG o.s.test.context.BootstrapUtils - Instantiating BootstrapContext using constructor [public org.springframework.test.context.support.DefaultBootstrapContext(java.lang.Class,org.springframework.test.context.CacheAwareContextLoaderDelegate)]
10:13:13.435 [main] DEBUG o.s.test.context.BootstrapUtils - Instantiating TestContextBootstrapper for test class [com.cms.til.graph.janus.JanusMultipleEdgesTest] from class [org.springframework.test.context.support.DefaultTestContextBootstrapper]
10:13:13.459 [main] DEBUG o.s.t.c.s.AbstractDelegatingSmartContextLoader - Delegating to AnnotationConfigContextLoader to process context configuration [ContextConfigurationAttributes@5f282abb declaringClass = &apos;com.cms.til.graph.janus.JanusMultipleEdgesTest&apos;, classes = &apos;{class com.cms.til.graph.janus.BeanConfig}&apos;, locations = &apos;{}&apos;, inheritLocations = true, initializers = &apos;{}&apos;, inheritInitializers = true, name = [null], contextLoaderClass = &apos;org.springframework.test.context.ContextLoader&apos;].
10:13:13.460 [main] DEBUG o.s.t.c.support.ActiveProfilesUtils - Could not find an &apos;annotation declaring class&apos; for annotation type [org.springframework.test.context.ActiveProfiles] and class [com.cms.til.graph.janus.JanusMultipleEdgesTest]
10:13:13.464 [main] DEBUG o.s.t.c.s.DefaultTestContextBootstrapper - @TestExecutionListeners is not present for class [com.cms.til.graph.janus.JanusMultipleEdgesTest]: using defaults.
10:13:13.471 [main] INFO  o.s.t.c.s.DefaultTestContextBootstrapper - Loaded default TestExecutionListener class names from location [META-INF/spring.factories]: [org.springframework.test.context.web.ServletTestExecutionListener, org.springframework.test.context.support.DirtiesContextBeforeModesTestExecutionListener, org.springframework.test.context.support.DependencyInjectionTestExecutionListener, org.springframework.test.context.support.DirtiesContextTestExecutionListener, org.springframework.test.context.transaction.TransactionalTestExecutionListener, org.springframework.test.context.jdbc.SqlScriptsTestExecutionListener]
10:13:13.475 [main] INFO  o.s.t.c.s.DefaultTestContextBootstrapper - Could not instantiate TestExecutionListener [org.springframework.test.context.transaction.TransactionalTestExecutionListener]. Specify custom listener classes or make the default listener classes (and their required dependencies) available. Offending class: [org/springframework/transaction/interceptor/TransactionAttributeSource]
10:13:13.476 [main] INFO  o.s.t.c.s.DefaultTestContextBootstrapper - Could not instantiate TestExecutionListener [org.springframework.test.context.web.ServletTestExecutionListener]. Specify custom listener classes or make the default listener classes (and their required dependencies) available. Offending class: [javax/servlet/ServletContext]
10:13:13.477 [main] INFO  o.s.t.c.s.DefaultTestContextBootstrapper - Could not instantiate TestExecutionListener [org.springframework.test.context.jdbc.SqlScriptsTestExecutionListener]. Specify custom listener classes or make the default listener classes (and their required dependencies) available. Offending class: [org/springframework/transaction/interceptor/TransactionAttribute]
10:13:13.479 [main] INFO  o.s.t.c.s.DefaultTestContextBootstrapper - Using TestExecutionListeners: [org.springframework.test.context.support.DirtiesContextBeforeModesTestExecutionListener@6b9651f3, org.springframework.test.context.support.DependencyInjectionTestExecutionListener@38bc8ab5, org.springframework.test.context.support.DirtiesContextTestExecutionListener@687080dc]
10:13:13.481 [main] DEBUG o.s.t.annotation.ProfileValueUtils - Retrieved @ProfileValueSourceConfiguration [null] for test class [com.cms.til.graph.janus.JanusMultipleEdgesTest]
10:13:13.481 [main] DEBUG o.s.t.annotation.ProfileValueUtils - Retrieved ProfileValueSource type [class org.springframework.test.annotation.SystemProfileValueSource] for class [com.cms.til.graph.janus.JanusMultipleEdgesTest]
10:13:13.482 [main] DEBUG o.s.t.annotation.ProfileValueUtils - Retrieved @ProfileValueSourceConfiguration [null] for test class [com.cms.til.graph.janus.JanusMultipleEdgesTest]
10:13:13.482 [main] DEBUG o.s.t.annotation.ProfileValueUtils - Retrieved ProfileValueSource type [class org.springframework.test.annotation.SystemProfileValueSource] for class [com.cms.til.graph.janus.JanusMultipleEdgesTest]
10:13:13.485 [main] DEBUG o.s.t.c.s.AbstractDirtiesContextTestExecutionListener - Before test class: context [DefaultTestContext@4923ab24 testClass = JanusMultipleEdgesTest, testInstance = [null], testMethod = [null], testException = [null], mergedContextConfiguration = [MergedContextConfiguration@44c8afef testClass = JanusMultipleEdgesTest, locations = &apos;{}&apos;, classes = &apos;{class com.cms.til.graph.janus.BeanConfig}&apos;, contextInitializerClasses = &apos;[]&apos;, activeProfiles = &apos;{}&apos;, propertySourceLocations = &apos;{}&apos;, propertySourceProperties = &apos;{}&apos;, contextLoader = &apos;org.springframework.test.context.support.DelegatingSmartContextLoader&apos;, parent = [null]]], class annotated with @DirtiesContext [false] with mode [null].
10:13:13.485 [main] DEBUG o.s.t.annotation.ProfileValueUtils - Retrieved @ProfileValueSourceConfiguration [null] for test class [com.cms.til.graph.janus.JanusMultipleEdgesTest]
10:13:13.485 [main] DEBUG o.s.t.annotation.ProfileValueUtils - Retrieved ProfileValueSource type [class org.springframework.test.annotation.SystemProfileValueSource] for class [com.cms.til.graph.janus.JanusMultipleEdgesTest]
10:13:13.486 [main] DEBUG o.s.t.c.s.DependencyInjectionTestExecutionListener - Performing dependency injection for test context [[DefaultTestContext@4923ab24 testClass = JanusMultipleEdgesTest, testInstance = com.cms.til.graph.janus.JanusMultipleEdgesTest@1e7c7811, testMethod = [null], testException = [null], mergedContextConfiguration = [MergedContextConfiguration@44c8afef testClass = JanusMultipleEdgesTest, locations = &apos;{}&apos;, classes = &apos;{class com.cms.til.graph.janus.BeanConfig}&apos;, contextInitializerClasses = &apos;[]&apos;, activeProfiles = &apos;{}&apos;, propertySourceLocations = &apos;{}&apos;, propertySourceProperties = &apos;{}&apos;, contextLoader = &apos;org.springframework.test.context.support.DelegatingSmartContextLoader&apos;, parent = [null]]]].
10:13:13.487 [main] DEBUG o.s.t.c.s.AbstractDelegatingSmartContextLoader - Delegating to AnnotationConfigContextLoader to load context from [MergedContextConfiguration@44c8afef testClass = JanusMultipleEdgesTest, locations = &apos;{}&apos;, classes = &apos;{class com.cms.til.graph.janus.BeanConfig}&apos;, contextInitializerClasses = &apos;[]&apos;, activeProfiles = &apos;{}&apos;, propertySourceLocations = &apos;{}&apos;, propertySourceProperties = &apos;{}&apos;, contextLoader = &apos;org.springframework.test.context.support.DelegatingSmartContextLoader&apos;, parent = [null]].
10:13:13.487 [main] DEBUG o.s.t.c.s.AbstractGenericContextLoader - Loading ApplicationContext for merged context configuration [[MergedContextConfiguration@44c8afef testClass = JanusMultipleEdgesTest, locations = &apos;{}&apos;, classes = &apos;{class com.cms.til.graph.janus.BeanConfig}&apos;, contextInitializerClasses = &apos;[]&apos;, activeProfiles = &apos;{}&apos;, propertySourceLocations = &apos;{}&apos;, propertySourceProperties = &apos;{}&apos;, contextLoader = &apos;org.springframework.test.context.support.DelegatingSmartContextLoader&apos;, parent = [null]]].
10:13:13.557 [main] DEBUG o.s.core.env.StandardEnvironment - Adding [systemProperties] PropertySource with lowest search precedence
10:13:13.558 [main] DEBUG o.s.core.env.StandardEnvironment - Adding [systemEnvironment] PropertySource with lowest search precedence
10:13:13.559 [main] DEBUG o.s.core.env.StandardEnvironment - Initialized StandardEnvironment with PropertySources [systemProperties,systemEnvironment]
10:13:13.559 [main] DEBUG o.s.t.c.s.AnnotationConfigContextLoader - Registering annotated classes: {class com.cms.til.graph.janus.BeanConfig}
10:13:13.588 [main] INFO  o.s.c.s.GenericApplicationContext - Refreshing org.springframework.context.support.GenericApplicationContext@c81cdd1: startup date [Fri Jan 19 10:13:13 PST 2018]; root of context hierarchy
10:13:13.588 [main] DEBUG o.s.c.s.GenericApplicationContext - Bean factory for org.springframework.context.support.GenericApplicationContext@c81cdd1: org.springframework.beans.factory.support.DefaultListableBeanFactory@6107227e: defining beans [org.springframework.context.annotation.internalConfigurationAnnotationProcessor,org.springframework.context.annotation.internalAutowiredAnnotationProcessor,org.springframework.context.annotation.internalRequiredAnnotationProcessor,org.springframework.context.annotation.internalCommonAnnotationProcessor,org.springframework.context.event.internalEventListenerProcessor,org.springframework.context.event.internalEventListenerFactory,beanConfig]; root of factory hierarchy
10:13:13.597 [main] DEBUG o.s.b.f.s.DefaultListableBeanFactory - Creating shared instance of singleton bean &apos;org.springframework.context.annotation.internalConfigurationAnnotationProcessor&apos;
10:13:13.597 [main] DEBUG o.s.b.f.s.DefaultListableBeanFactory - Creating instance of bean &apos;org.springframework.context.annotation.internalConfigurationAnnotationProcessor&apos;
10:13:13.613 [main] DEBUG o.s.b.f.s.DefaultListableBeanFactory - Eagerly caching bean &apos;org.springframework.context.annotation.internalConfigurationAnnotationProcessor&apos; to allow for resolving potential circular references
10:13:13.614 [main] DEBUG o.s.b.f.s.DefaultListableBeanFactory - Finished creating instance of bean &apos;org.springframework.context.annotation.internalConfigurationAnnotationProcessor&apos;
10:13:13.635 [main] DEBUG o.s.c.a.ConfigurationClassBeanDefinitionReader - Registering bean definition for @Bean method com.cms.til.graph.janus.BeanConfig.properties()
10:13:13.705 [main] DEBUG o.s.c.a.ConfigurationClassEnhancer - Successfully enhanced com.cms.til.graph.janus.BeanConfig; enhanced class name is: com.cms.til.graph.janus.BeanConfig$$EnhancerBySpringCGLIB$$5eee4573
10:13:13.705 [main] DEBUG o.s.c.a.ConfigurationClassPostProcessor - Replacing bean definition &apos;beanConfig&apos; existing class &apos;com.cms.til.graph.janus.BeanConfig&apos; with enhanced class &apos;com.cms.til.graph.janus.BeanConfig$$EnhancerBySpringCGLIB$$5eee4573&apos;
10:13:13.706 [main] DEBUG o.s.b.f.s.DefaultListableBeanFactory - Creating shared instance of singleton bean &apos;org.springframework.context.annotation.internalAutowiredAnnotationProcessor&apos;
10:13:13.706 [main] DEBUG o.s.b.f.s.DefaultListableBeanFactory - Creating instance of bean &apos;org.springframework.context.annotation.internalAutowiredAnnotationProcessor&apos;
10:13:13.706 [main] DEBUG o.s.b.f.s.DefaultListableBeanFactory - Eagerly caching bean &apos;org.springframework.context.annotation.internalAutowiredAnnotationProcessor&apos; to allow for resolving potential circular references
10:13:13.706 [main] DEBUG o.s.b.f.s.DefaultListableBeanFactory - Finished creating instance of bean &apos;org.springframework.context.annotation.internalAutowiredAnnotationProcessor&apos;
10:13:13.707 [main] DEBUG o.s.b.f.s.DefaultListableBeanFactory - Creating shared instance of singleton bean &apos;org.springframework.context.annotation.internalRequiredAnnotationProcessor&apos;
10:13:13.707 [main] DEBUG o.s.b.f.s.DefaultListableBeanFactory - Creating instance of bean &apos;org.springframework.context.annotation.internalRequiredAnnotationProcessor&apos;
10:13:13.707 [main] DEBUG o.s.b.f.s.DefaultListableBeanFactory - Eagerly caching bean &apos;org.springframework.context.annotation.internalRequiredAnnotationProcessor&apos; to allow for resolving potential circular references
10:13:13.707 [main] DEBUG o.s.b.f.s.DefaultListableBeanFactory - Finished creating instance of bean &apos;org.springframework.context.annotation.internalRequiredAnnotationProcessor&apos;
10:13:13.707 [main] DEBUG o.s.b.f.s.DefaultListableBeanFactory - Creating shared instance of singleton bean &apos;org.springframework.context.annotation.internalCommonAnnotationProcessor&apos;
10:13:13.707 [main] DEBUG o.s.b.f.s.DefaultListableBeanFactory - Creating instance of bean &apos;org.springframework.context.annotation.internalCommonAnnotationProcessor&apos;
10:13:13.710 [main] DEBUG o.s.b.f.s.DefaultListableBeanFactory - Eagerly caching bean &apos;org.springframework.context.annotation.internalCommonAnnotationProcessor&apos; to allow for resolving potential circular references
10:13:13.710 [main] DEBUG o.s.b.f.s.DefaultListableBeanFactory - Finished creating instance of bean &apos;org.springframework.context.annotation.internalCommonAnnotationProcessor&apos;
10:13:13.710 [main] DEBUG o.s.b.f.s.DefaultListableBeanFactory - Creating shared instance of singleton bean &apos;org.springframework.context.annotation.ConfigurationClassPostProcessor.importAwareProcessor&apos;
10:13:13.710 [main] DEBUG o.s.b.f.s.DefaultListableBeanFactory - Creating instance of bean &apos;org.springframework.context.annotation.ConfigurationClassPostProcessor.importAwareProcessor&apos;
10:13:13.710 [main] DEBUG o.s.b.f.s.DefaultListableBeanFactory - Eagerly caching bean &apos;org.springframework.context.annotation.ConfigurationClassPostProcessor.importAwareProcessor&apos; to allow for resolving potential circular references
10:13:13.710 [main] DEBUG o.s.b.f.s.DefaultListableBeanFactory - Finished creating instance of bean &apos;org.springframework.context.annotation.ConfigurationClassPostProcessor.importAwareProcessor&apos;
10:13:13.710 [main] DEBUG o.s.b.f.s.DefaultListableBeanFactory - Creating shared instance of singleton bean &apos;org.springframework.context.annotation.ConfigurationClassPostProcessor.enhancedConfigurationProcessor&apos;
10:13:13.710 [main] DEBUG o.s.b.f.s.DefaultListableBeanFactory - Creating instance of bean &apos;org.springframework.context.annotation.ConfigurationClassPostProcessor.enhancedConfigurationProcessor&apos;
10:13:13.710 [main] DEBUG o.s.b.f.s.DefaultListableBeanFactory - Eagerly caching bean &apos;org.springframework.context.annotation.ConfigurationClassPostProcessor.enhancedConfigurationProcessor&apos; to allow for resolving potential circular references
10:13:13.710 [main] DEBUG o.s.b.f.s.DefaultListableBeanFactory - Finished creating instance of bean &apos;org.springframework.context.annotation.ConfigurationClassPostProcessor.enhancedConfigurationProcessor&apos;
10:13:13.712 [main] DEBUG o.s.c.s.GenericApplicationContext - Unable to locate MessageSource with name &apos;messageSource&apos;: using default [org.springframework.context.support.DelegatingMessageSource@77888435]
10:13:13.713 [main] DEBUG o.s.c.s.GenericApplicationContext - Unable to locate ApplicationEventMulticaster with name &apos;applicationEventMulticaster&apos;: using default [org.springframework.context.event.SimpleApplicationEventMulticaster@1bb5a082]
10:13:13.714 [main] DEBUG o.s.b.f.s.DefaultListableBeanFactory - Pre-instantiating singletons in org.springframework.beans.factory.support.DefaultListableBeanFactory@6107227e: defining beans [org.springframework.context.annotation.internalConfigurationAnnotationProcessor,org.springframework.context.annotation.internalAutowiredAnnotationProcessor,org.springframework.context.annotation.internalRequiredAnnotationProcessor,org.springframework.context.annotation.internalCommonAnnotationProcessor,org.springframework.context.event.internalEventListenerProcessor,org.springframework.context.event.internalEventListenerFactory,beanConfig,org.springframework.context.annotation.ConfigurationClassPostProcessor.importAwareProcessor,org.springframework.context.annotation.ConfigurationClassPostProcessor.enhancedConfigurationProcessor,properties]; root of factory hierarchy
10:13:13.714 [main] DEBUG o.s.b.f.s.DefaultListableBeanFactory - Returning cached instance of singleton bean &apos;org.springframework.context.annotation.internalConfigurationAnnotationProcessor&apos;
10:13:13.714 [main] DEBUG o.s.b.f.s.DefaultListableBeanFactory - Returning cached instance of singleton bean &apos;org.springframework.context.annotation.internalAutowiredAnnotationProcessor&apos;
10:13:13.714 [main] DEBUG o.s.b.f.s.DefaultListableBeanFactory - Returning cached instance of singleton bean &apos;org.springframework.context.annotation.internalRequiredAnnotationProcessor&apos;
10:13:13.714 [main] DEBUG o.s.b.f.s.DefaultListableBeanFactory - Returning cached instance of singleton bean &apos;org.springframework.context.annotation.internalCommonAnnotationProcessor&apos;
10:13:13.714 [main] DEBUG o.s.b.f.s.DefaultListableBeanFactory - Creating shared instance of singleton bean &apos;org.springframework.context.event.internalEventListenerProcessor&apos;
10:13:13.714 [main] DEBUG o.s.b.f.s.DefaultListableBeanFactory - Creating instance of bean &apos;org.springframework.context.event.internalEventListenerProcessor&apos;
10:13:13.719 [main] DEBUG o.s.b.f.s.DefaultListableBeanFactory - Eagerly caching bean &apos;org.springframework.context.event.internalEventListenerProcessor&apos; to allow for resolving potential circular references
10:13:13.731 [main] DEBUG o.s.b.f.s.DefaultListableBeanFactory - Finished creating instance of bean &apos;org.springframework.context.event.internalEventListenerProcessor&apos;
10:13:13.731 [main] DEBUG o.s.b.f.s.DefaultListableBeanFactory - Creating shared instance of singleton bean &apos;org.springframework.context.event.internalEventListenerFactory&apos;
10:13:13.731 [main] DEBUG o.s.b.f.s.DefaultListableBeanFactory - Creating instance of bean &apos;org.springframework.context.event.internalEventListenerFactory&apos;
10:13:13.731 [main] DEBUG o.s.b.f.s.DefaultListableBeanFactory - Eagerly caching bean &apos;org.springframework.context.event.internalEventListenerFactory&apos; to allow for resolving potential circular references
10:13:13.732 [main] DEBUG o.s.b.f.s.DefaultListableBeanFactory - Finished creating instance of bean &apos;org.springframework.context.event.internalEventListenerFactory&apos;
10:13:13.733 [main] DEBUG o.s.b.f.s.DefaultListableBeanFactory - Creating shared instance of singleton bean &apos;beanConfig&apos;
10:13:13.733 [main] DEBUG o.s.b.f.s.DefaultListableBeanFactory - Creating instance of bean &apos;beanConfig&apos;
10:13:13.733 [main] DEBUG o.s.b.f.s.DefaultListableBeanFactory - Eagerly caching bean &apos;beanConfig&apos; to allow for resolving potential circular references
10:13:13.736 [main] DEBUG o.s.b.f.s.DefaultListableBeanFactory - Finished creating instance of bean &apos;beanConfig&apos;
10:13:13.736 [main] DEBUG o.s.b.f.s.DefaultListableBeanFactory - Returning cached instance of singleton bean &apos;org.springframework.context.annotation.ConfigurationClassPostProcessor.importAwareProcessor&apos;
10:13:13.737 [main] DEBUG o.s.b.f.s.DefaultListableBeanFactory - Returning cached instance of singleton bean &apos;org.springframework.context.annotation.ConfigurationClassPostProcessor.enhancedConfigurationProcessor&apos;
10:13:13.737 [main] DEBUG o.s.b.f.s.DefaultListableBeanFactory - Creating shared instance of singleton bean &apos;properties&apos;
10:13:13.737 [main] DEBUG o.s.b.f.s.DefaultListableBeanFactory - Creating instance of bean &apos;properties&apos;
10:13:13.738 [main] DEBUG o.s.b.f.s.DefaultListableBeanFactory - Returning cached instance of singleton bean &apos;beanConfig&apos;
10:13:13.752 [main] DEBUG o.s.b.f.s.DefaultListableBeanFactory - Eagerly caching bean &apos;properties&apos; to allow for resolving potential circular references
10:13:13.756 [main] DEBUG o.s.b.f.s.DefaultListableBeanFactory - Finished creating instance of bean &apos;properties&apos;
10:13:13.757 [main] DEBUG o.s.b.f.s.DefaultListableBeanFactory - Returning cached instance of singleton bean &apos;org.springframework.context.event.internalEventListenerFactory&apos;
10:13:13.769 [main] DEBUG o.s.c.s.GenericApplicationContext - Unable to locate LifecycleProcessor with name &apos;lifecycleProcessor&apos;: using default [org.springframework.context.support.DefaultLifecycleProcessor@131ef10]
10:13:13.769 [main] DEBUG o.s.b.f.s.DefaultListableBeanFactory - Returning cached instance of singleton bean &apos;lifecycleProcessor&apos;
10:13:13.771 [main] DEBUG o.s.c.e.PropertySourcesPropertyResolver - Searching for key &apos;spring.liveBeansView.mbeanDomain&apos; in [systemProperties]
10:13:13.771 [main] DEBUG o.s.c.e.PropertySourcesPropertyResolver - Searching for key &apos;spring.liveBeansView.mbeanDomain&apos; in [systemEnvironment]
10:13:13.771 [main] DEBUG o.s.c.e.PropertySourcesPropertyResolver - Could not find key &apos;spring.liveBeansView.mbeanDomain&apos; in any property source. Returning [null]
10:13:13.773 [main] DEBUG o.s.t.c.c.DefaultCacheAwareContextLoaderDelegate - Storing ApplicationContext in cache under key [[MergedContextConfiguration@44c8afef testClass = JanusMultipleEdgesTest, locations = &apos;{}&apos;, classes = &apos;{class com.cms.til.graph.janus.BeanConfig}&apos;, contextInitializerClasses = &apos;[]&apos;, activeProfiles = &apos;{}&apos;, propertySourceLocations = &apos;{}&apos;, propertySourceProperties = &apos;{}&apos;, contextLoader = &apos;org.springframework.test.context.support.DelegatingSmartContextLoader&apos;, parent = [null]]]
10:13:13.773 [main] DEBUG o.springframework.test.context.cache - Spring test ApplicationContext cache statistics: [DefaultContextCache@3d34d211 size = 1, parentContextCount = 0, hitCount = 0, missCount = 1]
10:13:13.775 [main] DEBUG o.s.b.f.annotation.InjectionMetadata - Processing injected element of bean &apos;com.cms.til.graph.janus.JanusMultipleEdgesTest&apos;: AutowiredFieldElement for private java.util.Properties com.cms.til.graph.janus.JanusMultipleEdgesTest.properties
10:13:13.777 [main] DEBUG o.s.b.f.s.DefaultListableBeanFactory - Returning cached instance of singleton bean &apos;properties&apos;
10:13:13.777 [main] DEBUG o.s.b.f.s.DefaultListableBeanFactory - Returning cached instance of singleton bean &apos;systemProperties&apos;
10:13:13.777 [main] DEBUG o.s.b.f.a.AutowiredAnnotationBeanPostProcessor - Autowiring by type from bean name &apos;com.cms.til.graph.janus.JanusMultipleEdgesTest&apos; to bean named &apos;properties&apos;
10:13:13.780 [main] DEBUG o.s.t.c.s.AbstractDirtiesContextTestExecutionListener - Before test method: context [DefaultTestContext@4923ab24 testClass = JanusMultipleEdgesTest, testInstance = com.cms.til.graph.janus.JanusMultipleEdgesTest@1e7c7811, testMethod = testMultipleEdgesWithSameId@JanusMultipleEdgesTest, testException = [null], mergedContextConfiguration = [MergedContextConfiguration@44c8afef testClass = JanusMultipleEdgesTest, locations = &apos;{}&apos;, classes = &apos;{class com.cms.til.graph.janus.BeanConfig}&apos;, contextInitializerClasses = &apos;[]&apos;, activeProfiles = &apos;{}&apos;, propertySourceLocations = &apos;{}&apos;, propertySourceProperties = &apos;{}&apos;, contextLoader = &apos;org.springframework.test.context.support.DelegatingSmartContextLoader&apos;, parent = [null]]], class annotated with @DirtiesContext [false] with mode [null], method annotated with @DirtiesContext [false] with mode [null].
storage.read-only : false
query.force-index : true
storage.cassandra.frame-size-mb : 300
storage.cassandra.replication-strategy-options : datacenter1, 1
storage.cassandra.replication-strategy-class : org.apache.cassandra.locator.NetworkTopologyStrategy
storage.backend : cassandra
storage.cassandra.keyspace : janustest1
storage.hostname : localhost
10:13:13.952 [main] DEBUG o.j.d.c.a.AstyanaxStoreManager - About to instantiate class public com.netflix.astyanax.connectionpool.impl.FixedRetryBackoffStrategy(int,int) with 2 arguments
10:13:13.953 [main] DEBUG o.j.d.c.a.AstyanaxStoreManager - Instantiated RetryBackoffStrategy object com.netflix.astyanax.connectionpool.impl.FixedRetryBackoffStrategy@7098b907 from config string &quot;com.netflix.astyanax.connectionpool.impl.FixedRetryBackoffStrategy,1000,5000&quot;
10:13:13.954 [main] DEBUG o.j.d.c.a.AstyanaxStoreManager - About to instantiate class public com.netflix.astyanax.retry.BoundedExponentialBackoff(long,long,int) with 3 arguments
10:13:13.955 [main] DEBUG o.j.d.c.a.AstyanaxStoreManager - Instantiated RetryPolicy object com.netflix.astyanax.retry.BoundedExponentialBackoff@3e2055d6[maxSleepTimeMs=25000,MAX_SHIFT=30,random=java.util.Random@50f6ac94,baseSleepTimeMs=100,maxAttempts=8,attempts=0] from config string &quot;com.netflix.astyanax.retry.BoundedExponentialBackoff,100,25000,8&quot;
10:13:13.966 [main] DEBUG o.j.d.c.a.AstyanaxStoreManager - Custom RetryBackoffStrategy com.netflix.astyanax.connectionpool.impl.FixedRetryBackoffStrategy@7098b907
10:13:14.144 [main] INFO  c.n.a.c.i.ConnectionPoolMBeanManager - Registering mbean: com.netflix.MonitoredResources:type=ASTYANAX,name=ClusterJanusGraphConnectionPool,ServiceType=connectionpool
10:13:14.154 [main] INFO  c.n.a.c.i.CountingConnectionPoolMonitor - AddHost: localhost
10:13:14.200 [main] DEBUG o.j.d.c.a.AstyanaxStoreManager - Creating keyspace janustest1...
10:13:14.233 [main] DEBUG o.j.d.c.a.AstyanaxStoreManager - Created keyspace janustest1
10:13:14.233 [main] DEBUG o.j.d.c.a.AstyanaxStoreManager - Custom RetryBackoffStrategy com.netflix.astyanax.connectionpool.impl.FixedRetryBackoffStrategy@7098b907
10:13:14.276 [main] INFO  c.n.a.c.i.ConnectionPoolMBeanManager - Registering mbean: com.netflix.MonitoredResources:type=ASTYANAX,name=KeyspaceJanusGraphConnectionPool,ServiceType=connectionpool
10:13:14.276 [main] INFO  c.n.a.c.i.CountingConnectionPoolMonitor - AddHost: localhost
10:13:14.299 [main] INFO  c.n.a.c.i.CountingConnectionPoolMonitor - AddHost: 127.0.0.1
10:13:14.300 [main] INFO  c.n.a.c.i.CountingConnectionPoolMonitor - RemoveHost: localhost
10:13:14.444 [main] DEBUG o.j.d.cassandra.CassandraTransaction - Created CassandraTransaction@5b40ceb[read=QUORUM,write=QUORUM]
10:13:14.556 [main] DEBUG o.j.d.cassandra.CassandraTransaction - Created CassandraTransaction@3e8f7922[read=QUORUM,write=QUORUM]
10:13:14.636 [main] DEBUG o.j.d.cassandra.CassandraTransaction - Created CassandraTransaction@b40bb6e[read=QUORUM,write=QUORUM]
10:13:14.638 [main] DEBUG o.j.d.cassandra.CassandraTransaction - Created CassandraTransaction@3a94964[read=QUORUM,write=QUORUM]
10:13:14.640 [main] DEBUG o.j.d.cassandra.CassandraTransaction - Created CassandraTransaction@5049d8b2[read=QUORUM,write=QUORUM]
10:13:14.642 [main] DEBUG o.j.d.cassandra.CassandraTransaction - Created CassandraTransaction@6d0b5baf[read=QUORUM,write=QUORUM]
10:13:14.650 [main] DEBUG o.j.d.cassandra.CassandraTransaction - Created CassandraTransaction@2ed3b1f5[read=QUORUM,write=QUORUM]
10:13:14.652 [main] DEBUG o.j.d.cassandra.CassandraTransaction - Created CassandraTransaction@63648ee9[read=QUORUM,write=QUORUM]
10:13:14.654 [main] DEBUG o.j.d.cassandra.CassandraTransaction - Created CassandraTransaction@68d6972f[read=QUORUM,write=QUORUM]
10:13:14.668 [main] INFO  o.j.g.c.GraphDatabaseConfiguration - Set default timestamp provider MICRO
10:13:14.668 [main] DEBUG o.j.d.cassandra.CassandraTransaction - Created CassandraTransaction@eb6449b[read=QUORUM,write=QUORUM]
10:13:14.670 [main] DEBUG o.j.d.cassandra.CassandraTransaction - Created CassandraTransaction@42b64ab8[read=QUORUM,write=QUORUM]
10:13:14.681 [main] INFO  o.j.g.c.GraphDatabaseConfiguration - Generated unique-instance-id=c0a8016135867-Chriss-MBP-21
10:13:14.692 [main] DEBUG o.j.d.c.a.AstyanaxStoreManager - About to instantiate class public com.netflix.astyanax.connectionpool.impl.FixedRetryBackoffStrategy(int,int) with 2 arguments
10:13:14.692 [main] DEBUG o.j.d.c.a.AstyanaxStoreManager - Instantiated RetryBackoffStrategy object com.netflix.astyanax.connectionpool.impl.FixedRetryBackoffStrategy@452ba1db from config string &quot;com.netflix.astyanax.connectionpool.impl.FixedRetryBackoffStrategy,1000,5000&quot;
10:13:14.692 [main] DEBUG o.j.d.c.a.AstyanaxStoreManager - About to instantiate class public com.netflix.astyanax.retry.BoundedExponentialBackoff(long,long,int) with 3 arguments
10:13:14.692 [main] DEBUG o.j.d.c.a.AstyanaxStoreManager - Instantiated RetryPolicy object com.netflix.astyanax.retry.BoundedExponentialBackoff@2289aca5[maxSleepTimeMs=25000,MAX_SHIFT=30,random=java.util.Random@76a36b71,baseSleepTimeMs=100,maxAttempts=8,attempts=0] from config string &quot;com.netflix.astyanax.retry.BoundedExponentialBackoff,100,25000,8&quot;
10:13:14.692 [main] DEBUG o.j.d.c.a.AstyanaxStoreManager - Custom RetryBackoffStrategy com.netflix.astyanax.connectionpool.impl.FixedRetryBackoffStrategy@452ba1db
10:13:14.693 [main] INFO  c.n.a.c.i.ConnectionPoolMBeanManager - Registering mbean: com.netflix.MonitoredResources:type=ASTYANAX,name=ClusterJanusGraphConnectionPool,ServiceType=connectionpool
10:13:14.693 [main] INFO  c.n.a.c.i.CountingConnectionPoolMonitor - AddHost: localhost
10:13:14.695 [main] DEBUG o.j.d.c.a.AstyanaxStoreManager - Found keyspace janustest1
10:13:14.695 [main] DEBUG o.j.d.c.a.AstyanaxStoreManager - Custom RetryBackoffStrategy com.netflix.astyanax.connectionpool.impl.FixedRetryBackoffStrategy@452ba1db
10:13:14.695 [main] INFO  c.n.a.c.i.ConnectionPoolMBeanManager - Registering mbean: com.netflix.MonitoredResources:type=ASTYANAX,name=KeyspaceJanusGraphConnectionPool,ServiceType=connectionpool
10:13:14.696 [main] INFO  c.n.a.c.i.CountingConnectionPoolMonitor - AddHost: localhost
10:13:14.703 [main] INFO  c.n.a.c.i.CountingConnectionPoolMonitor - AddHost: 127.0.0.1
10:13:14.703 [main] INFO  c.n.a.c.i.CountingConnectionPoolMonitor - RemoveHost: localhost
10:13:14.718 [main] INFO  org.janusgraph.diskstorage.Backend - Initiated backend operations thread pool of size 16
10:13:14.938 [main] DEBUG o.j.d.locking.LocalLockMediators - Local lock mediator instantiated for namespace AstyanaxStoreManagerjanustest1
10:13:15.105 [main] DEBUG o.j.d.cassandra.CassandraTransaction - Created CassandraTransaction@593e824f[read=QUORUM,write=QUORUM]
10:13:15.160 [main] DEBUG o.j.d.cassandra.CassandraTransaction - Created CassandraTransaction@64bc21ac[read=QUORUM,write=QUORUM]
10:13:15.223 [main] DEBUG o.j.g.d.idassigner.VertexIDAssigner - Partition IDs? [true], Local Partitions? [false]
10:13:15.226 [main] DEBUG o.j.g.d.i.p.SimpleBulkPlacementStrategy - Setting partition at index [0] to: 9
10:13:15.227 [main] DEBUG o.j.g.d.i.p.SimpleBulkPlacementStrategy - Setting partition at index [1] to: 4
10:13:15.227 [main] DEBUG o.j.g.d.i.p.SimpleBulkPlacementStrategy - Setting partition at index [2] to: 24
10:13:15.227 [main] DEBUG o.j.g.d.i.p.SimpleBulkPlacementStrategy - Setting partition at index [3] to: 25
10:13:15.227 [main] DEBUG o.j.g.d.i.p.SimpleBulkPlacementStrategy - Setting partition at index [4] to: 4
10:13:15.227 [main] DEBUG o.j.g.d.i.p.SimpleBulkPlacementStrategy - Setting partition at index [5] to: 26
10:13:15.227 [main] DEBUG o.j.g.d.i.p.SimpleBulkPlacementStrategy - Setting partition at index [6] to: 10
10:13:15.227 [main] DEBUG o.j.g.d.i.p.SimpleBulkPlacementStrategy - Setting partition at index [7] to: 31
10:13:15.227 [main] DEBUG o.j.g.d.i.p.SimpleBulkPlacementStrategy - Setting partition at index [8] to: 16
10:13:15.227 [main] DEBUG o.j.g.d.i.p.SimpleBulkPlacementStrategy - Setting partition at index [9] to: 20
10:13:15.247 [main] DEBUG o.j.d.cassandra.CassandraTransaction - Created CassandraTransaction@759fad4[read=QUORUM,write=QUORUM]
10:13:15.248 [main] DEBUG o.j.d.cassandra.CassandraTransaction - Created CassandraTransaction@64712be[read=QUORUM,write=QUORUM]
10:13:15.249 [main] DEBUG o.j.d.cassandra.CassandraTransaction - Created CassandraTransaction@782a4fff[read=QUORUM,write=QUORUM]
10:13:15.250 [main] DEBUG o.j.d.cassandra.CassandraTransaction - Created CassandraTransaction@46c670a6[read=QUORUM,write=QUORUM]
10:13:15.254 [main] INFO  o.j.diskstorage.log.kcvs.KCVSLog - Loaded unidentified ReadMarker start time 2018-01-19T18:13:15.254Z into org.janusgraph.diskstorage.log.kcvs.KCVSLog$MessagePuller@4940809c
10:13:15.274 [main] DEBUG o.j.diskstorage.log.kcvs.KCVSLog - Creating log read executor: initialDelay=100000000 delay=5000000000 unit=NANOSECONDS
10:13:15.279 [main] DEBUG o.j.g.database.StandardJanusGraph - Installed shutdown hook Thread[Thread-2,5,main]
java.lang.Throwable: Hook creation trace
	at org.janusgraph.graphdb.database.StandardJanusGraph.&lt;init&gt;(StandardJanusGraph.java:171) [janusgraph-core-0.2.0.jar:na]
	at org.janusgraph.core.JanusGraphFactory.open(JanusGraphFactory.java:164) [janusgraph-core-0.2.0.jar:na]
	at org.janusgraph.core.JanusGraphFactory.open(JanusGraphFactory.java:133) [janusgraph-core-0.2.0.jar:na]
	at org.janusgraph.core.JanusGraphFactory.open(JanusGraphFactory.java:113) [janusgraph-core-0.2.0.jar:na]
	at com.cms.til.graph.janus.JanusMultipleEdgesTest.openGraph(JanusMultipleEdgesTest.java:87) [test-classes/:na]
	at com.cms.til.graph.janus.JanusMultipleEdgesTest.createJanusGraphAndUpdateEdge(JanusMultipleEdgesTest.java:34) [test-classes/:na]
	at sun.reflect.NativeMethodAccessorImpl.invoke0(Native Method) ~[na:1.8.0_151]
	at sun.reflect.NativeMethodAccessorImpl.invoke(NativeMethodAccessorImpl.java:62) ~[na:1.8.0_151]
	at sun.reflect.DelegatingMethodAccessorImpl.invoke(DelegatingMethodAccessorImpl.java:43) ~[na:1.8.0_151]
	at java.lang.reflect.Method.invoke(Method.java:498) ~[na:1.8.0_151]
	at org.junit.runners.model.FrameworkMethod$1.runReflectiveCall(FrameworkMethod.java:50) [junit-4.12.jar:4.12]
	at org.junit.internal.runners.model.ReflectiveCallable.run(ReflectiveCallable.java:12) [junit-4.12.jar:4.12]
	at org.junit.runners.model.FrameworkMethod.invokeExplosively(FrameworkMethod.java:47) [junit-4.12.jar:4.12]
	at org.junit.internal.runners.statements.RunBefores.evaluate(RunBefores.java:24) [junit-4.12.jar:4.12]
	at org.springframework.test.context.junit4.statements.RunBeforeTestMethodCallbacks.evaluate(RunBeforeTestMethodCallbacks.java:75) [spring-test-4.2.4.RELEASE.jar:4.2.4.RELEASE]
	at org.junit.internal.runners.statements.RunAfters.evaluate(RunAfters.java:27) [junit-4.12.jar:4.12]
	at org.springframework.test.context.junit4.statements.RunAfterTestMethodCallbacks.evaluate(RunAfterTestMethodCallbacks.java:86) [spring-test-4.2.4.RELEASE.jar:4.2.4.RELEASE]
	at org.springframework.test.context.junit4.statements.SpringRepeat.evaluate(SpringRepeat.java:84) [spring-test-4.2.4.RELEASE.jar:4.2.4.RELEASE]
	at org.junit.runners.ParentRunner.runLeaf(ParentRunner.java:325) [junit-4.12.jar:4.12]
	at org.springframework.test.context.junit4.SpringJUnit4ClassRunner.runChild(SpringJUnit4ClassRunner.java:254) [spring-test-4.2.4.RELEASE.jar:4.2.4.RELEASE]
	at org.springframework.test.context.junit4.SpringJUnit4ClassRunner.runChild(SpringJUnit4ClassRunner.java:89) [spring-test-4.2.4.RELEASE.jar:4.2.4.RELEASE]
	at org.junit.runners.ParentRunner$3.run(ParentRunner.java:290) [junit-4.12.jar:4.12]
	at org.junit.runners.ParentRunner$1.schedule(ParentRunner.java:71) [junit-4.12.jar:4.12]
	at org.junit.runners.ParentRunner.runChildren(ParentRunner.java:288) [junit-4.12.jar:4.12]
	at org.junit.runners.ParentRunner.access$000(ParentRunner.java:58) [junit-4.12.jar:4.12]
	at org.junit.runners.ParentRunner$2.evaluate(ParentRunner.java:268) [junit-4.12.jar:4.12]
	at org.springframework.test.context.junit4.statements.RunBeforeTestClassCallbacks.evaluate(RunBeforeTestClassCallbacks.java:61) [spring-test-4.2.4.RELEASE.jar:4.2.4.RELEASE]
	at org.springframework.test.context.junit4.statements.RunAfterTestClassCallbacks.evaluate(RunAfterTestClassCallbacks.java:70) [spring-test-4.2.4.RELEASE.jar:4.2.4.RELEASE]
	at org.junit.runners.ParentRunner.run(ParentRunner.java:363) [junit-4.12.jar:4.12]
	at org.springframework.test.context.junit4.SpringJUnit4ClassRunner.run(SpringJUnit4ClassRunner.java:193) [spring-test-4.2.4.RELEASE.jar:4.2.4.RELEASE]
	at org.apache.maven.surefire.junit4.JUnit4Provider.execute(JUnit4Provider.java:252) [surefire-junit4-2.12.4.jar:2.12.4]
	at org.apache.maven.surefire.junit4.JUnit4Provider.executeTestSet(JUnit4Provider.java:141) [surefire-junit4-2.12.4.jar:2.12.4]
	at org.apache.maven.surefire.junit4.JUnit4Provider.invoke(JUnit4Provider.java:112) [surefire-junit4-2.12.4.jar:2.12.4]
	at sun.reflect.NativeMethodAccessorImpl.invoke0(Native Method) ~[na:1.8.0_151]
	at sun.reflect.NativeMethodAccessorImpl.invoke(NativeMethodAccessorImpl.java:62) ~[na:1.8.0_151]
	at sun.reflect.DelegatingMethodAccessorImpl.invoke(DelegatingMethodAccessorImpl.java:43) ~[na:1.8.0_151]
	at java.lang.reflect.Method.invoke(Method.java:498) ~[na:1.8.0_151]
	at org.apache.maven.surefire.util.ReflectionUtils.invokeMethodWithArray(ReflectionUtils.java:189) [surefire-api-2.12.4.jar:2.12.4]
	at org.apache.maven.surefire.booter.ProviderFactory$ProviderProxy.invoke(ProviderFactory.java:165) [surefire-booter-2.12.4.jar:2.12.4]
	at org.apache.maven.surefire.booter.ProviderFactory.invokeProvider(ProviderFactory.java:85) [surefire-booter-2.12.4.jar:2.12.4]
	at org.apache.maven.surefire.booter.ForkedBooter.runSuitesInProcess(ForkedBooter.java:115) [surefire-booter-2.12.4.jar:2.12.4]
	at org.apache.maven.surefire.booter.ForkedBooter.main(ForkedBooter.java:75) [surefire-booter-2.12.4.jar:2.12.4]
Staring creating properties and their indexes
10:13:15.310 [main] DEBUG o.j.g.t.StandardJanusGraphTx - Guava vertex cache size: requested=20000 effective=20000 (min=100)
10:13:15.310 [main] DEBUG o.j.g.t.vertexcache.GuavaVertexCache - Created dirty vertex map with initial size 32
10:13:15.311 [main] DEBUG o.j.g.t.vertexcache.GuavaVertexCache - Created vertex cache with max size 20000
10:13:15.312 [main] DEBUG o.j.d.cassandra.CassandraTransaction - Created CassandraTransaction@21ca139c[read=QUORUM,write=QUORUM]
10:13:15.312 [main] DEBUG o.j.d.cassandra.CassandraTransaction - Created CassandraTransaction@226f885f[read=QUORUM,write=QUORUM]
10:13:15.318 [main] DEBUG o.j.g.t.StandardJanusGraphTx - Guava vertex cache size: requested=20000 effective=20000 (min=100)
10:13:15.318 [main] DEBUG o.j.g.t.vertexcache.GuavaVertexCache - Created dirty vertex map with initial size 32
10:13:15.318 [main] DEBUG o.j.g.t.vertexcache.GuavaVertexCache - Created vertex cache with max size 20000
10:13:15.326 [main] DEBUG o.j.d.cassandra.CassandraTransaction - Created CassandraTransaction@62f87c44[read=QUORUM,write=QUORUM]
10:13:15.326 [main] DEBUG o.j.d.cassandra.CassandraTransaction - Created CassandraTransaction@48f5bde6[read=QUORUM,write=QUORUM]
10:13:15.371 [main] DEBUG o.j.g.d.idassigner.StandardIDPool - Starting id block renewal thread upon 0
10:13:15.374 [JanusGraphID(0)(4)[0]] DEBUG o.j.d.cassandra.CassandraTransaction - Created CassandraTransaction@6aec99ac[read=QUORUM,write=QUORUM]
10:13:15.375 [JanusGraphID(0)(4)[0]] DEBUG o.j.d.cassandra.CassandraTransaction - Created CassandraTransaction@4fc1e5da[read=QUORUM,write=QUORUM]
10:13:15.375 [pool-19-thread-1] DEBUG o.j.diskstorage.log.kcvs.KCVSLog - MessagePuller configured with ReadMarker timestamp slightly ahead of read lag time; waiting for the clock to catch up
10:13:15.711 [JanusGraphID(0)(4)[0]] DEBUG o.j.d.cassandra.CassandraTransaction - Created CassandraTransaction@5820fac9[read=QUORUM,write=QUORUM]
10:13:15.713 [JanusGraphID(0)(4)[0]] DEBUG o.j.d.i.ConsistentKeyIDAuthority - Acquired ID block [[1,51)/0:4] on partition(0)-namespace(4) (my rid is c0a8016135867-Chriss-MBP-21)
10:13:15.714 [JanusGraphID(0)(4)[0]] DEBUG o.j.g.d.idassigner.StandardIDPool - Retrieved ID block from authority on partition(0)-namespace(4), exec time 340.7 ms, exec+q time 341.0 ms
10:13:15.715 [main] DEBUG o.j.g.d.idassigner.StandardIDPool - ID partition(0)-namespace(4) acquired block: [[1,51)/0:4]
10:13:15.715 [main] DEBUG o.j.g.d.idassigner.StandardIDPool - Starting id block renewal thread upon 0
10:13:15.716 [JanusGraphID(0)(4)[0]] DEBUG o.j.d.cassandra.CassandraTransaction - Created CassandraTransaction@7f2a3174[read=QUORUM,write=QUORUM]
10:13:15.717 [JanusGraphID(0)(4)[0]] DEBUG o.j.d.cassandra.CassandraTransaction - Created CassandraTransaction@ef78d1f[read=QUORUM,write=QUORUM]
10:13:15.733 [main] DEBUG o.j.g.d.idassigner.StandardIDPool - Starting id block renewal thread upon 0
10:13:16.055 [JanusGraphID(0)(4)[0]] DEBUG o.j.d.cassandra.CassandraTransaction - Created CassandraTransaction@2a091382[read=QUORUM,write=QUORUM]
10:13:16.056 [JanusGraphID(0)(4)[0]] DEBUG o.j.d.i.ConsistentKeyIDAuthority - Acquired ID block [[51,101)/0:4] on partition(0)-namespace(4) (my rid is c0a8016135867-Chriss-MBP-21)
10:13:16.057 [JanusGraphID(0)(4)[0]] DEBUG o.j.g.d.idassigner.StandardIDPool - Retrieved ID block from authority on partition(0)-namespace(4), exec time 341.1 ms, exec+q time 341.2 ms
10:13:16.057 [JanusGraphID(0)(3)[0]] DEBUG o.j.d.cassandra.CassandraTransaction - Created CassandraTransaction@57ef69f[read=QUORUM,write=QUORUM]
10:13:16.059 [JanusGraphID(0)(3)[0]] DEBUG o.j.d.cassandra.CassandraTransaction - Created CassandraTransaction@bb90840[read=QUORUM,write=QUORUM]
10:13:16.391 [JanusGraphID(0)(3)[0]] DEBUG o.j.d.cassandra.CassandraTransaction - Created CassandraTransaction@f869def[read=QUORUM,write=QUORUM]
10:13:16.393 [JanusGraphID(0)(3)[0]] DEBUG o.j.d.i.ConsistentKeyIDAuthority - Acquired ID block [[1,80001)/0:4] on partition(0)-namespace(3) (my rid is c0a8016135867-Chriss-MBP-21)
10:13:16.393 [JanusGraphID(0)(3)[0]] DEBUG o.j.g.d.idassigner.StandardIDPool - Retrieved ID block from authority on partition(0)-namespace(3), exec time 659.7 ms, exec+q time 660.0 ms
10:13:16.394 [main] DEBUG o.j.g.d.idassigner.StandardIDPool - ID partition(0)-namespace(3) acquired block: [[1,80001)/0:4]
10:13:16.403 [main] DEBUG o.j.g.t.StandardJanusGraphTx - Guava vertex cache size: requested=20000 effective=20000 (min=100)
10:13:16.403 [main] DEBUG o.j.g.t.vertexcache.GuavaVertexCache - Created dirty vertex map with initial size 32
10:13:16.403 [main] DEBUG o.j.g.t.vertexcache.GuavaVertexCache - Created vertex cache with max size 20000
10:13:16.404 [main] DEBUG o.j.d.cassandra.CassandraTransaction - Created CassandraTransaction@3a45c42a[read=QUORUM,write=QUORUM]
10:13:16.404 [main] DEBUG o.j.d.cassandra.CassandraTransaction - Created CassandraTransaction@36dce7ed[read=QUORUM,write=QUORUM]
10:13:16.419 [main] DEBUG o.j.g.t.StandardJanusGraphTx - Guava vertex cache size: requested=20000 effective=20000 (min=100)
10:13:16.419 [main] DEBUG o.j.g.t.vertexcache.GuavaVertexCache - Created dirty vertex map with initial size 32
10:13:16.419 [main] DEBUG o.j.g.t.vertexcache.GuavaVertexCache - Created vertex cache with max size 20000
10:13:16.419 [main] DEBUG o.j.d.cassandra.CassandraTransaction - Created CassandraTransaction@49ef32e0[read=QUORUM,write=QUORUM]
10:13:16.419 [main] DEBUG o.j.d.cassandra.CassandraTransaction - Created CassandraTransaction@271f18d3[read=QUORUM,write=QUORUM]
10:13:16.424 [main] DEBUG o.j.g.t.StandardJanusGraphTx - Guava vertex cache size: requested=20000 effective=20000 (min=100)
10:13:16.424 [main] DEBUG o.j.g.t.vertexcache.GuavaVertexCache - Created dirty vertex map with initial size 32
10:13:16.424 [main] DEBUG o.j.g.t.vertexcache.GuavaVertexCache - Created vertex cache with max size 20000
10:13:16.425 [main] DEBUG o.j.d.cassandra.CassandraTransaction - Created CassandraTransaction@61e3a1fd[read=QUORUM,write=QUORUM]
10:13:16.425 [main] DEBUG o.j.d.cassandra.CassandraTransaction - Created CassandraTransaction@51abf713[read=QUORUM,write=QUORUM]
10:13:16.429 [main] DEBUG o.j.g.t.StandardJanusGraphTx - Guava vertex cache size: requested=20000 effective=20000 (min=100)
10:13:16.429 [main] DEBUG o.j.g.t.vertexcache.GuavaVertexCache - Created dirty vertex map with initial size 32
10:13:16.429 [main] DEBUG o.j.g.t.vertexcache.GuavaVertexCache - Created vertex cache with max size 20000
10:13:16.429 [main] DEBUG o.j.d.cassandra.CassandraTransaction - Created CassandraTransaction@4d4d48a6[read=QUORUM,write=QUORUM]
10:13:16.429 [main] DEBUG o.j.d.cassandra.CassandraTransaction - Created CassandraTransaction@315df4bb[read=QUORUM,write=QUORUM]
10:13:16.433 [main] DEBUG o.j.g.t.StandardJanusGraphTx - Guava vertex cache size: requested=20000 effective=20000 (min=100)
10:13:16.433 [main] DEBUG o.j.g.t.vertexcache.GuavaVertexCache - Created dirty vertex map with initial size 32
10:13:16.433 [main] DEBUG o.j.g.t.vertexcache.GuavaVertexCache - Created vertex cache with max size 20000
10:13:16.433 [main] DEBUG o.j.d.cassandra.CassandraTransaction - Created CassandraTransaction@5cad8b7d[read=QUORUM,write=QUORUM]
10:13:16.433 [main] DEBUG o.j.d.cassandra.CassandraTransaction - Created CassandraTransaction@7b02e036[read=QUORUM,write=QUORUM]
10:13:16.437 [main] DEBUG o.j.g.t.StandardJanusGraphTx - Guava vertex cache size: requested=20000 effective=20000 (min=100)
10:13:16.437 [main] DEBUG o.j.g.t.vertexcache.GuavaVertexCache - Created dirty vertex map with initial size 32
10:13:16.437 [main] DEBUG o.j.g.t.vertexcache.GuavaVertexCache - Created vertex cache with max size 20000
10:13:16.437 [main] DEBUG o.j.d.cassandra.CassandraTransaction - Created CassandraTransaction@1e287667[read=QUORUM,write=QUORUM]
10:13:16.437 [main] DEBUG o.j.d.cassandra.CassandraTransaction - Created CassandraTransaction@2e6ee0bc[read=QUORUM,write=QUORUM]
10:13:16.441 [main] DEBUG o.j.g.t.StandardJanusGraphTx - Guava vertex cache size: requested=20000 effective=20000 (min=100)
10:13:16.441 [main] DEBUG o.j.g.t.vertexcache.GuavaVertexCache - Created dirty vertex map with initial size 32
10:13:16.441 [main] DEBUG o.j.g.t.vertexcache.GuavaVertexCache - Created vertex cache with max size 20000
10:13:16.441 [main] DEBUG o.j.d.cassandra.CassandraTransaction - Created CassandraTransaction@1bb9aa43[read=QUORUM,write=QUORUM]
10:13:16.441 [main] DEBUG o.j.d.cassandra.CassandraTransaction - Created CassandraTransaction@420bc288[read=QUORUM,write=QUORUM]
10:13:16.445 [main] DEBUG o.j.g.t.StandardJanusGraphTx - Guava vertex cache size: requested=20000 effective=20000 (min=100)
10:13:16.446 [main] DEBUG o.j.g.t.vertexcache.GuavaVertexCache - Created dirty vertex map with initial size 32
10:13:16.446 [main] DEBUG o.j.g.t.vertexcache.GuavaVertexCache - Created vertex cache with max size 20000
10:13:16.446 [main] DEBUG o.j.d.cassandra.CassandraTransaction - Created CassandraTransaction@308a6984[read=QUORUM,write=QUORUM]
10:13:16.446 [main] DEBUG o.j.d.cassandra.CassandraTransaction - Created CassandraTransaction@66b72664[read=QUORUM,write=QUORUM]
10:13:16.449 [main] DEBUG o.j.g.t.StandardJanusGraphTx - Guava vertex cache size: requested=20000 effective=20000 (min=100)
10:13:16.449 [main] DEBUG o.j.g.t.vertexcache.GuavaVertexCache - Created dirty vertex map with initial size 32
10:13:16.449 [main] DEBUG o.j.g.t.vertexcache.GuavaVertexCache - Created vertex cache with max size 20000
10:13:16.450 [main] DEBUG o.j.d.cassandra.CassandraTransaction - Created CassandraTransaction@58cd06cb[read=QUORUM,write=QUORUM]
10:13:16.450 [main] DEBUG o.j.d.cassandra.CassandraTransaction - Created CassandraTransaction@3be8821f[read=QUORUM,write=QUORUM]
10:13:16.454 [main] DEBUG o.j.g.t.StandardJanusGraphTx - Guava vertex cache size: requested=20000 effective=20000 (min=100)
10:13:16.454 [main] DEBUG o.j.g.t.vertexcache.GuavaVertexCache - Created dirty vertex map with initial size 32
10:13:16.454 [main] DEBUG o.j.g.t.vertexcache.GuavaVertexCache - Created vertex cache with max size 20000
10:13:16.454 [main] DEBUG o.j.d.cassandra.CassandraTransaction - Created CassandraTransaction@3b65e559[read=QUORUM,write=QUORUM]
10:13:16.454 [main] DEBUG o.j.d.cassandra.CassandraTransaction - Created CassandraTransaction@bae47a0[read=QUORUM,write=QUORUM]
10:13:16.458 [main] DEBUG o.j.g.t.StandardJanusGraphTx - Guava vertex cache size: requested=20000 effective=20000 (min=100)
10:13:16.459 [main] DEBUG o.j.g.t.vertexcache.GuavaVertexCache - Created dirty vertex map with initial size 32
10:13:16.459 [main] DEBUG o.j.g.t.vertexcache.GuavaVertexCache - Created vertex cache with max size 20000
10:13:16.459 [main] DEBUG o.j.d.cassandra.CassandraTransaction - Created CassandraTransaction@85ec632[read=QUORUM,write=QUORUM]
10:13:16.459 [main] DEBUG o.j.d.cassandra.CassandraTransaction - Created CassandraTransaction@1c05a54d[read=QUORUM,write=QUORUM]
10:13:16.463 [main] DEBUG o.j.g.t.StandardJanusGraphTx - Guava vertex cache size: requested=20000 effective=20000 (min=100)
10:13:16.463 [main] DEBUG o.j.g.t.vertexcache.GuavaVertexCache - Created dirty vertex map with initial size 32
10:13:16.463 [main] DEBUG o.j.g.t.vertexcache.GuavaVertexCache - Created vertex cache with max size 20000
10:13:16.463 [main] DEBUG o.j.d.cassandra.CassandraTransaction - Created CassandraTransaction@5fd9b663[read=QUORUM,write=QUORUM]
10:13:16.463 [main] DEBUG o.j.d.cassandra.CassandraTransaction - Created CassandraTransaction@214894fc[read=QUORUM,write=QUORUM]
10:13:16.480 [main] DEBUG o.j.g.database.StandardJanusGraph - Saving transaction. Added 160, removed 0
10:13:16.488 [main] DEBUG o.j.d.cassandra.CassandraTransaction - Created CassandraTransaction@4e7095ac[read=QUORUM,write=QUORUM]
10:13:16.488 [main] DEBUG o.j.d.cassandra.CassandraTransaction - Created CassandraTransaction@251ebf23[read=QUORUM,write=QUORUM]
10:13:16.495 [main] DEBUG o.j.d.l.c.ExpectedValueCheckingStore - Attempting to acquireLock on KeyColumn [k=0x 16-165-160-114-116- 30- 99-109-115-116-121-112-229, c=0x  0] ev=null
10:13:16.497 [main] DEBUG o.j.d.cassandra.CassandraTransaction - Created CassandraTransaction@71b1a49c[read=QUORUM,write=QUORUM]
10:13:16.499 [main] DEBUG o.j.d.l.c.ExpectedValueCheckingTransaction - Store expected value for KeyColumn [k=0x 16-165-160-114-116- 30- 99-109-115-116-121-112-229, c=0x  0]: null
10:13:16.499 [main] DEBUG o.j.d.l.c.ExpectedValueCheckingStore - Attempting to acquireLock on KeyColumn [k=0x 16-165-160-114-116- 30-109-115-105-228, c=0x  0] ev=null
10:13:16.499 [main] DEBUG o.j.d.cassandra.CassandraTransaction - Created CassandraTransaction@9fecdf1[read=QUORUM,write=QUORUM]
10:13:16.501 [main] DEBUG o.j.d.l.c.ExpectedValueCheckingTransaction - Store expected value for KeyColumn [k=0x 16-165-160-114-116- 30-109-115-105-228, c=0x  0]: null
10:13:16.501 [main] DEBUG o.j.d.l.c.ExpectedValueCheckingStore - Attempting to acquireLock on KeyColumn [k=0x 16-165-160-114-116- 30-116-121-112-229, c=0x  0] ev=null
10:13:16.501 [main] DEBUG o.j.d.cassandra.CassandraTransaction - Created CassandraTransaction@3b809711[read=QUORUM,write=QUORUM]
10:13:16.502 [main] DEBUG o.j.d.l.c.ExpectedValueCheckingTransaction - Store expected value for KeyColumn [k=0x 16-165-160-114-116- 30-116-121-112-229, c=0x  0]: null
10:13:16.503 [main] DEBUG o.j.d.l.c.ExpectedValueCheckingStore - Attempting to acquireLock on KeyColumn [k=0x 16-165-160-114-116- 30- 99-114-101- 97-116-101-100- 97-244, c=0x  0] ev=null
10:13:16.503 [main] DEBUG o.j.d.cassandra.CassandraTransaction - Created CassandraTransaction@3b0f7d9d[read=QUORUM,write=QUORUM]
10:13:16.504 [main] DEBUG o.j.d.l.c.ExpectedValueCheckingTransaction - Store expected value for KeyColumn [k=0x 16-165-160-114-116- 30- 99-114-101- 97-116-101-100- 97-244, c=0x  0]: null
10:13:16.504 [main] DEBUG o.j.d.l.c.ExpectedValueCheckingStore - Attempting to acquireLock on KeyColumn [k=0x 16-165-160-114-116- 30-109-115-110- 97-109-229, c=0x  0] ev=null
10:13:16.504 [main] DEBUG o.j.d.cassandra.CassandraTransaction - Created CassandraTransaction@236ab296[read=QUORUM,write=QUORUM]
10:13:16.505 [main] DEBUG o.j.d.l.c.ExpectedValueCheckingTransaction - Store expected value for KeyColumn [k=0x 16-165-160-114-116- 30-109-115-110- 97-109-229, c=0x  0]: null
10:13:16.505 [main] DEBUG o.j.d.l.c.ExpectedValueCheckingStore - Attempting to acquireLock on KeyColumn [k=0x 16-165-160-114-116- 30-104-111-115-116-105-100- 95-229, c=0x  0] ev=null
10:13:16.505 [main] DEBUG o.j.d.cassandra.CassandraTransaction - Created CassandraTransaction@5c84624f[read=QUORUM,write=QUORUM]
10:13:16.507 [main] DEBUG o.j.d.l.c.ExpectedValueCheckingTransaction - Store expected value for KeyColumn [k=0x 16-165-160-114-116- 30-104-111-115-116-105-100- 95-229, c=0x  0]: null
10:13:16.507 [main] DEBUG o.j.d.l.c.ExpectedValueCheckingStore - Attempting to acquireLock on KeyColumn [k=0x 16-165-160-114-116- 30- 99-114-101- 97-116-101-100- 97-116- 95-229, c=0x  0] ev=null
10:13:16.507 [main] DEBUG o.j.d.cassandra.CassandraTransaction - Created CassandraTransaction@63034ed1[read=QUORUM,write=QUORUM]
10:13:16.508 [main] DEBUG o.j.d.l.c.ExpectedValueCheckingTransaction - Store expected value for KeyColumn [k=0x 16-165-160-114-116- 30- 99-114-101- 97-116-101-100- 97-116- 95-229, c=0x  0]: null
10:13:16.508 [main] DEBUG o.j.d.l.c.ExpectedValueCheckingStore - Attempting to acquireLock on KeyColumn [k=0x 16-165-160-114-116- 30- 99-109-115-116-121-112-101- 95-229, c=0x  0] ev=null
10:13:16.508 [main] DEBUG o.j.d.cassandra.CassandraTransaction - Created CassandraTransaction@232024b9[read=QUORUM,write=QUORUM]
10:13:16.509 [main] DEBUG o.j.d.l.c.ExpectedValueCheckingTransaction - Store expected value for KeyColumn [k=0x 16-165-160-114-116- 30- 99-109-115-116-121-112-101- 95-229, c=0x  0]: null
10:13:16.509 [main] DEBUG o.j.d.l.c.ExpectedValueCheckingStore - Attempting to acquireLock on KeyColumn [k=0x 16-165-160-114-116- 30-115-116- 97-116-117-115- 95-229, c=0x  0] ev=null
10:13:16.510 [main] DEBUG o.j.d.cassandra.CassandraTransaction - Created CassandraTransaction@55a8dc49[read=QUORUM,write=QUORUM]
10:13:16.511 [main] DEBUG o.j.d.l.c.ExpectedValueCheckingTransaction - Store expected value for KeyColumn [k=0x 16-165-160-114-116- 30-115-116- 97-116-117-115- 95-229, c=0x  0]: null
10:13:16.511 [main] DEBUG o.j.d.l.c.ExpectedValueCheckingStore - Attempting to acquireLock on KeyColumn [k=0x 16-165-160-114-116- 30-104-110- 97-109-229, c=0x  0] ev=null
10:13:16.511 [main] DEBUG o.j.d.cassandra.CassandraTransaction - Created CassandraTransaction@2a415aa9[read=QUORUM,write=QUORUM]
10:13:16.512 [main] DEBUG o.j.d.l.c.ExpectedValueCheckingTransaction - Store expected value for KeyColumn [k=0x 16-165-160-114-116- 30-104-110- 97-109-229, c=0x  0]: null
10:13:16.512 [main] DEBUG o.j.d.l.c.ExpectedValueCheckingStore - Attempting to acquireLock on KeyColumn [k=0x 16-165-160-114-116- 30-104-114- 97-110-235, c=0x  0] ev=null
10:13:16.512 [main] DEBUG o.j.d.cassandra.CassandraTransaction - Created CassandraTransaction@53cdecf6[read=QUORUM,write=QUORUM]
10:13:16.513 [main] DEBUG o.j.d.l.c.ExpectedValueCheckingTransaction - Store expected value for KeyColumn [k=0x 16-165-160-114-116- 30-104-114- 97-110-235, c=0x  0]: null
10:13:16.514 [main] DEBUG o.j.d.l.c.ExpectedValueCheckingStore - Attempting to acquireLock on KeyColumn [k=0x 16-165-160-103-105- 30- 98-121-109-115-105-228, c=0x  0] ev=null
10:13:16.514 [main] DEBUG o.j.d.cassandra.CassandraTransaction - Created CassandraTransaction@71ea1fda[read=QUORUM,write=QUORUM]
10:13:16.515 [main] DEBUG o.j.d.l.c.ExpectedValueCheckingTransaction - Store expected value for KeyColumn [k=0x 16-165-160-103-105- 30- 98-121-109-115-105-228, c=0x  0]: null
10:13:16.515 [main] DEBUG o.j.d.l.c.ExpectedValueCheckingStore - Attempting to acquireLock on KeyColumn [k=0x 16-165-160-114-116- 30-104-105-101- 95- 99-104-105-108-228, c=0x  0] ev=null
10:13:16.515 [main] DEBUG o.j.d.cassandra.CassandraTransaction - Created CassandraTransaction@62b3df3a[read=QUORUM,write=QUORUM]
10:13:16.517 [main] DEBUG o.j.d.l.c.ExpectedValueCheckingTransaction - Store expected value for KeyColumn [k=0x 16-165-160-114-116- 30-104-105-101- 95- 99-104-105-108-228, c=0x  0]: null
10:13:16.517 [main] DEBUG o.j.d.l.c.ExpectedValueCheckingStore - Attempting to acquireLock on KeyColumn [k=0x 16-165-160-114-116- 30- 56- 50- 49- 51- 58- 84-101-115-116- 69-100-103-101- 73-110-100-101-248, c=0x  0] ev=null
10:13:16.517 [main] DEBUG o.j.d.cassandra.CassandraTransaction - Created CassandraTransaction@420745d7[read=QUORUM,write=QUORUM]
10:13:16.518 [main] DEBUG o.j.d.l.c.ExpectedValueCheckingTransaction - Store expected value for KeyColumn [k=0x 16-165-160-114-116- 30- 56- 50- 49- 51- 58- 84-101-115-116- 69-100-103-101- 73-110-100-101-248, c=0x  0]: null
10:13:16.606 [main] DEBUG o.j.d.l.c.ConsistentKeyLocker - Checked lock KeyColumn [k=0x 16-165-160-114-116- 30-109-115-105-228, c=0x  0]
10:13:16.610 [main] DEBUG o.j.d.l.c.ConsistentKeyLocker - Checked lock KeyColumn [k=0x 16-165-160-114-116- 30- 99-109-115-116-121-112-101- 95-229, c=0x  0]
10:13:16.611 [main] DEBUG o.j.d.l.c.ConsistentKeyLocker - Checked lock KeyColumn [k=0x 16-165-160-114-116- 30- 99-114-101- 97-116-101-100- 97-116- 95-229, c=0x  0]
10:13:16.616 [main] DEBUG o.j.d.l.c.ConsistentKeyLocker - Checked lock KeyColumn [k=0x 16-165-160-103-105- 30- 98-121-109-115-105-228, c=0x  0]
10:13:16.620 [main] DEBUG o.j.d.l.c.ConsistentKeyLocker - Checked lock KeyColumn [k=0x 16-165-160-114-116- 30- 56- 50- 49- 51- 58- 84-101-115-116- 69-100-103-101- 73-110-100-101-248, c=0x  0]
10:13:16.620 [main] DEBUG o.j.d.l.c.ConsistentKeyLocker - Checked lock KeyColumn [k=0x 16-165-160-114-116- 30- 99-109-115-116-121-112-229, c=0x  0]
10:13:16.621 [main] DEBUG o.j.d.l.c.ConsistentKeyLocker - Checked lock KeyColumn [k=0x 16-165-160-114-116- 30- 99-114-101- 97-116-101-100- 97-244, c=0x  0]
10:13:16.622 [main] DEBUG o.j.d.l.c.ConsistentKeyLocker - Checked lock KeyColumn [k=0x 16-165-160-114-116- 30-104-110- 97-109-229, c=0x  0]
10:13:16.623 [main] DEBUG o.j.d.l.c.ConsistentKeyLocker - Checked lock KeyColumn [k=0x 16-165-160-114-116- 30-104-114- 97-110-235, c=0x  0]
10:13:16.624 [main] DEBUG o.j.d.l.c.ConsistentKeyLocker - Checked lock KeyColumn [k=0x 16-165-160-114-116- 30-104-105-101- 95- 99-104-105-108-228, c=0x  0]
10:13:16.625 [main] DEBUG o.j.d.l.c.ConsistentKeyLocker - Checked lock KeyColumn [k=0x 16-165-160-114-116- 30-116-121-112-229, c=0x  0]
10:13:16.627 [main] DEBUG o.j.d.l.c.ConsistentKeyLocker - Checked lock KeyColumn [k=0x 16-165-160-114-116- 30-115-116- 97-116-117-115- 95-229, c=0x  0]
10:13:16.627 [main] DEBUG o.j.d.l.c.ConsistentKeyLocker - Checked lock KeyColumn [k=0x 16-165-160-114-116- 30-109-115-110- 97-109-229, c=0x  0]
10:13:16.628 [main] DEBUG o.j.d.l.c.ConsistentKeyLocker - Checked lock KeyColumn [k=0x 16-165-160-114-116- 30-104-111-115-116-105-100- 95-229, c=0x  0]
10:13:16.636 [main] DEBUG o.j.d.l.c.ExpectedValueCheckingStoreManager - Transaction org.janusgraph.diskstorage.locking.consistentkey.ExpectedValueCheckingTransaction@56bc3fac holds one or more locks: writing using consistent transaction CassandraTransaction@251ebf23[read=QUORUM,write=QUORUM] due to held locks
10:13:16.649 [main] DEBUG o.j.d.cassandra.CassandraTransaction - Created CassandraTransaction@df4b72[read=QUORUM,write=QUORUM]
10:13:16.662 [main] DEBUG o.j.d.cassandra.CassandraTransaction - Created CassandraTransaction@73386d72[read=QUORUM,write=QUORUM]
10:13:16.663 [main] DEBUG o.j.d.cassandra.CassandraTransaction - Created CassandraTransaction@6f330eb9[read=QUORUM,write=QUORUM]
10:13:16.664 [main] DEBUG o.j.d.cassandra.CassandraTransaction - Created CassandraTransaction@125c082e[read=QUORUM,write=QUORUM]
10:13:16.666 [main] DEBUG o.j.d.cassandra.CassandraTransaction - Created CassandraTransaction@584f5497[read=QUORUM,write=QUORUM]
10:13:16.668 [main] DEBUG o.j.d.cassandra.CassandraTransaction - Created CassandraTransaction@68ace111[read=QUORUM,write=QUORUM]
10:13:16.669 [main] DEBUG o.j.d.cassandra.CassandraTransaction - Created CassandraTransaction@1f9d6c7b[read=QUORUM,write=QUORUM]
10:13:16.670 [main] DEBUG o.j.d.cassandra.CassandraTransaction - Created CassandraTransaction@6df20ade[read=QUORUM,write=QUORUM]
10:13:16.671 [main] DEBUG o.j.d.cassandra.CassandraTransaction - Created CassandraTransaction@4fbb001b[read=QUORUM,write=QUORUM]
10:13:16.673 [main] DEBUG o.j.d.cassandra.CassandraTransaction - Created CassandraTransaction@4010d494[read=QUORUM,write=QUORUM]
10:13:16.674 [main] DEBUG o.j.d.cassandra.CassandraTransaction - Created CassandraTransaction@341a8659[read=QUORUM,write=QUORUM]
10:13:16.675 [main] DEBUG o.j.d.cassandra.CassandraTransaction - Created CassandraTransaction@4943defe[read=QUORUM,write=QUORUM]
10:13:16.676 [main] DEBUG o.j.d.cassandra.CassandraTransaction - Created CassandraTransaction@5eefa415[read=QUORUM,write=QUORUM]
10:13:16.677 [main] DEBUG o.j.d.cassandra.CassandraTransaction - Created CassandraTransaction@181d7f28[read=QUORUM,write=QUORUM]
10:13:16.679 [main] DEBUG o.j.d.cassandra.CassandraTransaction - Created CassandraTransaction@cda4919[read=QUORUM,write=QUORUM]
10:13:16.679 [main] DEBUG o.j.d.cassandra.CassandraTransaction - Created CassandraTransaction@7f4d9395[read=QUORUM,write=QUORUM]
10:13:16.681 [main] DEBUG o.j.g.d.management.ManagementSystem - Open instances: [c0a8016135867-Chriss-MBP-21]
10:13:16.685 [main] DEBUG o.j.d.cassandra.CassandraTransaction - Created CassandraTransaction@2a3a299[read=QUORUM,write=QUORUM]
10:13:16.685 [main] DEBUG o.j.diskstorage.log.kcvs.KCVSLog - Preparing to write MessageEnvelope[message=FutureMessage[Message@2018-01-19T18:13:16.682Z:c0a8016135867-Chriss-MBP-21=128-129-129-  4-137],key=  0-  0-  0-  0-  0-  0-  0-  0-  0-231- 97-207,entry=  0-  5- 99- 37-  8-213- 47- 16-160- 99- 48- 97- 56- 48- 49- 54- 49- 51- 53- 56- 54- 55- 45- 67-104-114-105-115-115- 45- 77- 66- 80- 45- 50-177-  0-  0-  0-  0-  0-  0-  0-  1-&gt;128-129-129-  4-137] to storage with column/timestamp 2018-01-19T18:13:16.682Z
10:13:16.686 [main] DEBUG o.j.diskstorage.log.kcvs.KCVSLog - Built mutation on key   0-  0-  0-  0-  0-  0-  0-  0-  0-231- 97-207 with 1 additions
10:13:16.687 [main] DEBUG o.j.diskstorage.log.kcvs.KCVSLog - Wrote 1 total envelopes with operation timestamp 2018-01-19T18:13:16.685Z
10:13:16.687 [main] DEBUG o.j.diskstorage.log.kcvs.KCVSLog - Wrote 1 messages to backend
Staring creating Nodes and their edges
BEGIN createNodesAndEdges
10:13:16.690 [main] DEBUG o.j.g.t.StandardJanusGraphTx - Guava vertex cache size: requested=20000 effective=20000 (min=100)
10:13:16.690 [main] DEBUG o.j.g.t.vertexcache.GuavaVertexCache - Created dirty vertex map with initial size 32
10:13:16.690 [main] DEBUG o.j.g.t.vertexcache.GuavaVertexCache - Created vertex cache with max size 20000
10:13:16.690 [main] DEBUG o.j.d.cassandra.CassandraTransaction - Created CassandraTransaction@62d0ac62[read=QUORUM,write=QUORUM]
10:13:16.690 [main] DEBUG o.j.d.cassandra.CassandraTransaction - Created CassandraTransaction@150d80c4[read=QUORUM,write=QUORUM]
10:13:16.691 [main] DEBUG o.j.g.t.StandardJanusGraphTx - Guava vertex cache size: requested=20000 effective=20000 (min=100)
10:13:16.691 [main] DEBUG o.j.g.t.vertexcache.GuavaVertexCache - Created dirty vertex map with initial size 32
10:13:16.691 [main] DEBUG o.j.g.t.vertexcache.GuavaVertexCache - Created vertex cache with max size 20000
10:13:16.691 [main] DEBUG o.j.d.cassandra.CassandraTransaction - Created CassandraTransaction@1e7f2e0f[read=QUORUM,write=QUORUM]
10:13:16.691 [main] DEBUG o.j.d.cassandra.CassandraTransaction - Created CassandraTransaction@1da6ee17[read=QUORUM,write=QUORUM]
10:13:16.691 [main] DEBUG o.j.g.t.JanusGraphBlueprintsGraph - Created new thread-bound transaction standardjanusgraphtx[0x78d39a69]
10:13:16.697 [main] DEBUG o.j.g.d.idassigner.StandardIDPool - Starting id block renewal thread upon 0
10:13:16.698 [JanusGraphID(24)(0)[0]] DEBUG o.j.d.cassandra.CassandraTransaction - Created CassandraTransaction@4530aaf2[read=QUORUM,write=QUORUM]
10:13:16.698 [JanusGraphID(24)(0)[0]] DEBUG o.j.d.cassandra.CassandraTransaction - Created CassandraTransaction@4bf74c24[read=QUORUM,write=QUORUM]
10:13:17.033 [JanusGraphID(24)(0)[0]] DEBUG o.j.d.cassandra.CassandraTransaction - Created CassandraTransaction@4fc8c182[read=QUORUM,write=QUORUM]
10:13:17.035 [JanusGraphID(24)(0)[0]] DEBUG o.j.d.i.ConsistentKeyIDAuthority - Acquired ID block [[1,10001)/0:4] on partition(24)-namespace(0) (my rid is c0a8016135867-Chriss-MBP-21)
10:13:17.035 [JanusGraphID(24)(0)[0]] DEBUG o.j.g.d.idassigner.StandardIDPool - Retrieved ID block from authority on partition(24)-namespace(0), exec time 337.9 ms, exec+q time 338.1 ms
10:13:17.036 [main] DEBUG o.j.g.d.idassigner.StandardIDPool - ID partition(24)-namespace(0) acquired block: [[1,10001)/0:4]
10:13:17.036 [main] DEBUG o.j.g.d.idassigner.StandardIDPool - Starting id block renewal thread upon 0
10:13:17.037 [JanusGraphID(24)(3)[0]] DEBUG o.j.d.cassandra.CassandraTransaction - Created CassandraTransaction@2255efe5[read=QUORUM,write=QUORUM]
10:13:17.038 [JanusGraphID(24)(3)[0]] DEBUG o.j.d.cassandra.CassandraTransaction - Created CassandraTransaction@2c9215df[read=QUORUM,write=QUORUM]
10:13:17.372 [JanusGraphID(24)(3)[0]] DEBUG o.j.d.cassandra.CassandraTransaction - Created CassandraTransaction@28ad8495[read=QUORUM,write=QUORUM]
10:13:17.374 [JanusGraphID(24)(3)[0]] DEBUG o.j.d.i.ConsistentKeyIDAuthority - Acquired ID block [[1,80001)/0:4] on partition(24)-namespace(3) (my rid is c0a8016135867-Chriss-MBP-21)
10:13:17.374 [JanusGraphID(24)(3)[0]] DEBUG o.j.g.d.idassigner.StandardIDPool - Retrieved ID block from authority on partition(24)-namespace(3), exec time 337.2 ms, exec+q time 337.7 ms
10:13:17.374 [main] DEBUG o.j.g.d.idassigner.StandardIDPool - ID partition(24)-namespace(3) acquired block: [[1,80001)/0:4]
10:13:17.376 [main] DEBUG o.j.g.t.StandardJanusGraphTx - Guava vertex cache size: requested=20000 effective=20000 (min=100)
10:13:17.376 [main] DEBUG o.j.g.t.vertexcache.GuavaVertexCache - Created dirty vertex map with initial size 32
10:13:17.376 [main] DEBUG o.j.g.t.vertexcache.GuavaVertexCache - Created vertex cache with max size 20000
10:13:17.377 [main] DEBUG o.j.d.cassandra.CassandraTransaction - Created CassandraTransaction@7f34a967[read=QUORUM,write=QUORUM]
10:13:17.377 [main] DEBUG o.j.d.cassandra.CassandraTransaction - Created CassandraTransaction@77e80a5e[read=QUORUM,write=QUORUM]
10:13:17.384 [main] DEBUG o.j.g.t.StandardJanusGraphTx - Guava vertex cache size: requested=20000 effective=20000 (min=100)
10:13:17.384 [main] DEBUG o.j.g.t.vertexcache.GuavaVertexCache - Created dirty vertex map with initial size 32
10:13:17.384 [main] DEBUG o.j.g.t.vertexcache.GuavaVertexCache - Created vertex cache with max size 20000
10:13:17.384 [main] DEBUG o.j.d.cassandra.CassandraTransaction - Created CassandraTransaction@6c000e0c[read=QUORUM,write=QUORUM]
10:13:17.384 [main] DEBUG o.j.d.cassandra.CassandraTransaction - Created CassandraTransaction@5f233b26[read=QUORUM,write=QUORUM]
10:13:17.391 [main] DEBUG o.j.g.t.StandardJanusGraphTx - Guava vertex cache size: requested=20000 effective=20000 (min=100)
10:13:17.391 [main] DEBUG o.j.g.t.vertexcache.GuavaVertexCache - Created dirty vertex map with initial size 32
10:13:17.391 [main] DEBUG o.j.g.t.vertexcache.GuavaVertexCache - Created vertex cache with max size 20000
10:13:17.391 [main] DEBUG o.j.d.cassandra.CassandraTransaction - Created CassandraTransaction@47dd778[read=QUORUM,write=QUORUM]
10:13:17.391 [main] DEBUG o.j.d.cassandra.CassandraTransaction - Created CassandraTransaction@15515c51[read=QUORUM,write=QUORUM]
10:13:17.392 [main] DEBUG o.j.g.t.StandardJanusGraphTx - Guava vertex cache size: requested=20000 effective=20000 (min=100)
10:13:17.392 [main] DEBUG o.j.g.t.vertexcache.GuavaVertexCache - Created dirty vertex map with initial size 32
10:13:17.392 [main] DEBUG o.j.g.t.vertexcache.GuavaVertexCache - Created vertex cache with max size 20000
10:13:17.392 [main] DEBUG o.j.d.cassandra.CassandraTransaction - Created CassandraTransaction@64a896b0[read=QUORUM,write=QUORUM]
10:13:17.392 [main] DEBUG o.j.d.cassandra.CassandraTransaction - Created CassandraTransaction@e044b4a[read=QUORUM,write=QUORUM]
10:13:17.394 [main] DEBUG o.j.g.t.StandardJanusGraphTx - Guava vertex cache size: requested=20000 effective=20000 (min=100)
10:13:17.394 [main] DEBUG o.j.g.t.vertexcache.GuavaVertexCache - Created dirty vertex map with initial size 32
10:13:17.394 [main] DEBUG o.j.g.t.vertexcache.GuavaVertexCache - Created vertex cache with max size 20000
10:13:17.394 [main] DEBUG o.j.d.cassandra.CassandraTransaction - Created CassandraTransaction@4604b900[read=QUORUM,write=QUORUM]
10:13:17.394 [main] DEBUG o.j.d.cassandra.CassandraTransaction - Created CassandraTransaction@73d6d0c[read=QUORUM,write=QUORUM]
10:13:17.396 [main] DEBUG o.j.g.t.StandardJanusGraphTx - Guava vertex cache size: requested=20000 effective=20000 (min=100)
10:13:17.396 [main] DEBUG o.j.g.t.vertexcache.GuavaVertexCache - Created dirty vertex map with initial size 32
10:13:17.396 [main] DEBUG o.j.g.t.vertexcache.GuavaVertexCache - Created vertex cache with max size 20000
10:13:17.396 [main] DEBUG o.j.d.cassandra.CassandraTransaction - Created CassandraTransaction@3961a41a[read=QUORUM,write=QUORUM]
10:13:17.396 [main] DEBUG o.j.d.cassandra.CassandraTransaction - Created CassandraTransaction@5a4ed68f[read=QUORUM,write=QUORUM]
10:13:17.397 [main] DEBUG o.j.g.t.StandardJanusGraphTx - Guava vertex cache size: requested=20000 effective=20000 (min=100)
10:13:17.397 [main] DEBUG o.j.g.t.vertexcache.GuavaVertexCache - Created dirty vertex map with initial size 32
10:13:17.397 [main] DEBUG o.j.g.t.vertexcache.GuavaVertexCache - Created vertex cache with max size 20000
10:13:17.397 [main] DEBUG o.j.d.cassandra.CassandraTransaction - Created CassandraTransaction@d2387c8[read=QUORUM,write=QUORUM]
10:13:17.397 [main] DEBUG o.j.d.cassandra.CassandraTransaction - Created CassandraTransaction@3956b302[read=QUORUM,write=QUORUM]
10:13:17.398 [main] DEBUG o.j.g.t.StandardJanusGraphTx - Guava vertex cache size: requested=20000 effective=20000 (min=100)
10:13:17.398 [main] DEBUG o.j.g.t.vertexcache.GuavaVertexCache - Created dirty vertex map with initial size 32
10:13:17.398 [main] DEBUG o.j.g.t.vertexcache.GuavaVertexCache - Created vertex cache with max size 20000
10:13:17.399 [main] DEBUG o.j.d.cassandra.CassandraTransaction - Created CassandraTransaction@29d334c[read=QUORUM,write=QUORUM]
10:13:17.399 [main] DEBUG o.j.d.cassandra.CassandraTransaction - Created CassandraTransaction@100f9bbe[read=QUORUM,write=QUORUM]
10:13:17.401 [main] DEBUG o.j.g.t.StandardJanusGraphTx - Guava vertex cache size: requested=20000 effective=20000 (min=100)
10:13:17.401 [main] DEBUG o.j.g.t.vertexcache.GuavaVertexCache - Created dirty vertex map with initial size 32
10:13:17.401 [main] DEBUG o.j.g.t.vertexcache.GuavaVertexCache - Created vertex cache with max size 20000
10:13:17.402 [main] DEBUG o.j.d.cassandra.CassandraTransaction - Created CassandraTransaction@680362a[read=QUORUM,write=QUORUM]
10:13:17.402 [main] DEBUG o.j.d.cassandra.CassandraTransaction - Created CassandraTransaction@3569edd5[read=QUORUM,write=QUORUM]
10:13:17.403 [main] DEBUG o.j.g.t.StandardJanusGraphTx - Guava vertex cache size: requested=20000 effective=20000 (min=100)
10:13:17.403 [main] DEBUG o.j.g.t.vertexcache.GuavaVertexCache - Created dirty vertex map with initial size 32
10:13:17.403 [main] DEBUG o.j.g.t.vertexcache.GuavaVertexCache - Created vertex cache with max size 20000
10:13:17.403 [main] DEBUG o.j.d.cassandra.CassandraTransaction - Created CassandraTransaction@7d0332e1[read=QUORUM,write=QUORUM]
10:13:17.403 [main] DEBUG o.j.d.cassandra.CassandraTransaction - Created CassandraTransaction@7a356a0d[read=QUORUM,write=QUORUM]
10:13:17.405 [main] DEBUG o.j.g.t.StandardJanusGraphTx - Guava vertex cache size: requested=20000 effective=20000 (min=100)
10:13:17.405 [main] DEBUG o.j.g.t.vertexcache.GuavaVertexCache - Created dirty vertex map with initial size 32
10:13:17.405 [main] DEBUG o.j.g.t.vertexcache.GuavaVertexCache - Created vertex cache with max size 20000
10:13:17.405 [main] DEBUG o.j.d.cassandra.CassandraTransaction - Created CassandraTransaction@377c68c6[read=QUORUM,write=QUORUM]
10:13:17.405 [main] DEBUG o.j.d.cassandra.CassandraTransaction - Created CassandraTransaction@538cd0f2[read=QUORUM,write=QUORUM]
10:13:17.406 [main] DEBUG o.j.g.t.StandardJanusGraphTx - Guava vertex cache size: requested=20000 effective=20000 (min=100)
10:13:17.406 [main] DEBUG o.j.g.t.vertexcache.GuavaVertexCache - Created dirty vertex map with initial size 32
10:13:17.406 [main] DEBUG o.j.g.t.vertexcache.GuavaVertexCache - Created vertex cache with max size 20000
10:13:17.407 [main] DEBUG o.j.d.cassandra.CassandraTransaction - Created CassandraTransaction@430fa4ef[read=QUORUM,write=QUORUM]
10:13:17.407 [main] DEBUG o.j.d.cassandra.CassandraTransaction - Created CassandraTransaction@1761de10[read=QUORUM,write=QUORUM]
10:13:17.408 [main] DEBUG o.j.g.t.StandardJanusGraphTx - Guava vertex cache size: requested=20000 effective=20000 (min=100)
10:13:17.408 [main] DEBUG o.j.g.t.vertexcache.GuavaVertexCache - Created dirty vertex map with initial size 32
10:13:17.408 [main] DEBUG o.j.g.t.vertexcache.GuavaVertexCache - Created vertex cache with max size 20000
10:13:17.408 [main] DEBUG o.j.d.cassandra.CassandraTransaction - Created CassandraTransaction@654c1a54[read=QUORUM,write=QUORUM]
10:13:17.408 [main] DEBUG o.j.d.cassandra.CassandraTransaction - Created CassandraTransaction@5bdaf2ce[read=QUORUM,write=QUORUM]
10:13:17.409 [main] DEBUG o.j.g.t.StandardJanusGraphTx - Guava vertex cache size: requested=20000 effective=20000 (min=100)
10:13:17.409 [main] DEBUG o.j.g.t.vertexcache.GuavaVertexCache - Created dirty vertex map with initial size 32
10:13:17.410 [main] DEBUG o.j.g.t.vertexcache.GuavaVertexCache - Created vertex cache with max size 20000
10:13:17.410 [main] DEBUG o.j.d.cassandra.CassandraTransaction - Created CassandraTransaction@46044faa[read=QUORUM,write=QUORUM]
10:13:17.410 [main] DEBUG o.j.d.cassandra.CassandraTransaction - Created CassandraTransaction@1358b28e[read=QUORUM,write=QUORUM]
10:13:17.414 [main] DEBUG o.j.g.t.StandardJanusGraphTx - Guava vertex cache size: requested=20000 effective=20000 (min=100)
10:13:17.414 [main] DEBUG o.j.g.t.vertexcache.GuavaVertexCache - Created dirty vertex map with initial size 32
10:13:17.414 [main] DEBUG o.j.g.t.vertexcache.GuavaVertexCache - Created vertex cache with max size 20000
10:13:17.414 [main] DEBUG o.j.d.cassandra.CassandraTransaction - Created CassandraTransaction@2bfeb1ef[read=QUORUM,write=QUORUM]
10:13:17.414 [main] DEBUG o.j.d.cassandra.CassandraTransaction - Created CassandraTransaction@778ca8ef[read=QUORUM,write=QUORUM]
10:13:17.416 [main] DEBUG o.j.g.t.StandardJanusGraphTx - Guava vertex cache size: requested=20000 effective=20000 (min=100)
10:13:17.416 [main] DEBUG o.j.g.t.vertexcache.GuavaVertexCache - Created dirty vertex map with initial size 32
10:13:17.416 [main] DEBUG o.j.g.t.vertexcache.GuavaVertexCache - Created vertex cache with max size 20000
10:13:17.417 [main] DEBUG o.j.d.cassandra.CassandraTransaction - Created CassandraTransaction@78b236a0[read=QUORUM,write=QUORUM]
10:13:17.417 [main] DEBUG o.j.d.cassandra.CassandraTransaction - Created CassandraTransaction@261d8190[read=QUORUM,write=QUORUM]
10:13:17.419 [main] DEBUG o.j.g.t.StandardJanusGraphTx - Guava vertex cache size: requested=20000 effective=20000 (min=100)
10:13:17.419 [main] DEBUG o.j.g.t.vertexcache.GuavaVertexCache - Created dirty vertex map with initial size 32
10:13:17.419 [main] DEBUG o.j.g.t.vertexcache.GuavaVertexCache - Created vertex cache with max size 20000
10:13:17.419 [main] DEBUG o.j.d.cassandra.CassandraTransaction - Created CassandraTransaction@60e9df3c[read=QUORUM,write=QUORUM]
10:13:17.419 [main] DEBUG o.j.d.cassandra.CassandraTransaction - Created CassandraTransaction@907f2b7[read=QUORUM,write=QUORUM]
10:13:17.420 [main] DEBUG o.j.g.t.StandardJanusGraphTx - Guava vertex cache size: requested=20000 effective=20000 (min=100)
10:13:17.420 [main] DEBUG o.j.g.t.vertexcache.GuavaVertexCache - Created dirty vertex map with initial size 32
10:13:17.420 [main] DEBUG o.j.g.t.vertexcache.GuavaVertexCache - Created vertex cache with max size 20000
10:13:17.420 [main] DEBUG o.j.d.cassandra.CassandraTransaction - Created CassandraTransaction@537b32ef[read=QUORUM,write=QUORUM]
10:13:17.420 [main] DEBUG o.j.d.cassandra.CassandraTransaction - Created CassandraTransaction@7dc51783[read=QUORUM,write=QUORUM]
10:13:17.421 [main] DEBUG o.j.g.t.StandardJanusGraphTx - Guava vertex cache size: requested=20000 effective=20000 (min=100)
10:13:17.421 [main] DEBUG o.j.g.t.vertexcache.GuavaVertexCache - Created dirty vertex map with initial size 32
10:13:17.421 [main] DEBUG o.j.g.t.vertexcache.GuavaVertexCache - Created vertex cache with max size 20000
10:13:17.421 [main] DEBUG o.j.d.cassandra.CassandraTransaction - Created CassandraTransaction@6f815e7f[read=QUORUM,write=QUORUM]
10:13:17.422 [main] DEBUG o.j.d.cassandra.CassandraTransaction - Created CassandraTransaction@65e7f52a[read=QUORUM,write=QUORUM]
10:13:17.423 [main] DEBUG o.j.g.t.StandardJanusGraphTx - Guava vertex cache size: requested=20000 effective=20000 (min=100)
10:13:17.423 [main] DEBUG o.j.g.t.vertexcache.GuavaVertexCache - Created dirty vertex map with initial size 32
10:13:17.423 [main] DEBUG o.j.g.t.vertexcache.GuavaVertexCache - Created vertex cache with max size 20000
10:13:17.423 [main] DEBUG o.j.d.cassandra.CassandraTransaction - Created CassandraTransaction@75699e35[read=QUORUM,write=QUORUM]
10:13:17.423 [main] DEBUG o.j.d.cassandra.CassandraTransaction - Created CassandraTransaction@107e5441[read=QUORUM,write=QUORUM]
10:13:17.425 [main] DEBUG o.j.g.t.StandardJanusGraphTx - Guava vertex cache size: requested=20000 effective=20000 (min=100)
10:13:17.425 [main] DEBUG o.j.g.t.vertexcache.GuavaVertexCache - Created dirty vertex map with initial size 32
10:13:17.425 [main] DEBUG o.j.g.t.vertexcache.GuavaVertexCache - Created vertex cache with max size 20000
10:13:17.425 [main] DEBUG o.j.d.cassandra.CassandraTransaction - Created CassandraTransaction@263558c9[read=QUORUM,write=QUORUM]
10:13:17.425 [main] DEBUG o.j.d.cassandra.CassandraTransaction - Created CassandraTransaction@1f14f20c[read=QUORUM,write=QUORUM]
10:13:17.427 [main] DEBUG o.j.g.t.StandardJanusGraphTx - Guava vertex cache size: requested=20000 effective=20000 (min=100)
10:13:17.427 [main] DEBUG o.j.g.t.vertexcache.GuavaVertexCache - Created dirty vertex map with initial size 32
10:13:17.428 [main] DEBUG o.j.g.t.vertexcache.GuavaVertexCache - Created vertex cache with max size 20000
10:13:17.428 [main] DEBUG o.j.d.cassandra.CassandraTransaction - Created CassandraTransaction@62315f22[read=QUORUM,write=QUORUM]
10:13:17.428 [main] DEBUG o.j.d.cassandra.CassandraTransaction - Created CassandraTransaction@6e4ea0bd[read=QUORUM,write=QUORUM]
10:13:17.429 [main] DEBUG o.j.g.t.StandardJanusGraphTx - Guava vertex cache size: requested=20000 effective=20000 (min=100)
10:13:17.429 [main] DEBUG o.j.g.t.vertexcache.GuavaVertexCache - Created dirty vertex map with initial size 32
10:13:17.429 [main] DEBUG o.j.g.t.vertexcache.GuavaVertexCache - Created vertex cache with max size 20000
10:13:17.429 [main] DEBUG o.j.d.cassandra.CassandraTransaction - Created CassandraTransaction@78f9ed3e[read=QUORUM,write=QUORUM]
10:13:17.429 [main] DEBUG o.j.d.cassandra.CassandraTransaction - Created CassandraTransaction@1059754c[read=QUORUM,write=QUORUM]
10:13:17.430 [main] DEBUG o.j.g.t.StandardJanusGraphTx - Guava vertex cache size: requested=20000 effective=20000 (min=100)
10:13:17.430 [main] DEBUG o.j.g.t.vertexcache.GuavaVertexCache - Created dirty vertex map with initial size 32
10:13:17.430 [main] DEBUG o.j.g.t.vertexcache.GuavaVertexCache - Created vertex cache with max size 20000
10:13:17.430 [main] DEBUG o.j.d.cassandra.CassandraTransaction - Created CassandraTransaction@48e7b3d2[read=QUORUM,write=QUORUM]
10:13:17.431 [main] DEBUG o.j.d.cassandra.CassandraTransaction - Created CassandraTransaction@7f4037ed[read=QUORUM,write=QUORUM]
Created MasterVertex: msid: 0; cmstype: 1
10:13:17.432 [main] DEBUG o.j.g.d.idassigner.StandardIDPool - Starting id block renewal thread upon 0
10:13:17.433 [JanusGraphID(9)(0)[0]] DEBUG o.j.d.cassandra.CassandraTransaction - Created CassandraTransaction@685d4bfb[read=QUORUM,write=QUORUM]
10:13:17.434 [JanusGraphID(9)(0)[0]] DEBUG o.j.d.cassandra.CassandraTransaction - Created CassandraTransaction@669aa880[read=QUORUM,write=QUORUM]
10:13:17.766 [JanusGraphID(9)(0)[0]] DEBUG o.j.d.cassandra.CassandraTransaction - Created CassandraTransaction@62a5208b[read=QUORUM,write=QUORUM]
10:13:17.768 [JanusGraphID(9)(0)[0]] DEBUG o.j.d.i.ConsistentKeyIDAuthority - Acquired ID block [[1,10001)/0:4] on partition(9)-namespace(0) (my rid is c0a8016135867-Chriss-MBP-21)
10:13:17.768 [JanusGraphID(9)(0)[0]] DEBUG o.j.g.d.idassigner.StandardIDPool - Retrieved ID block from authority on partition(9)-namespace(0), exec time 335.2 ms, exec+q time 335.5 ms
10:13:17.768 [main] DEBUG o.j.g.d.idassigner.StandardIDPool - ID partition(9)-namespace(0) acquired block: [[1,10001)/0:4]
10:13:17.769 [main] DEBUG o.j.g.d.idassigner.StandardIDPool - Starting id block renewal thread upon 0
10:13:17.769 [JanusGraphID(9)(3)[0]] DEBUG o.j.d.cassandra.CassandraTransaction - Created CassandraTransaction@69d6c053[read=QUORUM,write=QUORUM]
10:13:17.770 [JanusGraphID(9)(3)[0]] DEBUG o.j.d.cassandra.CassandraTransaction - Created CassandraTransaction@67112319[read=QUORUM,write=QUORUM]
10:13:18.105 [JanusGraphID(9)(3)[0]] DEBUG o.j.d.cassandra.CassandraTransaction - Created CassandraTransaction@632eab23[read=QUORUM,write=QUORUM]
10:13:18.107 [JanusGraphID(9)(3)[0]] DEBUG o.j.d.i.ConsistentKeyIDAuthority - Acquired ID block [[1,80001)/0:4] on partition(9)-namespace(3) (my rid is c0a8016135867-Chriss-MBP-21)
10:13:18.107 [JanusGraphID(9)(3)[0]] DEBUG o.j.g.d.idassigner.StandardIDPool - Retrieved ID block from authority on partition(9)-namespace(3), exec time 338.1 ms, exec+q time 338.5 ms
10:13:18.107 [main] DEBUG o.j.g.d.idassigner.StandardIDPool - ID partition(9)-namespace(3) acquired block: [[1,80001)/0:4]
Created MasterVertex: msid: 123456; cmstype: 2
10:13:18.110 [main] DEBUG o.j.g.t.StandardJanusGraphTx - Guava vertex cache size: requested=20000 effective=20000 (min=100)
10:13:18.110 [main] DEBUG o.j.g.t.vertexcache.GuavaVertexCache - Created dirty vertex map with initial size 32
10:13:18.111 [main] DEBUG o.j.g.t.vertexcache.GuavaVertexCache - Created vertex cache with max size 20000
10:13:18.111 [main] DEBUG o.j.d.cassandra.CassandraTransaction - Created CassandraTransaction@6f89f665[read=QUORUM,write=QUORUM]
10:13:18.111 [main] DEBUG o.j.d.cassandra.CassandraTransaction - Created CassandraTransaction@df1cff6[read=QUORUM,write=QUORUM]
10:13:18.113 [main] DEBUG o.j.g.t.StandardJanusGraphTx - Guava vertex cache size: requested=20000 effective=20000 (min=100)
10:13:18.113 [main] DEBUG o.j.g.t.vertexcache.GuavaVertexCache - Created dirty vertex map with initial size 32
10:13:18.113 [main] DEBUG o.j.g.t.vertexcache.GuavaVertexCache - Created vertex cache with max size 20000
10:13:18.113 [main] DEBUG o.j.d.cassandra.CassandraTransaction - Created CassandraTransaction@1ad926d3[read=QUORUM,write=QUORUM]
10:13:18.113 [main] DEBUG o.j.d.cassandra.CassandraTransaction - Created CassandraTransaction@3a43d133[read=QUORUM,write=QUORUM]
10:13:18.115 [main] DEBUG o.j.g.t.StandardJanusGraphTx - Guava vertex cache size: requested=20000 effective=20000 (min=100)
10:13:18.115 [main] DEBUG o.j.g.t.vertexcache.GuavaVertexCache - Created dirty vertex map with initial size 32
10:13:18.115 [main] DEBUG o.j.g.t.vertexcache.GuavaVertexCache - Created vertex cache with max size 20000
10:13:18.115 [main] DEBUG o.j.d.cassandra.CassandraTransaction - Created CassandraTransaction@5f2afe62[read=QUORUM,write=QUORUM]
10:13:18.115 [main] DEBUG o.j.d.cassandra.CassandraTransaction - Created CassandraTransaction@c96a4ea[read=QUORUM,write=QUORUM]
10:13:18.117 [main] DEBUG o.j.g.t.StandardJanusGraphTx - Guava vertex cache size: requested=20000 effective=20000 (min=100)
10:13:18.117 [main] DEBUG o.j.g.t.vertexcache.GuavaVertexCache - Created dirty vertex map with initial size 32
10:13:18.117 [main] DEBUG o.j.g.t.vertexcache.GuavaVertexCache - Created vertex cache with max size 20000
10:13:18.117 [main] DEBUG o.j.d.cassandra.CassandraTransaction - Created CassandraTransaction@60c16548[read=QUORUM,write=QUORUM]
10:13:18.117 [main] DEBUG o.j.d.cassandra.CassandraTransaction - Created CassandraTransaction@68105edc[read=QUORUM,write=QUORUM]
10:13:18.118 [main] DEBUG o.j.g.t.StandardJanusGraphTx - Guava vertex cache size: requested=20000 effective=20000 (min=100)
10:13:18.119 [main] DEBUG o.j.g.t.vertexcache.GuavaVertexCache - Created dirty vertex map with initial size 32
10:13:18.119 [main] DEBUG o.j.g.t.vertexcache.GuavaVertexCache - Created vertex cache with max size 20000
10:13:18.119 [main] DEBUG o.j.d.cassandra.CassandraTransaction - Created CassandraTransaction@38b972d7[read=QUORUM,write=QUORUM]
10:13:18.119 [main] DEBUG o.j.d.cassandra.CassandraTransaction - Created CassandraTransaction@5339bbad[read=QUORUM,write=QUORUM]
10:13:18.120 [main] DEBUG o.j.g.t.StandardJanusGraphTx - Guava vertex cache size: requested=20000 effective=20000 (min=100)
10:13:18.120 [main] DEBUG o.j.g.t.vertexcache.GuavaVertexCache - Created dirty vertex map with initial size 32
10:13:18.120 [main] DEBUG o.j.g.t.vertexcache.GuavaVertexCache - Created vertex cache with max size 20000
10:13:18.120 [main] DEBUG o.j.d.cassandra.CassandraTransaction - Created CassandraTransaction@288a4658[read=QUORUM,write=QUORUM]
10:13:18.120 [main] DEBUG o.j.d.cassandra.CassandraTransaction - Created CassandraTransaction@5b56b654[read=QUORUM,write=QUORUM]
10:13:18.125 [main] DEBUG o.j.g.t.StandardJanusGraphTx - Guava vertex cache size: requested=20000 effective=20000 (min=100)
10:13:18.125 [main] DEBUG o.j.g.t.vertexcache.GuavaVertexCache - Created dirty vertex map with initial size 32
10:13:18.125 [main] DEBUG o.j.g.t.vertexcache.GuavaVertexCache - Created vertex cache with max size 20000
10:13:18.125 [main] DEBUG o.j.d.cassandra.CassandraTransaction - Created CassandraTransaction@470a9030[read=QUORUM,write=QUORUM]
10:13:18.125 [main] DEBUG o.j.d.cassandra.CassandraTransaction - Created CassandraTransaction@66d57c1b[read=QUORUM,write=QUORUM]
10:13:18.127 [main] DEBUG o.j.g.t.StandardJanusGraphTx - Guava vertex cache size: requested=20000 effective=20000 (min=100)
10:13:18.127 [main] DEBUG o.j.g.t.vertexcache.GuavaVertexCache - Created dirty vertex map with initial size 32
10:13:18.127 [main] DEBUG o.j.g.t.vertexcache.GuavaVertexCache - Created vertex cache with max size 20000
10:13:18.127 [main] DEBUG o.j.d.cassandra.CassandraTransaction - Created CassandraTransaction@d59970a[read=QUORUM,write=QUORUM]
10:13:18.127 [main] DEBUG o.j.d.cassandra.CassandraTransaction - Created CassandraTransaction@1e411d81[read=QUORUM,write=QUORUM]
10:13:18.128 [main] DEBUG o.j.g.t.StandardJanusGraphTx - Guava vertex cache size: requested=20000 effective=20000 (min=100)
10:13:18.128 [main] DEBUG o.j.g.t.vertexcache.GuavaVertexCache - Created dirty vertex map with initial size 32
10:13:18.128 [main] DEBUG o.j.g.t.vertexcache.GuavaVertexCache - Created vertex cache with max size 20000
10:13:18.128 [main] DEBUG o.j.d.cassandra.CassandraTransaction - Created CassandraTransaction@3e6fd0b9[read=QUORUM,write=QUORUM]
10:13:18.128 [main] DEBUG o.j.d.cassandra.CassandraTransaction - Created CassandraTransaction@7fcff1b9[read=QUORUM,write=QUORUM]
10:13:18.129 [main] DEBUG o.j.g.t.StandardJanusGraphTx - Guava vertex cache size: requested=20000 effective=20000 (min=100)
10:13:18.129 [main] DEBUG o.j.g.t.vertexcache.GuavaVertexCache - Created dirty vertex map with initial size 32
10:13:18.129 [main] DEBUG o.j.g.t.vertexcache.GuavaVertexCache - Created vertex cache with max size 20000
10:13:18.130 [main] DEBUG o.j.d.cassandra.CassandraTransaction - Created CassandraTransaction@76adb233[read=QUORUM,write=QUORUM]
10:13:18.130 [main] DEBUG o.j.d.cassandra.CassandraTransaction - Created CassandraTransaction@36074e47[read=QUORUM,write=QUORUM]
10:13:18.131 [main] DEBUG o.j.g.t.StandardJanusGraphTx - Guava vertex cache size: requested=20000 effective=20000 (min=100)
10:13:18.131 [main] DEBUG o.j.g.t.vertexcache.GuavaVertexCache - Created dirty vertex map with initial size 32
10:13:18.131 [main] DEBUG o.j.g.t.vertexcache.GuavaVertexCache - Created vertex cache with max size 20000
10:13:18.131 [main] DEBUG o.j.d.cassandra.CassandraTransaction - Created CassandraTransaction@7dcc91fd[read=QUORUM,write=QUORUM]
10:13:18.131 [main] DEBUG o.j.d.cassandra.CassandraTransaction - Created CassandraTransaction@66eb985d[read=QUORUM,write=QUORUM]
10:13:18.133 [main] DEBUG o.j.g.t.StandardJanusGraphTx - Guava vertex cache size: requested=20000 effective=20000 (min=100)
10:13:18.133 [main] DEBUG o.j.g.t.vertexcache.GuavaVertexCache - Created dirty vertex map with initial size 32
10:13:18.133 [main] DEBUG o.j.g.t.vertexcache.GuavaVertexCache - Created vertex cache with max size 20000
10:13:18.133 [main] DEBUG o.j.d.cassandra.CassandraTransaction - Created CassandraTransaction@75504cef[read=QUORUM,write=QUORUM]
10:13:18.133 [main] DEBUG o.j.d.cassandra.CassandraTransaction - Created CassandraTransaction@6c8a68c1[read=QUORUM,write=QUORUM]
10:13:18.135 [main] DEBUG o.j.g.t.StandardJanusGraphTx - Guava vertex cache size: requested=20000 effective=20000 (min=100)
10:13:18.135 [main] DEBUG o.j.g.t.vertexcache.GuavaVertexCache - Created dirty vertex map with initial size 32
10:13:18.135 [main] DEBUG o.j.g.t.vertexcache.GuavaVertexCache - Created vertex cache with max size 20000
10:13:18.136 [main] DEBUG o.j.d.cassandra.CassandraTransaction - Created CassandraTransaction@31611954[read=QUORUM,write=QUORUM]
10:13:18.136 [main] DEBUG o.j.d.cassandra.CassandraTransaction - Created CassandraTransaction@3e598df9[read=QUORUM,write=QUORUM]
10:13:18.137 [main] DEBUG o.j.g.t.StandardJanusGraphTx - Guava vertex cache size: requested=20000 effective=20000 (min=100)
10:13:18.137 [main] DEBUG o.j.g.t.vertexcache.GuavaVertexCache - Created dirty vertex map with initial size 32
10:13:18.137 [main] DEBUG o.j.g.t.vertexcache.GuavaVertexCache - Created vertex cache with max size 20000
10:13:18.137 [main] DEBUG o.j.d.cassandra.CassandraTransaction - Created CassandraTransaction@42cc13a0[read=QUORUM,write=QUORUM]
10:13:18.137 [main] DEBUG o.j.d.cassandra.CassandraTransaction - Created CassandraTransaction@32fdec40[read=QUORUM,write=QUORUM]
10:13:18.139 [main] DEBUG o.j.g.t.StandardJanusGraphTx - Guava vertex cache size: requested=20000 effective=20000 (min=100)
10:13:18.139 [main] DEBUG o.j.g.t.vertexcache.GuavaVertexCache - Created dirty vertex map with initial size 32
10:13:18.139 [main] DEBUG o.j.g.t.vertexcache.GuavaVertexCache - Created vertex cache with max size 20000
10:13:18.139 [main] DEBUG o.j.d.cassandra.CassandraTransaction - Created CassandraTransaction@1bd81830[read=QUORUM,write=QUORUM]
10:13:18.139 [main] DEBUG o.j.d.cassandra.CassandraTransaction - Created CassandraTransaction@39ab59f8[read=QUORUM,write=QUORUM]
10:13:18.141 [main] DEBUG o.j.g.t.StandardJanusGraphTx - Guava vertex cache size: requested=20000 effective=20000 (min=100)
10:13:18.141 [main] DEBUG o.j.g.t.vertexcache.GuavaVertexCache - Created dirty vertex map with initial size 32
10:13:18.141 [main] DEBUG o.j.g.t.vertexcache.GuavaVertexCache - Created vertex cache with max size 20000
10:13:18.141 [main] DEBUG o.j.d.cassandra.CassandraTransaction - Created CassandraTransaction@111610e6[read=QUORUM,write=QUORUM]
10:13:18.141 [main] DEBUG o.j.d.cassandra.CassandraTransaction - Created CassandraTransaction@4ad4936c[read=QUORUM,write=QUORUM]
Created MasterVertex: msid: 123457; cmstype: 1001
10:13:18.144 [main] DEBUG o.j.g.d.idassigner.StandardIDPool - Starting id block renewal thread upon 0
10:13:18.144 [JanusGraphID(4)(0)[0]] DEBUG o.j.d.cassandra.CassandraTransaction - Created CassandraTransaction@50b23293[read=QUORUM,write=QUORUM]
10:13:18.145 [JanusGraphID(4)(0)[0]] DEBUG o.j.d.cassandra.CassandraTransaction - Created CassandraTransaction@5e75d6f5[read=QUORUM,write=QUORUM]
10:13:18.481 [JanusGraphID(4)(0)[0]] DEBUG o.j.d.cassandra.CassandraTransaction - Created CassandraTransaction@5a4a59e3[read=QUORUM,write=QUORUM]
10:13:18.483 [JanusGraphID(4)(0)[0]] DEBUG o.j.d.i.ConsistentKeyIDAuthority - Acquired ID block [[1,10001)/0:4] on partition(4)-namespace(0) (my rid is c0a8016135867-Chriss-MBP-21)
10:13:18.483 [JanusGraphID(4)(0)[0]] DEBUG o.j.g.d.idassigner.StandardIDPool - Retrieved ID block from authority on partition(4)-namespace(0), exec time 338.5 ms, exec+q time 338.8 ms
10:13:18.483 [main] DEBUG o.j.g.d.idassigner.StandardIDPool - ID partition(4)-namespace(0) acquired block: [[1,10001)/0:4]
10:13:18.483 [main] DEBUG o.j.g.d.idassigner.StandardIDPool - Starting id block renewal thread upon 0
10:13:18.484 [JanusGraphID(4)(3)[0]] DEBUG o.j.d.cassandra.CassandraTransaction - Created CassandraTransaction@399546bf[read=QUORUM,write=QUORUM]
10:13:18.485 [JanusGraphID(4)(3)[0]] DEBUG o.j.d.cassandra.CassandraTransaction - Created CassandraTransaction@3752bffd[read=QUORUM,write=QUORUM]
10:13:18.821 [JanusGraphID(4)(3)[0]] DEBUG o.j.d.cassandra.CassandraTransaction - Created CassandraTransaction@336d2dcf[read=QUORUM,write=QUORUM]
10:13:18.823 [JanusGraphID(4)(3)[0]] DEBUG o.j.d.i.ConsistentKeyIDAuthority - Acquired ID block [[1,80001)/0:4] on partition(4)-namespace(3) (my rid is c0a8016135867-Chriss-MBP-21)
10:13:18.823 [JanusGraphID(4)(3)[0]] DEBUG o.j.g.d.idassigner.StandardIDPool - Retrieved ID block from authority on partition(4)-namespace(3), exec time 339.3 ms, exec+q time 339.7 ms
10:13:18.824 [main] DEBUG o.j.g.d.idassigner.StandardIDPool - ID partition(4)-namespace(3) acquired block: [[1,80001)/0:4]
Created MasterVertex: msid: 123458; cmstype: 1001
10:13:18.827 [main] DEBUG o.j.g.d.idassigner.StandardIDPool - Starting id block renewal thread upon 0
10:13:18.828 [JanusGraphID(31)(0)[0]] DEBUG o.j.d.cassandra.CassandraTransaction - Created CassandraTransaction@530c2f30[read=QUORUM,write=QUORUM]
10:13:18.829 [JanusGraphID(31)(0)[0]] DEBUG o.j.d.cassandra.CassandraTransaction - Created CassandraTransaction@5dcbdb21[read=QUORUM,write=QUORUM]
10:13:19.165 [JanusGraphID(31)(0)[0]] DEBUG o.j.d.cassandra.CassandraTransaction - Created CassandraTransaction@59f44440[read=QUORUM,write=QUORUM]
10:13:19.167 [JanusGraphID(31)(0)[0]] DEBUG o.j.d.i.ConsistentKeyIDAuthority - Acquired ID block [[1,10001)/0:4] on partition(31)-namespace(0) (my rid is c0a8016135867-Chriss-MBP-21)
10:13:19.167 [JanusGraphID(31)(0)[0]] DEBUG o.j.g.d.idassigner.StandardIDPool - Retrieved ID block from authority on partition(31)-namespace(0), exec time 339.3 ms, exec+q time 339.7 ms
10:13:19.167 [main] DEBUG o.j.g.d.idassigner.StandardIDPool - ID partition(31)-namespace(0) acquired block: [[1,10001)/0:4]
10:13:19.168 [main] DEBUG o.j.g.d.idassigner.StandardIDPool - Starting id block renewal thread upon 0
10:13:19.168 [JanusGraphID(31)(3)[0]] DEBUG o.j.d.cassandra.CassandraTransaction - Created CassandraTransaction@63e1a9[read=QUORUM,write=QUORUM]
10:13:19.169 [JanusGraphID(31)(3)[0]] DEBUG o.j.d.cassandra.CassandraTransaction - Created CassandraTransaction@ea41fd5[read=QUORUM,write=QUORUM]
10:13:19.504 [JanusGraphID(31)(3)[0]] DEBUG o.j.d.cassandra.CassandraTransaction - Created CassandraTransaction@a9b8ad9[read=QUORUM,write=QUORUM]
10:13:19.505 [JanusGraphID(31)(3)[0]] DEBUG o.j.d.i.ConsistentKeyIDAuthority - Acquired ID block [[1,80001)/0:4] on partition(31)-namespace(3) (my rid is c0a8016135867-Chriss-MBP-21)
10:13:19.506 [JanusGraphID(31)(3)[0]] DEBUG o.j.g.d.idassigner.StandardIDPool - Retrieved ID block from authority on partition(31)-namespace(3), exec time 337.7 ms, exec+q time 337.9 ms
10:13:19.506 [main] DEBUG o.j.g.d.idassigner.StandardIDPool - ID partition(31)-namespace(3) acquired block: [[1,80001)/0:4]
Created MasterVertex: msid: 123459; cmstype: 1001
Created MasterVertex: msid: 123460; cmstype: 1001
Created MasterVertex: msid: 123461; cmstype: 1001
10:13:19.513 [main] DEBUG o.j.g.d.idassigner.StandardIDPool - Starting id block renewal thread upon 0
10:13:19.513 [JanusGraphID(20)(0)[0]] DEBUG o.j.d.cassandra.CassandraTransaction - Created CassandraTransaction@d569157[read=QUORUM,write=QUORUM]
10:13:19.514 [JanusGraphID(20)(0)[0]] DEBUG o.j.d.cassandra.CassandraTransaction - Created CassandraTransaction@3917e8d[read=QUORUM,write=QUORUM]
10:13:19.850 [JanusGraphID(20)(0)[0]] DEBUG o.j.d.cassandra.CassandraTransaction - Created CassandraTransaction@7aefa27[read=QUORUM,write=QUORUM]
10:13:19.852 [JanusGraphID(20)(0)[0]] DEBUG o.j.d.i.ConsistentKeyIDAuthority - Acquired ID block [[1,10001)/0:4] on partition(20)-namespace(0) (my rid is c0a8016135867-Chriss-MBP-21)
10:13:19.852 [JanusGraphID(20)(0)[0]] DEBUG o.j.g.d.idassigner.StandardIDPool - Retrieved ID block from authority on partition(20)-namespace(0), exec time 339.1 ms, exec+q time 339.4 ms
10:13:19.852 [main] DEBUG o.j.g.d.idassigner.StandardIDPool - ID partition(20)-namespace(0) acquired block: [[1,10001)/0:4]
10:13:19.853 [main] DEBUG o.j.g.d.idassigner.StandardIDPool - Starting id block renewal thread upon 0
10:13:19.853 [JanusGraphID(20)(3)[0]] DEBUG o.j.d.cassandra.CassandraTransaction - Created CassandraTransaction@60520c42[read=QUORUM,write=QUORUM]
10:13:19.854 [JanusGraphID(20)(3)[0]] DEBUG o.j.d.cassandra.CassandraTransaction - Created CassandraTransaction@6e95ee38[read=QUORUM,write=QUORUM]
10:13:20.188 [JanusGraphID(20)(3)[0]] DEBUG o.j.d.cassandra.CassandraTransaction - Created CassandraTransaction@6aaa6732[read=QUORUM,write=QUORUM]
10:13:20.189 [JanusGraphID(20)(3)[0]] DEBUG o.j.d.i.ConsistentKeyIDAuthority - Acquired ID block [[1,80001)/0:4] on partition(20)-namespace(3) (my rid is c0a8016135867-Chriss-MBP-21)
10:13:20.189 [JanusGraphID(20)(3)[0]] DEBUG o.j.g.d.idassigner.StandardIDPool - Retrieved ID block from authority on partition(20)-namespace(3), exec time 336.0 ms, exec+q time 336.4 ms
10:13:20.190 [main] DEBUG o.j.g.d.idassigner.StandardIDPool - ID partition(20)-namespace(3) acquired block: [[1,80001)/0:4]
Created MasterVertex: msid: 123462; cmstype: 1001
10:13:20.193 [main] DEBUG o.j.g.d.idassigner.StandardIDPool - Starting id block renewal thread upon 0
10:13:20.193 [JanusGraphID(16)(0)[0]] DEBUG o.j.d.cassandra.CassandraTransaction - Created CassandraTransaction@6826de30[read=QUORUM,write=QUORUM]
10:13:20.194 [JanusGraphID(16)(0)[0]] DEBUG o.j.d.cassandra.CassandraTransaction - Created CassandraTransaction@66e13d44[read=QUORUM,write=QUORUM]
10:13:20.380 [pool-19-thread-1] DEBUG o.j.d.cassandra.CassandraTransaction - Created CassandraTransaction@57731afd[read=QUORUM,write=QUORUM]
10:13:20.382 [pool-19-thread-1] DEBUG o.j.diskstorage.log.kcvs.KCVSLog - Parsed message Message@2018-01-19T18:13:16.682Z:c0a8016135867-Chriss-MBP-21=128-129-129-  4-137, about to submit this message to the reader executor
10:13:20.383 [pool-19-thread-1] DEBUG o.j.d.log.util.ProcessMessageJob - Passing Message@2018-01-19T18:13:16.682Z:c0a8016135867-Chriss-MBP-21=128-129-129-  4-137 to org.janusgraph.graphdb.database.management.ManagementLogger@23298a8b
10:13:20.529 [JanusGraphID(16)(0)[0]] DEBUG o.j.d.cassandra.CassandraTransaction - Created CassandraTransaction@62deb540[read=QUORUM,write=QUORUM]
10:13:20.531 [JanusGraphID(16)(0)[0]] DEBUG o.j.d.i.ConsistentKeyIDAuthority - Acquired ID block [[1,10001)/0:4] on partition(16)-namespace(0) (my rid is c0a8016135867-Chriss-MBP-21)
10:13:20.531 [JanusGraphID(16)(0)[0]] DEBUG o.j.g.d.idassigner.StandardIDPool - Retrieved ID block from authority on partition(16)-namespace(0), exec time 337.4 ms, exec+q time 337.7 ms
10:13:20.531 [main] DEBUG o.j.g.d.idassigner.StandardIDPool - ID partition(16)-namespace(0) acquired block: [[1,10001)/0:4]
10:13:20.532 [main] DEBUG o.j.g.d.idassigner.StandardIDPool - Starting id block renewal thread upon 0
10:13:20.532 [JanusGraphID(16)(3)[0]] DEBUG o.j.d.cassandra.CassandraTransaction - Created CassandraTransaction@50b15766[read=QUORUM,write=QUORUM]
10:13:20.533 [JanusGraphID(16)(3)[0]] DEBUG o.j.d.cassandra.CassandraTransaction - Created CassandraTransaction@5e76a300[read=QUORUM,write=QUORUM]
10:13:20.867 [JanusGraphID(16)(3)[0]] DEBUG o.j.d.cassandra.CassandraTransaction - Created CassandraTransaction@5a493c16[read=QUORUM,write=QUORUM]
10:13:20.868 [JanusGraphID(16)(3)[0]] DEBUG o.j.d.i.ConsistentKeyIDAuthority - Acquired ID block [[1,80001)/0:4] on partition(16)-namespace(3) (my rid is c0a8016135867-Chriss-MBP-21)
10:13:20.868 [JanusGraphID(16)(3)[0]] DEBUG o.j.g.d.idassigner.StandardIDPool - Retrieved ID block from authority on partition(16)-namespace(3), exec time 336.0 ms, exec+q time 336.4 ms
10:13:20.868 [main] DEBUG o.j.g.d.idassigner.StandardIDPool - ID partition(16)-namespace(3) acquired block: [[1,80001)/0:4]
Created MasterVertex: msid: 123463; cmstype: 1001
Created MasterVertex: msid: 123464; cmstype: 1001
Created MasterVertex: msid: 123465; cmstype: 1001
Created MasterVertex: msid: 123466; cmstype: 1001
10:13:20.877 [main] DEBUG o.j.g.d.idassigner.StandardIDPool - Starting id block renewal thread upon 0
10:13:20.878 [JanusGraphID(26)(0)[0]] DEBUG o.j.d.cassandra.CassandraTransaction - Created CassandraTransaction@260b0cac[read=QUORUM,write=QUORUM]
10:13:20.878 [JanusGraphID(26)(0)[0]] DEBUG o.j.d.cassandra.CassandraTransaction - Created CassandraTransaction@28cce61d[read=QUORUM,write=QUORUM]
10:13:21.212 [JanusGraphID(26)(0)[0]] DEBUG o.j.d.cassandra.CassandraTransaction - Created CassandraTransaction@69f1ec26[read=QUORUM,write=QUORUM]
10:13:21.214 [JanusGraphID(26)(0)[0]] DEBUG o.j.d.i.ConsistentKeyIDAuthority - Acquired ID block [[1,10001)/0:4] on partition(26)-namespace(0) (my rid is c0a8016135867-Chriss-MBP-21)
10:13:21.214 [JanusGraphID(26)(0)[0]] DEBUG o.j.g.d.idassigner.StandardIDPool - Retrieved ID block from authority on partition(26)-namespace(0), exec time 336.5 ms, exec+q time 336.7 ms
10:13:21.214 [main] DEBUG o.j.g.d.idassigner.StandardIDPool - ID partition(26)-namespace(0) acquired block: [[1,10001)/0:4]
10:13:21.215 [main] DEBUG o.j.g.d.idassigner.StandardIDPool - Starting id block renewal thread upon 0
10:13:21.216 [JanusGraphID(26)(3)[0]] DEBUG o.j.d.cassandra.CassandraTransaction - Created CassandraTransaction@53d7560a[read=QUORUM,write=QUORUM]
10:13:21.217 [JanusGraphID(26)(3)[0]] DEBUG o.j.d.cassandra.CassandraTransaction - Created CassandraTransaction@5d10a200[read=QUORUM,write=QUORUM]
10:13:21.552 [JanusGraphID(26)(3)[0]] DEBUG o.j.d.cassandra.CassandraTransaction - Created CassandraTransaction@592f3d7a[read=QUORUM,write=QUORUM]
10:13:21.554 [JanusGraphID(26)(3)[0]] DEBUG o.j.d.i.ConsistentKeyIDAuthority - Acquired ID block [[1,80001)/0:4] on partition(26)-namespace(3) (my rid is c0a8016135867-Chriss-MBP-21)
10:13:21.554 [JanusGraphID(26)(3)[0]] DEBUG o.j.g.d.idassigner.StandardIDPool - Retrieved ID block from authority on partition(26)-namespace(3), exec time 338.6 ms, exec+q time 339.1 ms
10:13:21.554 [main] DEBUG o.j.g.d.idassigner.StandardIDPool - ID partition(26)-namespace(3) acquired block: [[1,80001)/0:4]
Created MasterVertex: msid: 246912; cmstype: 2
Created MasterVertex: msid: 246913; cmstype: 1001
10:13:21.561 [main] DEBUG o.j.g.d.idassigner.StandardIDPool - Starting id block renewal thread upon 0
10:13:21.561 [JanusGraphID(10)(0)[0]] DEBUG o.j.d.cassandra.CassandraTransaction - Created CassandraTransaction@15e04578[read=QUORUM,write=QUORUM]
10:13:21.562 [JanusGraphID(10)(0)[0]] DEBUG o.j.d.cassandra.CassandraTransaction - Created CassandraTransaction@1b27b9b4[read=QUORUM,write=QUORUM]
10:13:21.896 [JanusGraphID(10)(0)[0]] DEBUG o.j.d.cassandra.CassandraTransaction - Created CassandraTransaction@1f182e08[read=QUORUM,write=QUORUM]
10:13:21.898 [JanusGraphID(10)(0)[0]] DEBUG o.j.d.i.ConsistentKeyIDAuthority - Acquired ID block [[1,10001)/0:4] on partition(10)-namespace(0) (my rid is c0a8016135867-Chriss-MBP-21)
10:13:21.898 [JanusGraphID(10)(0)[0]] DEBUG o.j.g.d.idassigner.StandardIDPool - Retrieved ID block from authority on partition(10)-namespace(0), exec time 336.6 ms, exec+q time 336.9 ms
10:13:21.898 [main] DEBUG o.j.g.d.idassigner.StandardIDPool - ID partition(10)-namespace(0) acquired block: [[1,10001)/0:4]
10:13:21.899 [main] DEBUG o.j.g.d.idassigner.StandardIDPool - Starting id block renewal thread upon 0
10:13:21.899 [JanusGraphID(10)(3)[0]] DEBUG o.j.d.cassandra.CassandraTransaction - Created CassandraTransaction@15363092[read=QUORUM,write=QUORUM]
10:13:21.901 [JanusGraphID(10)(3)[0]] DEBUG o.j.d.cassandra.CassandraTransaction - Created CassandraTransaction@1bf1cc44[read=QUORUM,write=QUORUM]
10:13:22.236 [JanusGraphID(10)(3)[0]] DEBUG o.j.d.cassandra.CassandraTransaction - Created CassandraTransaction@1fce5be2[read=QUORUM,write=QUORUM]
10:13:22.238 [JanusGraphID(10)(3)[0]] DEBUG o.j.d.i.ConsistentKeyIDAuthority - Acquired ID block [[1,80001)/0:4] on partition(10)-namespace(3) (my rid is c0a8016135867-Chriss-MBP-21)
10:13:22.238 [JanusGraphID(10)(3)[0]] DEBUG o.j.g.d.idassigner.StandardIDPool - Retrieved ID block from authority on partition(10)-namespace(3), exec time 338.4 ms, exec+q time 338.9 ms
10:13:22.238 [main] DEBUG o.j.g.d.idassigner.StandardIDPool - ID partition(10)-namespace(3) acquired block: [[1,80001)/0:4]
Created MasterVertex: msid: 246914; cmstype: 1001
Created MasterVertex: msid: 246915; cmstype: 1001
Created MasterVertex: msid: 246916; cmstype: 1001
Created MasterVertex: msid: 246917; cmstype: 1001
Created MasterVertex: msid: 246918; cmstype: 1001
Created MasterVertex: msid: 246919; cmstype: 1001
Created MasterVertex: msid: 246920; cmstype: 1001
10:13:22.253 [main] DEBUG o.j.g.d.idassigner.StandardIDPool - Starting id block renewal thread upon 0
10:13:22.253 [JanusGraphID(25)(0)[0]] DEBUG o.j.d.cassandra.CassandraTransaction - Created CassandraTransaction@1a3fa5e4[read=QUORUM,write=QUORUM]
10:13:22.254 [JanusGraphID(25)(0)[0]] DEBUG o.j.d.cassandra.CassandraTransaction - Created CassandraTransaction@14f848d3[read=QUORUM,write=QUORUM]
10:13:22.587 [JanusGraphID(25)(0)[0]] DEBUG o.j.d.cassandra.CassandraTransaction - Created CassandraTransaction@10c7ce94[read=QUORUM,write=QUORUM]
10:13:22.588 [JanusGraphID(25)(0)[0]] DEBUG o.j.d.i.ConsistentKeyIDAuthority - Acquired ID block [[1,10001)/0:4] on partition(25)-namespace(0) (my rid is c0a8016135867-Chriss-MBP-21)
10:13:22.589 [JanusGraphID(25)(0)[0]] DEBUG o.j.g.d.idassigner.StandardIDPool - Retrieved ID block from authority on partition(25)-namespace(0), exec time 335.7 ms, exec+q time 335.9 ms
10:13:22.589 [main] DEBUG o.j.g.d.idassigner.StandardIDPool - ID partition(25)-namespace(0) acquired block: [[1,10001)/0:4]
10:13:22.589 [main] DEBUG o.j.g.d.idassigner.StandardIDPool - Starting id block renewal thread upon 0
10:13:22.590 [JanusGraphID(25)(3)[0]] DEBUG o.j.d.cassandra.CassandraTransaction - Created CassandraTransaction@7d564cd4[read=QUORUM,write=QUORUM]
10:13:22.591 [JanusGraphID(25)(3)[0]] DEBUG o.j.d.cassandra.CassandraTransaction - Created CassandraTransaction@7391bd0e[read=QUORUM,write=QUORUM]
10:13:22.927 [JanusGraphID(25)(3)[0]] DEBUG o.j.d.cassandra.CassandraTransaction - Created CassandraTransaction@77ae27a4[read=QUORUM,write=QUORUM]
10:13:22.929 [JanusGraphID(25)(3)[0]] DEBUG o.j.d.i.ConsistentKeyIDAuthority - Acquired ID block [[1,80001)/0:4] on partition(25)-namespace(3) (my rid is c0a8016135867-Chriss-MBP-21)
10:13:22.929 [JanusGraphID(25)(3)[0]] DEBUG o.j.g.d.idassigner.StandardIDPool - Retrieved ID block from authority on partition(25)-namespace(3), exec time 339.1 ms, exec+q time 339.5 ms
10:13:22.929 [main] DEBUG o.j.g.d.idassigner.StandardIDPool - ID partition(25)-namespace(3) acquired block: [[1,80001)/0:4]
Created MasterVertex: msid: 246921; cmstype: 1001
Created MasterVertex: msid: 246922; cmstype: 1001
Created MasterVertex: msid: 370368; cmstype: 2
Created MasterVertex: msid: 370369; cmstype: 1001
Created MasterVertex: msid: 370370; cmstype: 1001
Created MasterVertex: msid: 370371; cmstype: 1001
Created MasterVertex: msid: 370372; cmstype: 1001
Created MasterVertex: msid: 370373; cmstype: 1001
Created MasterVertex: msid: 370374; cmstype: 1001
Created MasterVertex: msid: 370375; cmstype: 1001
Created MasterVertex: msid: 370376; cmstype: 1001
Created MasterVertex: msid: 370377; cmstype: 1001
Created MasterVertex: msid: 370378; cmstype: 1001
Created MasterVertex: msid: 493824; cmstype: 2
Created MasterVertex: msid: 493825; cmstype: 1001
Created MasterVertex: msid: 493826; cmstype: 1001
Created MasterVertex: msid: 493827; cmstype: 1001
Created MasterVertex: msid: 493828; cmstype: 1001
Created MasterVertex: msid: 493829; cmstype: 1001
Created MasterVertex: msid: 493830; cmstype: 1001
Created MasterVertex: msid: 493831; cmstype: 1001
Created MasterVertex: msid: 493832; cmstype: 1001
Created MasterVertex: msid: 493833; cmstype: 1001
Created MasterVertex: msid: 493834; cmstype: 1001
Created MasterVertex: msid: 617280; cmstype: 2
Created MasterVertex: msid: 617281; cmstype: 1001
Created MasterVertex: msid: 617282; cmstype: 1001
Created MasterVertex: msid: 617283; cmstype: 1001
Created MasterVertex: msid: 617284; cmstype: 1001
Created MasterVertex: msid: 617285; cmstype: 1001
Created MasterVertex: msid: 617286; cmstype: 1001
Created MasterVertex: msid: 617287; cmstype: 1001
Created MasterVertex: msid: 617288; cmstype: 1001
Created MasterVertex: msid: 617289; cmstype: 1001
Created MasterVertex: msid: 617290; cmstype: 1001
Created MasterVertex: msid: 740736; cmstype: 2
Created MasterVertex: msid: 740737; cmstype: 1001
Created MasterVertex: msid: 740738; cmstype: 1001
Created MasterVertex: msid: 740739; cmstype: 1001
Created MasterVertex: msid: 740740; cmstype: 1001
Created MasterVertex: msid: 740741; cmstype: 1001
Created MasterVertex: msid: 740742; cmstype: 1001
Created MasterVertex: msid: 740743; cmstype: 1001
Created MasterVertex: msid: 740744; cmstype: 1001
Created MasterVertex: msid: 740745; cmstype: 1001
Created MasterVertex: msid: 740746; cmstype: 1001
Created MasterVertex: msid: 864192; cmstype: 2
Created MasterVertex: msid: 864193; cmstype: 1001
Created MasterVertex: msid: 864194; cmstype: 1001
Created MasterVertex: msid: 864195; cmstype: 1001
Created MasterVertex: msid: 864196; cmstype: 1001
Created MasterVertex: msid: 864197; cmstype: 1001
Created MasterVertex: msid: 864198; cmstype: 1001
Created MasterVertex: msid: 864199; cmstype: 1001
Created MasterVertex: msid: 864200; cmstype: 1001
Created MasterVertex: msid: 864201; cmstype: 1001
Created MasterVertex: msid: 864202; cmstype: 1001
Created MasterVertex: msid: 987648; cmstype: 2
Created MasterVertex: msid: 987649; cmstype: 1001
Created MasterVertex: msid: 987650; cmstype: 1001
Created MasterVertex: msid: 987651; cmstype: 1001
Created MasterVertex: msid: 987652; cmstype: 1001
Created MasterVertex: msid: 987653; cmstype: 1001
Created MasterVertex: msid: 987654; cmstype: 1001
Created MasterVertex: msid: 987655; cmstype: 1001
Created MasterVertex: msid: 987656; cmstype: 1001
Created MasterVertex: msid: 987657; cmstype: 1001
Created MasterVertex: msid: 987658; cmstype: 1001
Created MasterVertex: msid: 1111104; cmstype: 2
Created MasterVertex: msid: 1111105; cmstype: 1001
Created MasterVertex: msid: 1111106; cmstype: 1001
Created MasterVertex: msid: 1111107; cmstype: 1001
Created MasterVertex: msid: 1111108; cmstype: 1001
Created MasterVertex: msid: 1111109; cmstype: 1001
Created MasterVertex: msid: 1111110; cmstype: 1001
Created MasterVertex: msid: 1111111; cmstype: 1001
Created MasterVertex: msid: 1111112; cmstype: 1001
Created MasterVertex: msid: 1111113; cmstype: 1001
Created MasterVertex: msid: 1111114; cmstype: 1001
Created MasterVertex: msid: 1234560; cmstype: 2
Created MasterVertex: msid: 1234561; cmstype: 1001
Created MasterVertex: msid: 1234562; cmstype: 1001
Created MasterVertex: msid: 1234563; cmstype: 1001
Created MasterVertex: msid: 1234564; cmstype: 1001
Created MasterVertex: msid: 1234565; cmstype: 1001
Created MasterVertex: msid: 1234566; cmstype: 1001
Created MasterVertex: msid: 1234567; cmstype: 1001
Created MasterVertex: msid: 1234568; cmstype: 1001
Created MasterVertex: msid: 1234569; cmstype: 1001
Created MasterVertex: msid: 1234570; cmstype: 1001
END createNodesAndEdges
10:13:23.085 [main] DEBUG o.j.g.database.StandardJanusGraph - Saving transaction. Added 798, removed 0
10:13:23.085 [main] DEBUG o.j.d.cassandra.CassandraTransaction - Created CassandraTransaction@4fe01805[read=QUORUM,write=QUORUM]
10:13:23.085 [main] DEBUG o.j.d.cassandra.CassandraTransaction - Created CassandraTransaction@55120f99[read=QUORUM,write=QUORUM]
10:13:23.085 [main] DEBUG o.j.d.l.c.ExpectedValueCheckingStore - Attempting to acquireLock on KeyColumn [k=0x 16-165-160-114-116- 30- 99-114-101- 97-116-101-100- 65-244, c=0x  0] ev=null
10:13:23.086 [main] DEBUG o.j.d.cassandra.CassandraTransaction - Created CassandraTransaction@794b435f[read=QUORUM,write=QUORUM]
10:13:23.087 [main] DEBUG o.j.d.l.c.ExpectedValueCheckingTransaction - Store expected value for KeyColumn [k=0x 16-165-160-114-116- 30- 99-114-101- 97-116-101-100- 65-244, c=0x  0]: null
10:13:23.087 [main] DEBUG o.j.d.l.c.ExpectedValueCheckingStore - Attempting to acquireLock on KeyColumn [k=0x 16-165-160-114-116- 30- 99-114-101- 97-116-101-100- 65-116- 95-229, c=0x  0] ev=null
10:13:23.087 [main] DEBUG o.j.d.cassandra.CassandraTransaction - Created CassandraTransaction@38f2e97e[read=QUORUM,write=QUORUM]
10:13:23.088 [main] DEBUG o.j.d.l.c.ExpectedValueCheckingTransaction - Store expected value for KeyColumn [k=0x 16-165-160-114-116- 30- 99-114-101- 97-116-101-100- 65-116- 95-229, c=0x  0]: null
10:13:23.189 [main] DEBUG o.j.d.l.c.ConsistentKeyLocker - Checked lock KeyColumn [k=0x 16-165-160-114-116- 30- 99-114-101- 97-116-101-100- 65-244, c=0x  0]
10:13:23.190 [main] DEBUG o.j.d.l.c.ConsistentKeyLocker - Checked lock KeyColumn [k=0x 16-165-160-114-116- 30- 99-114-101- 97-116-101-100- 65-116- 95-229, c=0x  0]
10:13:23.192 [main] DEBUG o.j.d.l.c.ExpectedValueCheckingStoreManager - Transaction org.janusgraph.diskstorage.locking.consistentkey.ExpectedValueCheckingTransaction@779dfe55 holds one or more locks: writing using consistent transaction CassandraTransaction@55120f99[read=QUORUM,write=QUORUM] due to held locks
10:13:23.195 [main] DEBUG o.j.d.cassandra.CassandraTransaction - Created CassandraTransaction@323659f8[read=QUORUM,write=QUORUM]
10:13:23.196 [main] DEBUG o.j.d.cassandra.CassandraTransaction - Created CassandraTransaction@1144a55a[read=QUORUM,write=QUORUM]
10:13:23.198 [main] DEBUG o.j.g.t.StandardJanusGraphTx - Guava vertex cache size: requested=20000 effective=20000 (min=100)
10:13:23.198 [main] DEBUG o.j.g.t.vertexcache.GuavaVertexCache - Created dirty vertex map with initial size 32
10:13:23.198 [main] DEBUG o.j.g.t.vertexcache.GuavaVertexCache - Created vertex cache with max size 20000
10:13:23.198 [main] DEBUG o.j.d.cassandra.CassandraTransaction - Created CassandraTransaction@3e521715[read=QUORUM,write=QUORUM]
10:13:23.198 [main] DEBUG o.j.d.cassandra.CassandraTransaction - Created CassandraTransaction@26a529dc[read=QUORUM,write=QUORUM]
10:13:23.199 [main] DEBUG o.j.g.t.StandardJanusGraphTx - Guava vertex cache size: requested=20000 effective=20000 (min=100)
10:13:23.199 [main] DEBUG o.j.g.t.vertexcache.GuavaVertexCache - Created dirty vertex map with initial size 32
10:13:23.199 [main] DEBUG o.j.g.t.vertexcache.GuavaVertexCache - Created vertex cache with max size 20000
10:13:23.199 [main] DEBUG o.j.d.cassandra.CassandraTransaction - Created CassandraTransaction@1286528d[read=QUORUM,write=QUORUM]
10:13:23.199 [main] DEBUG o.j.d.cassandra.CassandraTransaction - Created CassandraTransaction@3cc20577[read=QUORUM,write=QUORUM]
10:13:23.200 [main] DEBUG o.j.g.t.StandardJanusGraphTx - Guava vertex cache size: requested=20000 effective=20000 (min=100)
10:13:23.201 [main] DEBUG o.j.g.t.vertexcache.GuavaVertexCache - Created dirty vertex map with initial size 32
10:13:23.201 [main] DEBUG o.j.g.t.vertexcache.GuavaVertexCache - Created vertex cache with max size 20000
10:13:23.201 [main] DEBUG o.j.d.cassandra.CassandraTransaction - Created CassandraTransaction@775594f2[read=QUORUM,write=QUORUM]
10:13:23.201 [main] DEBUG o.j.d.cassandra.CassandraTransaction - Created CassandraTransaction@5767b2af[read=QUORUM,write=QUORUM]
10:13:23.202 [main] DEBUG o.j.g.t.StandardJanusGraphTx - Guava vertex cache size: requested=20000 effective=20000 (min=100)
10:13:23.202 [main] DEBUG o.j.g.t.vertexcache.GuavaVertexCache - Created dirty vertex map with initial size 32
10:13:23.202 [main] DEBUG o.j.g.t.vertexcache.GuavaVertexCache - Created vertex cache with max size 20000
10:13:23.202 [main] DEBUG o.j.d.cassandra.CassandraTransaction - Created CassandraTransaction@790132f7[read=QUORUM,write=QUORUM]
10:13:23.202 [main] DEBUG o.j.d.cassandra.CassandraTransaction - Created CassandraTransaction@2228db21[read=QUORUM,write=QUORUM]
10:13:23.203 [main] DEBUG o.j.g.t.StandardJanusGraphTx - Guava vertex cache size: requested=20000 effective=20000 (min=100)
10:13:23.203 [main] DEBUG o.j.g.t.vertexcache.GuavaVertexCache - Created dirty vertex map with initial size 32
10:13:23.203 [main] DEBUG o.j.g.t.vertexcache.GuavaVertexCache - Created vertex cache with max size 20000
10:13:23.203 [main] DEBUG o.j.d.cassandra.CassandraTransaction - Created CassandraTransaction@241a0c3a[read=QUORUM,write=QUORUM]
10:13:23.203 [main] DEBUG o.j.d.cassandra.CassandraTransaction - Created CassandraTransaction@547c04c4[read=QUORUM,write=QUORUM]
10:13:23.204 [main] DEBUG o.j.g.t.StandardJanusGraphTx - Guava vertex cache size: requested=20000 effective=20000 (min=100)
10:13:23.204 [main] DEBUG o.j.g.t.vertexcache.GuavaVertexCache - Created dirty vertex map with initial size 32
10:13:23.204 [main] DEBUG o.j.g.t.vertexcache.GuavaVertexCache - Created vertex cache with max size 20000
10:13:23.204 [main] DEBUG o.j.d.cassandra.CassandraTransaction - Created CassandraTransaction@7fae4d4a[read=QUORUM,write=QUORUM]
10:13:23.204 [main] DEBUG o.j.d.cassandra.CassandraTransaction - Created CassandraTransaction@ba1f559[read=QUORUM,write=QUORUM]
10:13:23.214 [main] DEBUG o.j.g.t.StandardJanusGraphTx - Guava vertex cache size: requested=20000 effective=20000 (min=100)
10:13:23.214 [main] DEBUG o.j.g.t.vertexcache.GuavaVertexCache - Created dirty vertex map with initial size 32
10:13:23.214 [main] DEBUG o.j.g.t.vertexcache.GuavaVertexCache - Created vertex cache with max size 20000
10:13:23.214 [main] DEBUG o.j.d.cassandra.CassandraTransaction - Created CassandraTransaction@46baf579[read=QUORUM,write=QUORUM]
10:13:23.215 [main] DEBUG o.j.d.cassandra.CassandraTransaction - Created CassandraTransaction@4bf324f9[read=QUORUM,write=QUORUM]
10:13:23.216 [main] DEBUG o.j.d.l.c.ExpectedValueCheckingStore - Attempting to acquireLock on KeyColumn [k=0x  4-137- 15-  9-148, c=0x  0] ev=null
10:13:23.216 [main] DEBUG o.j.d.cassandra.CassandraTransaction - Created CassandraTransaction@ca66933[read=QUORUM,write=QUORUM]
10:13:23.217 [main] DEBUG o.j.d.l.c.ExpectedValueCheckingTransaction - Store expected value for KeyColumn [k=0x  4-137- 15-  9-148, c=0x  0]: null
10:13:23.217 [main] DEBUG o.j.d.l.c.ExpectedValueCheckingStore - Attempting to acquireLock on KeyColumn [k=0x  4-137- 15-  9-132, c=0x  0] ev=null
10:13:23.217 [main] DEBUG o.j.d.cassandra.CassandraTransaction - Created CassandraTransaction@1d2644e3[read=QUORUM,write=QUORUM]
10:13:23.218 [main] DEBUG o.j.d.l.c.ExpectedValueCheckingTransaction - Store expected value for KeyColumn [k=0x  4-137- 15-  9-132, c=0x  0]: null
10:13:23.219 [main] DEBUG o.j.d.l.c.ExpectedValueCheckingStore - Attempting to acquireLock on KeyColumn [k=0x  4-137- 15-  9-136, c=0x  0] ev=null
10:13:23.219 [main] DEBUG o.j.d.cassandra.CassandraTransaction - Created CassandraTransaction@4fa06f52[read=QUORUM,write=QUORUM]
10:13:23.220 [main] DEBUG o.j.d.l.c.ExpectedValueCheckingTransaction - Store expected value for KeyColumn [k=0x  4-137- 15-  9-136, c=0x  0]: null
10:13:23.220 [main] DEBUG o.j.d.l.c.ExpectedValueCheckingStore - Attempting to acquireLock on KeyColumn [k=0x  4-137- 15-  9-146, c=0x  0] ev=null
10:13:23.220 [main] DEBUG o.j.d.cassandra.CassandraTransaction - Created CassandraTransaction@602c4656[read=QUORUM,write=QUORUM]
10:13:23.221 [main] DEBUG o.j.d.l.c.ExpectedValueCheckingTransaction - Store expected value for KeyColumn [k=0x  4-137- 15-  9-146, c=0x  0]: null
10:13:23.221 [main] DEBUG o.j.d.l.c.ExpectedValueCheckingStore - Attempting to acquireLock on KeyColumn [k=0x  4-137- 30- 18-130, c=0x  0] ev=null
10:13:23.221 [main] DEBUG o.j.d.cassandra.CassandraTransaction - Created CassandraTransaction@5ffc5491[read=QUORUM,write=QUORUM]
10:13:23.222 [main] DEBUG o.j.d.l.c.ExpectedValueCheckingTransaction - Store expected value for KeyColumn [k=0x  4-137- 30- 18-130, c=0x  0]: null
10:13:23.222 [main] DEBUG o.j.d.l.c.ExpectedValueCheckingStore - Attempting to acquireLock on KeyColumn [k=0x  4-137- 30- 18-142, c=0x  0] ev=null
10:13:23.222 [main] DEBUG o.j.d.cassandra.CassandraTransaction - Created CassandraTransaction@705202d1[read=QUORUM,write=QUORUM]
10:13:23.223 [main] DEBUG o.j.d.l.c.ExpectedValueCheckingTransaction - Store expected value for KeyColumn [k=0x  4-137- 30- 18-142, c=0x  0]: null
10:13:23.224 [main] DEBUG o.j.d.l.c.ExpectedValueCheckingStore - Attempting to acquireLock on KeyColumn [k=0x  4-137- 30- 18-148, c=0x  0] ev=null
10:13:23.224 [main] DEBUG o.j.d.cassandra.CassandraTransaction - Created CassandraTransaction@3c443976[read=QUORUM,write=QUORUM]
10:13:23.225 [main] DEBUG o.j.d.l.c.ExpectedValueCheckingTransaction - Store expected value for KeyColumn [k=0x  4-137- 30- 18-148, c=0x  0]: null
10:13:23.225 [main] DEBUG o.j.d.l.c.ExpectedValueCheckingStore - Attempting to acquireLock on KeyColumn [k=0x  4-137- 45- 27-138, c=0x  0] ev=null
10:13:23.225 [main] DEBUG o.j.d.cassandra.CassandraTransaction - Created CassandraTransaction@3e58d65e[read=QUORUM,write=QUORUM]
10:13:23.226 [main] DEBUG o.j.d.l.c.ExpectedValueCheckingTransaction - Store expected value for KeyColumn [k=0x  4-137- 45- 27-138, c=0x  0]: null
10:13:23.226 [main] DEBUG o.j.d.l.c.ExpectedValueCheckingStore - Attempting to acquireLock on KeyColumn [k=0x  4-137- 45- 27-144, c=0x  0] ev=null
10:13:23.226 [main] DEBUG o.j.d.cassandra.CassandraTransaction - Created CassandraTransaction@3bd55d8[read=QUORUM,write=QUORUM]
10:13:23.228 [main] DEBUG o.j.d.l.c.ExpectedValueCheckingTransaction - Store expected value for KeyColumn [k=0x  4-137- 45- 27-144, c=0x  0]: null
10:13:23.228 [main] DEBUG o.j.d.l.c.ExpectedValueCheckingStore - Attempting to acquireLock on KeyColumn [k=0x  4-137- 45- 27-148, c=0x  0] ev=null
10:13:23.228 [main] DEBUG o.j.d.cassandra.CassandraTransaction - Created CassandraTransaction@63998bf4[read=QUORUM,write=QUORUM]
10:13:23.230 [main] DEBUG o.j.d.l.c.ExpectedValueCheckingTransaction - Store expected value for KeyColumn [k=0x  4-137- 45- 27-148, c=0x  0]: null
10:13:23.230 [main] DEBUG o.j.d.l.c.ExpectedValueCheckingStore - Attempting to acquireLock on KeyColumn [k=0x  4-137- 60- 36-130, c=0x  0] ev=null
10:13:23.230 [main] DEBUG o.j.d.cassandra.CassandraTransaction - Created CassandraTransaction@7e0b9178[read=QUORUM,write=QUORUM]
10:13:23.231 [main] DEBUG o.j.d.l.c.ExpectedValueCheckingTransaction - Store expected value for KeyColumn [k=0x  4-137- 60- 36-130, c=0x  0]: null
10:13:23.231 [main] DEBUG o.j.d.l.c.ExpectedValueCheckingStore - Attempting to acquireLock on KeyColumn [k=0x  4-137- 60- 36-132, c=0x  0] ev=null
10:13:23.231 [main] DEBUG o.j.d.cassandra.CassandraTransaction - Created CassandraTransaction@61942c1[read=QUORUM,write=QUORUM]
10:13:23.232 [main] DEBUG o.j.d.l.c.ExpectedValueCheckingTransaction - Store expected value for KeyColumn [k=0x  4-137- 60- 36-132, c=0x  0]: null
10:13:23.232 [main] DEBUG o.j.d.l.c.ExpectedValueCheckingStore - Attempting to acquireLock on KeyColumn [k=0x  4-137- 60- 36-136, c=0x  0] ev=null
10:13:23.232 [main] DEBUG o.j.d.cassandra.CassandraTransaction - Created CassandraTransaction@6f63c44f[read=QUORUM,write=QUORUM]
10:13:23.234 [main] DEBUG o.j.d.l.c.ExpectedValueCheckingTransaction - Store expected value for KeyColumn [k=0x  4-137- 60- 36-136, c=0x  0]: null
10:13:23.234 [main] DEBUG o.j.d.l.c.ExpectedValueCheckingStore - Attempting to acquireLock on KeyColumn [k=0x  4-137- 60- 36-138, c=0x  0] ev=null
10:13:23.234 [main] DEBUG o.j.d.cassandra.CassandraTransaction - Created CassandraTransaction@408a247c[read=QUORUM,write=QUORUM]
10:13:23.235 [main] DEBUG o.j.d.l.c.ExpectedValueCheckingTransaction - Store expected value for KeyColumn [k=0x  4-137- 60- 36-138, c=0x  0]: null
10:13:23.235 [main] DEBUG o.j.d.l.c.ExpectedValueCheckingStore - Attempting to acquireLock on KeyColumn [k=0x  4-137- 60- 36-140, c=0x  0] ev=null
10:13:23.235 [main] DEBUG o.j.d.cassandra.CassandraTransaction - Created CassandraTransaction@62a8fd44[read=QUORUM,write=QUORUM]
10:13:23.236 [main] DEBUG o.j.d.l.c.ExpectedValueCheckingTransaction - Store expected value for KeyColumn [k=0x  4-137- 60- 36-140, c=0x  0]: null
10:13:23.236 [main] DEBUG o.j.d.l.c.ExpectedValueCheckingStore - Attempting to acquireLock on KeyColumn [k=0x  4-137-105- 63-128, c=0x  0] ev=null
10:13:23.236 [main] DEBUG o.j.d.cassandra.CassandraTransaction - Created CassandraTransaction@2e6ba49a[read=QUORUM,write=QUORUM]
10:13:23.237 [main] DEBUG o.j.d.l.c.ExpectedValueCheckingTransaction - Store expected value for KeyColumn [k=0x  4-137-105- 63-128, c=0x  0]: null
10:13:23.237 [main] DEBUG o.j.d.l.c.ExpectedValueCheckingStore - Attempting to acquireLock on KeyColumn [k=0x  4-137- 75- 45-134, c=0x  0] ev=null
10:13:23.237 [main] DEBUG o.j.d.cassandra.CassandraTransaction - Created CassandraTransaction@5f5b5ca4[read=QUORUM,write=QUORUM]
10:13:23.238 [main] DEBUG o.j.d.l.c.ExpectedValueCheckingTransaction - Store expected value for KeyColumn [k=0x  4-137- 75- 45-134, c=0x  0]: null
10:13:23.238 [main] DEBUG o.j.d.l.c.ExpectedValueCheckingStore - Attempting to acquireLock on KeyColumn [k=0x  4-137- 75- 45-148, c=0x  0] ev=null
10:13:23.238 [main] DEBUG o.j.d.cassandra.CassandraTransaction - Created CassandraTransaction@4ee33af7[read=QUORUM,write=QUORUM]
10:13:23.239 [main] DEBUG o.j.d.l.c.ExpectedValueCheckingTransaction - Store expected value for KeyColumn [k=0x  4-137- 75- 45-148, c=0x  0]: null
10:13:23.239 [main] DEBUG o.j.d.l.c.ExpectedValueCheckingStore - Attempting to acquireLock on KeyColumn [k=0x  4-137- 90- 54-144, c=0x  0] ev=null
10:13:23.239 [main] DEBUG o.j.d.cassandra.CassandraTransaction - Created CassandraTransaction@6b04acb2[read=QUORUM,write=QUORUM]
10:13:23.240 [main] DEBUG o.j.d.l.c.ExpectedValueCheckingTransaction - Store expected value for KeyColumn [k=0x  4-137- 90- 54-144, c=0x  0]: null
10:13:23.241 [main] DEBUG o.j.d.l.c.ExpectedValueCheckingStore - Attempting to acquireLock on KeyColumn [k=0x  4-137-120- 72-140, c=0x  0] ev=null
10:13:23.241 [main] DEBUG o.j.d.cassandra.CassandraTransaction - Created CassandraTransaction@18388a3c[read=QUORUM,write=QUORUM]
10:13:23.242 [main] DEBUG o.j.d.l.c.ExpectedValueCheckingTransaction - Store expected value for KeyColumn [k=0x  4-137-120- 72-140, c=0x  0]: null
10:13:23.242 [main] DEBUG o.j.d.l.c.ExpectedValueCheckingStore - Attempting to acquireLock on KeyColumn [k=0x  4-137-120- 72-148, c=0x  0] ev=null
10:13:23.242 [main] DEBUG o.j.d.cassandra.CassandraTransaction - Created CassandraTransaction@1d035be3[read=QUORUM,write=QUORUM]
10:13:23.243 [main] DEBUG o.j.d.l.c.ExpectedValueCheckingTransaction - Store expected value for KeyColumn [k=0x  4-137-120- 72-148, c=0x  0]: null
10:13:23.243 [main] DEBUG o.j.d.l.c.ExpectedValueCheckingStore - Attempting to acquireLock on KeyColumn [k=0x  4-137-  1-  7- 81-128, c=0x  0] ev=null
10:13:23.243 [main] DEBUG o.j.d.cassandra.CassandraTransaction - Created CassandraTransaction@4a60ee36[read=QUORUM,write=QUORUM]
10:13:23.244 [main] DEBUG o.j.d.l.c.ExpectedValueCheckingTransaction - Store expected value for KeyColumn [k=0x  4-137-  1-  7- 81-128, c=0x  0]: null
10:13:23.244 [main] DEBUG o.j.d.l.c.ExpectedValueCheckingStore - Attempting to acquireLock on KeyColumn [k=0x  4-137-  1-  7- 81-136, c=0x  0] ev=null
10:13:23.244 [main] DEBUG o.j.d.cassandra.CassandraTransaction - Created CassandraTransaction@4cfbaf4[read=QUORUM,write=QUORUM]
10:13:23.245 [main] DEBUG o.j.d.l.c.ExpectedValueCheckingTransaction - Store expected value for KeyColumn [k=0x  4-137-  1-  7- 81-136, c=0x  0]: null
10:13:23.245 [main] DEBUG o.j.d.l.c.ExpectedValueCheckingStore - Attempting to acquireLock on KeyColumn [k=0x  4-137-  1-  7- 81-148, c=0x  0] ev=null
10:13:23.245 [main] DEBUG o.j.d.cassandra.CassandraTransaction - Created CassandraTransaction@58faa93b[read=QUORUM,write=QUORUM]
10:13:23.247 [main] DEBUG o.j.d.l.c.ExpectedValueCheckingTransaction - Store expected value for KeyColumn [k=0x  4-137-  1-  7- 81-148, c=0x  0]: null
10:13:23.247 [main] DEBUG o.j.d.l.c.ExpectedValueCheckingStore - Attempting to acquireLock on KeyColumn [k=0x  4-137- 75- 45-136, c=0x  0] ev=null
10:13:23.247 [main] DEBUG o.j.d.cassandra.CassandraTransaction - Created CassandraTransaction@5f212d84[read=QUORUM,write=QUORUM]
10:13:23.249 [main] DEBUG o.j.d.l.c.ExpectedValueCheckingTransaction - Store expected value for KeyColumn [k=0x  4-137- 75- 45-136, c=0x  0]: null
10:13:23.249 [main] DEBUG o.j.d.l.c.ExpectedValueCheckingStore - Attempting to acquireLock on KeyColumn [k=0x  4-137- 15-  9-128, c=0x  0] ev=null
10:13:23.249 [main] DEBUG o.j.d.cassandra.CassandraTransaction - Created CassandraTransaction@127d7908[read=QUORUM,write=QUORUM]
10:13:23.250 [main] DEBUG o.j.d.l.c.ExpectedValueCheckingTransaction - Store expected value for KeyColumn [k=0x  4-137- 15-  9-128, c=0x  0]: null
10:13:23.250 [main] DEBUG o.j.d.l.c.ExpectedValueCheckingStore - Attempting to acquireLock on KeyColumn [k=0x  4-137- 45- 27-134, c=0x  0] ev=null
10:13:23.250 [main] DEBUG o.j.d.cassandra.CassandraTransaction - Created CassandraTransaction@6b9c69a9[read=QUORUM,write=QUORUM]
10:13:23.251 [main] DEBUG o.j.d.l.c.ExpectedValueCheckingTransaction - Store expected value for KeyColumn [k=0x  4-137- 45- 27-134, c=0x  0]: null
10:13:23.251 [main] DEBUG o.j.d.l.c.ExpectedValueCheckingStore - Attempting to acquireLock on KeyColumn [k=0x  4-137- 75- 45-128, c=0x  0] ev=null
10:13:23.251 [main] DEBUG o.j.d.cassandra.CassandraTransaction - Created CassandraTransaction@6622a690[read=QUORUM,write=QUORUM]
10:13:23.253 [main] DEBUG o.j.d.l.c.ExpectedValueCheckingTransaction - Store expected value for KeyColumn [k=0x  4-137- 75- 45-128, c=0x  0]: null
10:13:23.253 [main] DEBUG o.j.d.l.c.ExpectedValueCheckingStore - Attempting to acquireLock on KeyColumn [k=0x  4-137- 90- 54-136, c=0x  0] ev=null
10:13:23.253 [main] DEBUG o.j.d.cassandra.CassandraTransaction - Created CassandraTransaction@30b9eadd[read=QUORUM,write=QUORUM]
10:13:23.254 [main] DEBUG o.j.d.l.c.ExpectedValueCheckingTransaction - Store expected value for KeyColumn [k=0x  4-137- 90- 54-136, c=0x  0]: null
10:13:23.254 [main] DEBUG o.j.d.l.c.ExpectedValueCheckingStore - Attempting to acquireLock on KeyColumn [k=0x  4-137- 90- 54-142, c=0x  0] ev=null
10:13:23.254 [main] DEBUG o.j.d.cassandra.CassandraTransaction - Created CassandraTransaction@497570fb[read=QUORUM,write=QUORUM]
10:13:23.255 [main] DEBUG o.j.d.l.c.ExpectedValueCheckingTransaction - Store expected value for KeyColumn [k=0x  4-137- 90- 54-142, c=0x  0]: null
10:13:23.256 [main] DEBUG o.j.d.l.c.ExpectedValueCheckingStore - Attempting to acquireLock on KeyColumn [k=0x  4-137-105- 63-132, c=0x  0] ev=null
10:13:23.256 [main] DEBUG o.j.d.cassandra.CassandraTransaction - Created CassandraTransaction@412c995d[read=QUORUM,write=QUORUM]
10:13:23.257 [main] DEBUG o.j.d.l.c.ExpectedValueCheckingTransaction - Store expected value for KeyColumn [k=0x  4-137-105- 63-132, c=0x  0]: null
10:13:23.257 [main] DEBUG o.j.d.l.c.ExpectedValueCheckingStore - Attempting to acquireLock on KeyColumn [k=0x  4-137-105- 63-134, c=0x  0] ev=null
10:13:23.257 [main] DEBUG o.j.d.cassandra.CassandraTransaction - Created CassandraTransaction@3249a1ce[read=QUORUM,write=QUORUM]
10:13:23.258 [main] DEBUG o.j.d.l.c.ExpectedValueCheckingTransaction - Store expected value for KeyColumn [k=0x  4-137-105- 63-134, c=0x  0]: null
10:13:23.258 [main] DEBUG o.j.d.l.c.ExpectedValueCheckingStore - Attempting to acquireLock on KeyColumn [k=0x  4-137-105- 63-142, c=0x  0] ev=null
10:13:23.258 [main] DEBUG o.j.d.cassandra.CassandraTransaction - Created CassandraTransaction@4dd94a58[read=QUORUM,write=QUORUM]
10:13:23.259 [main] DEBUG o.j.d.l.c.ExpectedValueCheckingTransaction - Store expected value for KeyColumn [k=0x  4-137-105- 63-142, c=0x  0]: null
10:13:23.259 [main] DEBUG o.j.d.l.c.ExpectedValueCheckingStore - Attempting to acquireLock on KeyColumn [k=0x  4-137-105- 63-146, c=0x  0] ev=null
10:13:23.259 [main] DEBUG o.j.d.cassandra.CassandraTransaction - Created CassandraTransaction@2f4919b0[read=QUORUM,write=QUORUM]
10:13:23.260 [main] DEBUG o.j.d.l.c.ExpectedValueCheckingTransaction - Store expected value for KeyColumn [k=0x  4-137-105- 63-146, c=0x  0]: null
10:13:23.260 [main] DEBUG o.j.d.l.c.ExpectedValueCheckingStore - Attempting to acquireLock on KeyColumn [k=0x  4-137-120- 72-144, c=0x  0] ev=null
10:13:23.260 [main] DEBUG o.j.d.cassandra.CassandraTransaction - Created CassandraTransaction@a8a8b75[read=QUORUM,write=QUORUM]
10:13:23.261 [main] DEBUG o.j.d.l.c.ExpectedValueCheckingTransaction - Store expected value for KeyColumn [k=0x  4-137-120- 72-144, c=0x  0]: null
10:13:23.261 [main] DEBUG o.j.d.l.c.ExpectedValueCheckingStore - Attempting to acquireLock on KeyColumn [k=0x  4-137-120- 72-146, c=0x  0] ev=null
10:13:23.261 [main] DEBUG o.j.d.cassandra.CassandraTransaction - Created CassandraTransaction@75b21c3b[read=QUORUM,write=QUORUM]
10:13:23.262 [main] DEBUG o.j.d.l.c.ExpectedValueCheckingTransaction - Store expected value for KeyColumn [k=0x  4-137-120- 72-146, c=0x  0]: null
10:13:23.262 [main] DEBUG o.j.d.l.c.ExpectedValueCheckingStore - Attempting to acquireLock on KeyColumn [k=0x  4-137-  1- 22- 90-128, c=0x  0] ev=null
10:13:23.262 [main] DEBUG o.j.d.cassandra.CassandraTransaction - Created CassandraTransaction@72be135f[read=QUORUM,write=QUORUM]
10:13:23.263 [main] DEBUG o.j.d.l.c.ExpectedValueCheckingTransaction - Store expected value for KeyColumn [k=0x  4-137-  1- 22- 90-128, c=0x  0]: null
10:13:23.263 [main] DEBUG o.j.d.l.c.ExpectedValueCheckingStore - Attempting to acquireLock on KeyColumn [k=0x  4-137-  1- 22- 90-144, c=0x  0] ev=null
10:13:23.263 [main] DEBUG o.j.d.cassandra.CassandraTransaction - Created CassandraTransaction@155d1021[read=QUORUM,write=QUORUM]
10:13:23.264 [main] DEBUG o.j.d.l.c.ExpectedValueCheckingTransaction - Store expected value for KeyColumn [k=0x  4-137-  1- 22- 90-144, c=0x  0]: null
10:13:23.264 [main] DEBUG o.j.d.l.c.ExpectedValueCheckingStore - Attempting to acquireLock on KeyColumn [k=0x  4-137- 60- 36-142, c=0x  0] ev=null
10:13:23.264 [main] DEBUG o.j.d.cassandra.CassandraTransaction - Created CassandraTransaction@4bd2f0dc[read=QUORUM,write=QUORUM]
10:13:23.265 [main] DEBUG o.j.d.l.c.ExpectedValueCheckingTransaction - Store expected value for KeyColumn [k=0x  4-137- 60- 36-142, c=0x  0]: null
10:13:23.265 [main] DEBUG o.j.d.l.c.ExpectedValueCheckingStore - Attempting to acquireLock on KeyColumn [k=0x  4-137- 30- 18-140, c=0x  0] ev=null
10:13:23.265 [main] DEBUG o.j.d.cassandra.CassandraTransaction - Created CassandraTransaction@2e647e59[read=QUORUM,write=QUORUM]
10:13:23.266 [main] DEBUG o.j.d.l.c.ExpectedValueCheckingTransaction - Store expected value for KeyColumn [k=0x  4-137- 30- 18-140, c=0x  0]: null
10:13:23.266 [main] DEBUG o.j.d.l.c.ExpectedValueCheckingStore - Attempting to acquireLock on KeyColumn [k=0x  4-137- 30- 18-132, c=0x  0] ev=null
10:13:23.266 [main] DEBUG o.j.d.cassandra.CassandraTransaction - Created CassandraTransaction@2c42b421[read=QUORUM,write=QUORUM]
10:13:23.267 [main] DEBUG o.j.d.l.c.ExpectedValueCheckingTransaction - Store expected value for KeyColumn [k=0x  4-137- 30- 18-132, c=0x  0]: null
10:13:23.267 [main] DEBUG o.j.d.l.c.ExpectedValueCheckingStore - Attempting to acquireLock on KeyColumn [k=0x  4-137- 45- 27-130, c=0x  0] ev=null
10:13:23.267 [main] DEBUG o.j.d.cassandra.CassandraTransaction - Created CassandraTransaction@51e37590[read=QUORUM,write=QUORUM]
10:13:23.269 [main] DEBUG o.j.d.l.c.ExpectedValueCheckingTransaction - Store expected value for KeyColumn [k=0x  4-137- 45- 27-130, c=0x  0]: null
10:13:23.269 [main] DEBUG o.j.d.l.c.ExpectedValueCheckingStore - Attempting to acquireLock on KeyColumn [k=0x  4-137-120- 72-142, c=0x  0] ev=null
10:13:23.269 [main] DEBUG o.j.d.cassandra.CassandraTransaction - Created CassandraTransaction@deb3b60[read=QUORUM,write=QUORUM]
10:13:23.270 [main] DEBUG o.j.d.l.c.ExpectedValueCheckingTransaction - Store expected value for KeyColumn [k=0x  4-137-120- 72-142, c=0x  0]: null
10:13:23.270 [main] DEBUG o.j.d.l.c.ExpectedValueCheckingStore - Attempting to acquireLock on KeyColumn [k=0x  4-137-  1-  7- 81-146, c=0x  0] ev=null
10:13:23.270 [main] DEBUG o.j.d.cassandra.CassandraTransaction - Created CassandraTransaction@701a32[read=QUORUM,write=QUORUM]
10:13:23.271 [main] DEBUG o.j.d.l.c.ExpectedValueCheckingTransaction - Store expected value for KeyColumn [k=0x  4-137-  1-  7- 81-146, c=0x  0]: null
10:13:23.271 [main] DEBUG o.j.d.l.c.ExpectedValueCheckingStore - Attempting to acquireLock on KeyColumn [k=0x  4-137-120- 72-132, c=0x  0] ev=null
10:13:23.271 [main] DEBUG o.j.d.cassandra.CassandraTransaction - Created CassandraTransaction@39aa45a1[read=QUORUM,write=QUORUM]
10:13:23.272 [main] DEBUG o.j.d.l.c.ExpectedValueCheckingTransaction - Store expected value for KeyColumn [k=0x  4-137-120- 72-132, c=0x  0]: null
10:13:23.272 [main] DEBUG o.j.d.l.c.ExpectedValueCheckingStore - Attempting to acquireLock on KeyColumn [k=0x  4-137- 75- 45-138, c=0x  0] ev=null
10:13:23.272 [main] DEBUG o.j.d.cassandra.CassandraTransaction - Created CassandraTransaction@73aff8f1[read=QUORUM,write=QUORUM]
10:13:23.273 [main] DEBUG o.j.d.l.c.ExpectedValueCheckingTransaction - Store expected value for KeyColumn [k=0x  4-137- 75- 45-138, c=0x  0]: null
10:13:23.273 [main] DEBUG o.j.d.l.c.ExpectedValueCheckingStore - Attempting to acquireLock on KeyColumn [k=0x  4-137- 60- 36-146, c=0x  0] ev=null
10:13:23.273 [main] DEBUG o.j.d.cassandra.CassandraTransaction - Created CassandraTransaction@27cbfddf[read=QUORUM,write=QUORUM]
10:13:23.274 [main] DEBUG o.j.d.l.c.ExpectedValueCheckingTransaction - Store expected value for KeyColumn [k=0x  4-137- 60- 36-146, c=0x  0]: null
10:13:23.274 [main] DEBUG o.j.d.l.c.ExpectedValueCheckingStore - Attempting to acquireLock on KeyColumn [k=0x  4-137- 15-  9-142, c=0x  0] ev=null
10:13:23.274 [main] DEBUG o.j.d.cassandra.CassandraTransaction - Created CassandraTransaction@27ead29e[read=QUORUM,write=QUORUM]
10:13:23.275 [main] DEBUG o.j.d.l.c.ExpectedValueCheckingTransaction - Store expected value for KeyColumn [k=0x  4-137- 15-  9-142, c=0x  0]: null
10:13:23.275 [main] DEBUG o.j.d.l.c.ExpectedValueCheckingStore - Attempting to acquireLock on KeyColumn [k=0x  4-137- 45- 27-146, c=0x  0] ev=null
10:13:23.275 [main] DEBUG o.j.d.cassandra.CassandraTransaction - Created CassandraTransaction@4c060c8f[read=QUORUM,write=QUORUM]
10:13:23.276 [main] DEBUG o.j.d.l.c.ExpectedValueCheckingTransaction - Store expected value for KeyColumn [k=0x  4-137- 45- 27-146, c=0x  0]: null
10:13:23.276 [main] DEBUG o.j.d.l.c.ExpectedValueCheckingStore - Attempting to acquireLock on KeyColumn [k=0x  4-137-120- 72-128, c=0x  0] ev=null
10:13:23.276 [main] DEBUG o.j.d.cassandra.CassandraTransaction - Created CassandraTransaction@40620d8e[read=QUORUM,write=QUORUM]
10:13:23.277 [main] DEBUG o.j.d.l.c.ExpectedValueCheckingTransaction - Store expected value for KeyColumn [k=0x  4-137-120- 72-128, c=0x  0]: null
10:13:23.277 [main] DEBUG o.j.d.l.c.ExpectedValueCheckingStore - Attempting to acquireLock on KeyColumn [k=0x  4-137-  1-  7- 81-134, c=0x  0] ev=null
10:13:23.277 [main] DEBUG o.j.d.cassandra.CassandraTransaction - Created CassandraTransaction@383f3558[read=QUORUM,write=QUORUM]
10:13:23.278 [main] DEBUG o.j.d.l.c.ExpectedValueCheckingTransaction - Store expected value for KeyColumn [k=0x  4-137-  1-  7- 81-134, c=0x  0]: null
10:13:23.278 [main] DEBUG o.j.d.l.c.ExpectedValueCheckingStore - Attempting to acquireLock on KeyColumn [k=0x  4-137-  1-  7- 81-142, c=0x  0] ev=null
10:13:23.278 [main] DEBUG o.j.d.cassandra.CassandraTransaction - Created CassandraTransaction@49b07ee3[read=QUORUM,write=QUORUM]
10:13:23.279 [main] DEBUG o.j.d.l.c.ExpectedValueCheckingTransaction - Store expected value for KeyColumn [k=0x  4-137-  1-  7- 81-142, c=0x  0]: null
10:13:23.279 [main] DEBUG o.j.d.l.c.ExpectedValueCheckingStore - Attempting to acquireLock on KeyColumn [k=0x  4-137-  1- 22- 90-130, c=0x  0] ev=null
10:13:23.279 [main] DEBUG o.j.d.cassandra.CassandraTransaction - Created CassandraTransaction@352e612e[read=QUORUM,write=QUORUM]
10:13:23.280 [main] DEBUG o.j.d.l.c.ExpectedValueCheckingTransaction - Store expected value for KeyColumn [k=0x  4-137-  1- 22- 90-130, c=0x  0]: null
10:13:23.280 [main] DEBUG o.j.d.l.c.ExpectedValueCheckingStore - Attempting to acquireLock on KeyColumn [k=0x  4-137-  1- 22- 90-136, c=0x  0] ev=null
10:13:23.280 [main] DEBUG o.j.d.cassandra.CassandraTransaction - Created CassandraTransaction@65f00478[read=QUORUM,write=QUORUM]
10:13:23.281 [main] DEBUG o.j.d.l.c.ExpectedValueCheckingTransaction - Store expected value for KeyColumn [k=0x  4-137-  1- 22- 90-136, c=0x  0]: null
10:13:23.281 [main] DEBUG o.j.d.l.c.ExpectedValueCheckingStore - Attempting to acquireLock on KeyColumn [k=0x  4-137- 75- 45-130, c=0x  0] ev=null
10:13:23.281 [main] DEBUG o.j.d.cassandra.CassandraTransaction - Created CassandraTransaction@2424686b[read=QUORUM,write=QUORUM]
10:13:23.282 [main] DEBUG o.j.d.l.c.ExpectedValueCheckingTransaction - Store expected value for KeyColumn [k=0x  4-137- 75- 45-130, c=0x  0]: null
10:13:23.282 [main] DEBUG o.j.d.l.c.ExpectedValueCheckingStore - Attempting to acquireLock on KeyColumn [k=0x  4-137- 15-  9-144, c=0x  0] ev=null
10:13:23.282 [main] DEBUG o.j.d.cassandra.CassandraTransaction - Created CassandraTransaction@6ea94d6a[read=QUORUM,write=QUORUM]
10:13:23.284 [main] DEBUG o.j.d.l.c.ExpectedValueCheckingTransaction - Store expected value for KeyColumn [k=0x  4-137- 15-  9-144, c=0x  0]: null
10:13:23.284 [main] DEBUG o.j.d.l.c.ExpectedValueCheckingStore - Attempting to acquireLock on KeyColumn [k=0x  4-137- 15-  9-140, c=0x  0] ev=null
10:13:23.284 [main] DEBUG o.j.d.cassandra.CassandraTransaction - Created CassandraTransaction@28486680[read=QUORUM,write=QUORUM]
10:13:23.286 [main] DEBUG o.j.d.l.c.ExpectedValueCheckingTransaction - Store expected value for KeyColumn [k=0x  4-137- 15-  9-140, c=0x  0]: null
10:13:23.286 [main] DEBUG o.j.d.l.c.ExpectedValueCheckingStore - Attempting to acquireLock on KeyColumn [k=0x  4-137- 45- 27-132, c=0x  0] ev=null
10:13:23.286 [main] DEBUG o.j.d.cassandra.CassandraTransaction - Created CassandraTransaction@4d7e7435[read=QUORUM,write=QUORUM]
10:13:23.287 [main] DEBUG o.j.d.l.c.ExpectedValueCheckingTransaction - Store expected value for KeyColumn [k=0x  4-137- 45- 27-132, c=0x  0]: null
10:13:23.287 [main] DEBUG o.j.d.l.c.ExpectedValueCheckingStore - Attempting to acquireLock on KeyColumn [k=0x  4-137- 75- 45-146, c=0x  0] ev=null
10:13:23.287 [main] DEBUG o.j.d.cassandra.CassandraTransaction - Created CassandraTransaction@4a1e3ac1[read=QUORUM,write=QUORUM]
10:13:23.288 [main] DEBUG o.j.d.l.c.ExpectedValueCheckingTransaction - Store expected value for KeyColumn [k=0x  4-137- 75- 45-146, c=0x  0]: null
10:13:23.288 [main] DEBUG o.j.d.l.c.ExpectedValueCheckingStore - Attempting to acquireLock on KeyColumn [k=0x  4-137- 90- 54-132, c=0x  0] ev=null
10:13:23.288 [main] DEBUG o.j.d.cassandra.CassandraTransaction - Created CassandraTransaction@6e78fcf5[read=QUORUM,write=QUORUM]
10:13:23.289 [main] DEBUG o.j.d.l.c.ExpectedValueCheckingTransaction - Store expected value for KeyColumn [k=0x  4-137- 90- 54-132, c=0x  0]: null
10:13:23.289 [main] DEBUG o.j.d.l.c.ExpectedValueCheckingStore - Attempting to acquireLock on KeyColumn [k=0x  4-137- 90- 54-128, c=0x  0] ev=null
10:13:23.289 [main] DEBUG o.j.d.cassandra.CassandraTransaction - Created CassandraTransaction@56febdc[read=QUORUM,write=QUORUM]
10:13:23.290 [main] DEBUG o.j.d.l.c.ExpectedValueCheckingTransaction - Store expected value for KeyColumn [k=0x  4-137- 90- 54-128, c=0x  0]: null
10:13:23.290 [main] DEBUG o.j.d.l.c.ExpectedValueCheckingStore - Attempting to acquireLock on KeyColumn [k=0x  4-137-105- 63-140, c=0x  0] ev=null
10:13:23.291 [main] DEBUG o.j.d.cassandra.CassandraTransaction - Created CassandraTransaction@3b8ee898[read=QUORUM,write=QUORUM]
10:13:23.293 [main] DEBUG o.j.d.l.c.ExpectedValueCheckingTransaction - Store expected value for KeyColumn [k=0x  4-137-105- 63-140, c=0x  0]: null
10:13:23.293 [main] DEBUG o.j.d.l.c.ExpectedValueCheckingStore - Attempting to acquireLock on KeyColumn [k=0x  4-137- 90- 54-140, c=0x  0] ev=null
10:13:23.293 [main] DEBUG o.j.d.cassandra.CassandraTransaction - Created CassandraTransaction@7d151a[read=QUORUM,write=QUORUM]
10:13:23.294 [main] DEBUG o.j.d.l.c.ExpectedValueCheckingTransaction - Store expected value for KeyColumn [k=0x  4-137- 90- 54-140, c=0x  0]: null
10:13:23.294 [main] DEBUG o.j.d.l.c.ExpectedValueCheckingStore - Attempting to acquireLock on KeyColumn [k=0x  4-137-  1-  7- 81-140, c=0x  0] ev=null
10:13:23.294 [main] DEBUG o.j.d.cassandra.CassandraTransaction - Created CassandraTransaction@294bdeb4[read=QUORUM,write=QUORUM]
10:13:23.296 [main] DEBUG o.j.d.l.c.ExpectedValueCheckingTransaction - Store expected value for KeyColumn [k=0x  4-137-  1-  7- 81-140, c=0x  0]: null
10:13:23.296 [main] DEBUG o.j.d.l.c.ExpectedValueCheckingStore - Attempting to acquireLock on KeyColumn [k=0x  4-137-  1- 22- 90-138, c=0x  0] ev=null
10:13:23.296 [main] DEBUG o.j.d.cassandra.CassandraTransaction - Created CassandraTransaction@5300f14a[read=QUORUM,write=QUORUM]
10:13:23.297 [main] DEBUG o.j.d.l.c.ExpectedValueCheckingTransaction - Store expected value for KeyColumn [k=0x  4-137-  1- 22- 90-138, c=0x  0]: null
10:13:23.297 [main] DEBUG o.j.d.l.c.ExpectedValueCheckingStore - Attempting to acquireLock on KeyColumn [k=0x  4-137-  1-  7- 81-130, c=0x  0] ev=null
10:13:23.297 [main] DEBUG o.j.d.cassandra.CassandraTransaction - Created CassandraTransaction@1f86099a[read=QUORUM,write=QUORUM]
10:13:23.298 [main] DEBUG o.j.d.l.c.ExpectedValueCheckingTransaction - Store expected value for KeyColumn [k=0x  4-137-  1-  7- 81-130, c=0x  0]: null
10:13:23.298 [main] DEBUG o.j.d.l.c.ExpectedValueCheckingStore - Attempting to acquireLock on KeyColumn [k=0x  4-137- 30- 18-136, c=0x  0] ev=null
10:13:23.298 [main] DEBUG o.j.d.cassandra.CassandraTransaction - Created CassandraTransaction@77bb0ab5[read=QUORUM,write=QUORUM]
10:13:23.300 [main] DEBUG o.j.d.l.c.ExpectedValueCheckingTransaction - Store expected value for KeyColumn [k=0x  4-137- 30- 18-136, c=0x  0]: null
10:13:23.300 [main] DEBUG o.j.d.l.c.ExpectedValueCheckingStore - Attempting to acquireLock on KeyColumn [k=0x  4-137- 15-  9-130, c=0x  0] ev=null
10:13:23.300 [main] DEBUG o.j.d.cassandra.CassandraTransaction - Created CassandraTransaction@f2c488[read=QUORUM,write=QUORUM]
10:13:23.301 [main] DEBUG o.j.d.l.c.ExpectedValueCheckingTransaction - Store expected value for KeyColumn [k=0x  4-137- 15-  9-130, c=0x  0]: null
10:13:23.301 [main] DEBUG o.j.d.l.c.ExpectedValueCheckingStore - Attempting to acquireLock on KeyColumn [k=0x  4-137-128, c=0x  0] ev=null
10:13:23.301 [main] DEBUG o.j.d.cassandra.CassandraTransaction - Created CassandraTransaction@54acff7d[read=QUORUM,write=QUORUM]
10:13:23.302 [main] DEBUG o.j.d.l.c.ExpectedValueCheckingTransaction - Store expected value for KeyColumn [k=0x  4-137-128, c=0x  0]: null
10:13:23.302 [main] DEBUG o.j.d.l.c.ExpectedValueCheckingStore - Attempting to acquireLock on KeyColumn [k=0x  4-137- 15-  9-138, c=0x  0] ev=null
10:13:23.302 [main] DEBUG o.j.d.cassandra.CassandraTransaction - Created CassandraTransaction@7bc9e6ab[read=QUORUM,write=QUORUM]
10:13:23.303 [main] DEBUG o.j.d.l.c.ExpectedValueCheckingTransaction - Store expected value for KeyColumn [k=0x  4-137- 15-  9-138, c=0x  0]: null
10:13:23.303 [main] DEBUG o.j.d.l.c.ExpectedValueCheckingStore - Attempting to acquireLock on KeyColumn [k=0x  4-137- 30- 18-138, c=0x  0] ev=null
10:13:23.303 [main] DEBUG o.j.d.cassandra.CassandraTransaction - Created CassandraTransaction@5488b5c5[read=QUORUM,write=QUORUM]
10:13:23.304 [main] DEBUG o.j.d.l.c.ExpectedValueCheckingTransaction - Store expected value for KeyColumn [k=0x  4-137- 30- 18-138, c=0x  0]: null
10:13:23.304 [main] DEBUG o.j.d.l.c.ExpectedValueCheckingStore - Attempting to acquireLock on KeyColumn [k=0x  4-137- 45- 27-136, c=0x  0] ev=null
10:13:23.304 [main] DEBUG o.j.d.cassandra.CassandraTransaction - Created CassandraTransaction@4248ed58[read=QUORUM,write=QUORUM]
10:13:23.305 [main] DEBUG o.j.d.l.c.ExpectedValueCheckingTransaction - Store expected value for KeyColumn [k=0x  4-137- 45- 27-136, c=0x  0]: null
10:13:23.305 [main] DEBUG o.j.d.l.c.ExpectedValueCheckingStore - Attempting to acquireLock on KeyColumn [k=0x  4-137- 45- 27-140, c=0x  0] ev=null
10:13:23.305 [main] DEBUG o.j.d.cassandra.CassandraTransaction - Created CassandraTransaction@712ca57b[read=QUORUM,write=QUORUM]
10:13:23.306 [main] DEBUG o.j.d.l.c.ExpectedValueCheckingTransaction - Store expected value for KeyColumn [k=0x  4-137- 45- 27-140, c=0x  0]: null
10:13:23.306 [main] DEBUG o.j.d.l.c.ExpectedValueCheckingStore - Attempting to acquireLock on KeyColumn [k=0x  4-137- 75- 45-132, c=0x  0] ev=null
10:13:23.306 [main] DEBUG o.j.d.cassandra.CassandraTransaction - Created CassandraTransaction@4564e94b[read=QUORUM,write=QUORUM]
10:13:23.307 [main] DEBUG o.j.d.l.c.ExpectedValueCheckingTransaction - Store expected value for KeyColumn [k=0x  4-137- 75- 45-132, c=0x  0]: null
10:13:23.307 [main] DEBUG o.j.d.l.c.ExpectedValueCheckingStore - Attempting to acquireLock on KeyColumn [k=0x  4-137-105- 63-136, c=0x  0] ev=null
10:13:23.307 [main] DEBUG o.j.d.cassandra.CassandraTransaction - Created CassandraTransaction@54534abf[read=QUORUM,write=QUORUM]
10:13:23.308 [main] DEBUG o.j.d.l.c.ExpectedValueCheckingTransaction - Store expected value for KeyColumn [k=0x  4-137-105- 63-136, c=0x  0]: null
10:13:23.308 [main] DEBUG o.j.d.l.c.ExpectedValueCheckingStore - Attempting to acquireLock on KeyColumn [k=0x  4-137-105- 63-144, c=0x  0] ev=null
10:13:23.308 [main] DEBUG o.j.d.cassandra.CassandraTransaction - Created CassandraTransaction@51745f40[read=QUORUM,write=QUORUM]
10:13:23.309 [main] DEBUG o.j.d.l.c.ExpectedValueCheckingTransaction - Store expected value for KeyColumn [k=0x  4-137-105- 63-144, c=0x  0]: null
10:13:23.309 [main] DEBUG o.j.d.l.c.ExpectedValueCheckingStore - Attempting to acquireLock on KeyColumn [k=0x  4-137-120- 72-134, c=0x  0] ev=null
10:13:23.309 [main] DEBUG o.j.d.cassandra.CassandraTransaction - Created CassandraTransaction@45673f68[read=QUORUM,write=QUORUM]
10:13:23.310 [main] DEBUG o.j.d.l.c.ExpectedValueCheckingTransaction - Store expected value for KeyColumn [k=0x  4-137-120- 72-134, c=0x  0]: null
10:13:23.310 [main] DEBUG o.j.d.l.c.ExpectedValueCheckingStore - Attempting to acquireLock on KeyColumn [k=0x  4-137-  1- 22- 90-134, c=0x  0] ev=null
10:13:23.311 [main] DEBUG o.j.d.cassandra.CassandraTransaction - Created CassandraTransaction@27abb83e[read=QUORUM,write=QUORUM]
10:13:23.312 [main] DEBUG o.j.d.l.c.ExpectedValueCheckingTransaction - Store expected value for KeyColumn [k=0x  4-137-  1- 22- 90-134, c=0x  0]: null
10:13:23.312 [main] DEBUG o.j.d.l.c.ExpectedValueCheckingStore - Attempting to acquireLock on KeyColumn [k=0x  4-137-  1- 22- 90-142, c=0x  0] ev=null
10:13:23.312 [main] DEBUG o.j.d.cassandra.CassandraTransaction - Created CassandraTransaction@69e308c6[read=QUORUM,write=QUORUM]
10:13:23.313 [main] DEBUG o.j.d.l.c.ExpectedValueCheckingTransaction - Store expected value for KeyColumn [k=0x  4-137-  1- 22- 90-142, c=0x  0]: null
10:13:23.313 [main] DEBUG o.j.d.l.c.ExpectedValueCheckingStore - Attempting to acquireLock on KeyColumn [k=0x  4-137- 90- 54-130, c=0x  0] ev=null
10:13:23.313 [main] DEBUG o.j.d.cassandra.CassandraTransaction - Created CassandraTransaction@1a1ed4e5[read=QUORUM,write=QUORUM]
10:13:23.314 [main] DEBUG o.j.d.l.c.ExpectedValueCheckingTransaction - Store expected value for KeyColumn [k=0x  4-137- 90- 54-130, c=0x  0]: null
10:13:23.314 [main] DEBUG o.j.d.l.c.ExpectedValueCheckingStore - Attempting to acquireLock on KeyColumn [k=0x  4-137- 45- 27-128, c=0x  0] ev=null
10:13:23.314 [main] DEBUG o.j.d.cassandra.CassandraTransaction - Created CassandraTransaction@667e34b1[read=QUORUM,write=QUORUM]
10:13:23.316 [main] DEBUG o.j.d.l.c.ExpectedValueCheckingTransaction - Store expected value for KeyColumn [k=0x  4-137- 45- 27-128, c=0x  0]: null
10:13:23.316 [main] DEBUG o.j.d.l.c.ExpectedValueCheckingStore - Attempting to acquireLock on KeyColumn [k=0x  4-137- 30- 18-146, c=0x  0] ev=null
10:13:23.316 [main] DEBUG o.j.d.cassandra.CassandraTransaction - Created CassandraTransaction@1c6e0a08[read=QUORUM,write=QUORUM]
10:13:23.317 [main] DEBUG o.j.d.l.c.ExpectedValueCheckingTransaction - Store expected value for KeyColumn [k=0x  4-137- 30- 18-146, c=0x  0]: null
10:13:23.317 [main] DEBUG o.j.d.l.c.ExpectedValueCheckingStore - Attempting to acquireLock on KeyColumn [k=0x  4-137- 75- 45-142, c=0x  0] ev=null
10:13:23.317 [main] DEBUG o.j.d.cassandra.CassandraTransaction - Created CassandraTransaction@6dba847b[read=QUORUM,write=QUORUM]
10:13:23.318 [main] DEBUG o.j.d.l.c.ExpectedValueCheckingTransaction - Store expected value for KeyColumn [k=0x  4-137- 75- 45-142, c=0x  0]: null
10:13:23.318 [main] DEBUG o.j.d.l.c.ExpectedValueCheckingStore - Attempting to acquireLock on KeyColumn [k=0x  4-137- 90- 54-138, c=0x  0] ev=null
10:13:23.318 [main] DEBUG o.j.d.cassandra.CassandraTransaction - Created CassandraTransaction@1efdcd5[read=QUORUM,write=QUORUM]
10:13:23.319 [main] DEBUG o.j.d.l.c.ExpectedValueCheckingTransaction - Store expected value for KeyColumn [k=0x  4-137- 90- 54-138, c=0x  0]: null
10:13:23.319 [main] DEBUG o.j.d.l.c.ExpectedValueCheckingStore - Attempting to acquireLock on KeyColumn [k=0x  4-137-105- 63-130, c=0x  0] ev=null
10:13:23.319 [main] DEBUG o.j.d.cassandra.CassandraTransaction - Created CassandraTransaction@1623bbe5[read=QUORUM,write=QUORUM]
10:13:23.320 [main] DEBUG o.j.d.l.c.ExpectedValueCheckingTransaction - Store expected value for KeyColumn [k=0x  4-137-105- 63-130, c=0x  0]: null
10:13:23.320 [main] DEBUG o.j.d.l.c.ExpectedValueCheckingStore - Attempting to acquireLock on KeyColumn [k=0x  4-137-120- 72-136, c=0x  0] ev=null
10:13:23.320 [main] DEBUG o.j.d.cassandra.CassandraTransaction - Created CassandraTransaction@7af1cd63[read=QUORUM,write=QUORUM]
10:13:23.321 [main] DEBUG o.j.d.l.c.ExpectedValueCheckingTransaction - Store expected value for KeyColumn [k=0x  4-137-120- 72-136, c=0x  0]: null
10:13:23.321 [main] DEBUG o.j.d.l.c.ExpectedValueCheckingStore - Attempting to acquireLock on KeyColumn [k=0x  4-137-  1-  7- 81-132, c=0x  0] ev=null
10:13:23.321 [main] DEBUG o.j.d.cassandra.CassandraTransaction - Created CassandraTransaction@4351171a[read=QUORUM,write=QUORUM]
10:13:23.322 [main] DEBUG o.j.d.l.c.ExpectedValueCheckingTransaction - Store expected value for KeyColumn [k=0x  4-137-  1-  7- 81-132, c=0x  0]: null
10:13:23.322 [main] DEBUG o.j.d.l.c.ExpectedValueCheckingStore - Attempting to acquireLock on KeyColumn [k=0x  4-137-  1- 22- 90-146, c=0x  0] ev=null
10:13:23.322 [main] DEBUG o.j.d.cassandra.CassandraTransaction - Created CassandraTransaction@3c2772d1[read=QUORUM,write=QUORUM]
10:13:23.323 [main] DEBUG o.j.d.l.c.ExpectedValueCheckingTransaction - Store expected value for KeyColumn [k=0x  4-137-  1- 22- 90-146, c=0x  0]: null
10:13:23.323 [main] DEBUG o.j.d.l.c.ExpectedValueCheckingStore - Attempting to acquireLock on KeyColumn [k=0x  4-137- 60- 36-134, c=0x  0] ev=null
10:13:23.323 [main] DEBUG o.j.d.cassandra.CassandraTransaction - Created CassandraTransaction@37d00a23[read=QUORUM,write=QUORUM]
10:13:23.324 [main] DEBUG o.j.d.l.c.ExpectedValueCheckingTransaction - Store expected value for KeyColumn [k=0x  4-137- 60- 36-134, c=0x  0]: null
10:13:23.324 [main] DEBUG o.j.d.l.c.ExpectedValueCheckingStore - Attempting to acquireLock on KeyColumn [k=0x  4-137- 45- 27-142, c=0x  0] ev=null
10:13:23.324 [main] DEBUG o.j.d.cassandra.CassandraTransaction - Created CassandraTransaction@433e536f[read=QUORUM,write=QUORUM]
10:13:23.325 [main] DEBUG o.j.d.l.c.ExpectedValueCheckingTransaction - Store expected value for KeyColumn [k=0x  4-137- 45- 27-142, c=0x  0]: null
10:13:23.325 [main] DEBUG o.j.d.l.c.ExpectedValueCheckingStore - Attempting to acquireLock on KeyColumn [k=0x  4-137- 30- 18-128, c=0x  0] ev=null
10:13:23.325 [main] DEBUG o.j.d.cassandra.CassandraTransaction - Created CassandraTransaction@89c65d5[read=QUORUM,write=QUORUM]
10:13:23.326 [main] DEBUG o.j.d.l.c.ExpectedValueCheckingTransaction - Store expected value for KeyColumn [k=0x  4-137- 30- 18-128, c=0x  0]: null
10:13:23.326 [main] DEBUG o.j.d.l.c.ExpectedValueCheckingStore - Attempting to acquireLock on KeyColumn [k=0x  4-137- 60- 36-128, c=0x  0] ev=null
10:13:23.326 [main] DEBUG o.j.d.cassandra.CassandraTransaction - Created CassandraTransaction@faa3fed[read=QUORUM,write=QUORUM]
10:13:23.327 [main] DEBUG o.j.d.l.c.ExpectedValueCheckingTransaction - Store expected value for KeyColumn [k=0x  4-137- 60- 36-128, c=0x  0]: null
10:13:23.327 [main] DEBUG o.j.d.l.c.ExpectedValueCheckingStore - Attempting to acquireLock on KeyColumn [k=0x  4-137- 60- 36-148, c=0x  0] ev=null
10:13:23.327 [main] DEBUG o.j.d.cassandra.CassandraTransaction - Created CassandraTransaction@381cad29[read=QUORUM,write=QUORUM]
10:13:23.328 [main] DEBUG o.j.d.l.c.ExpectedValueCheckingTransaction - Store expected value for KeyColumn [k=0x  4-137- 60- 36-148, c=0x  0]: null
10:13:23.328 [main] DEBUG o.j.d.l.c.ExpectedValueCheckingStore - Attempting to acquireLock on KeyColumn [k=0x  4-137- 75- 45-140, c=0x  0] ev=null
10:13:23.328 [main] DEBUG o.j.d.cassandra.CassandraTransaction - Created CassandraTransaction@988246e[read=QUORUM,write=QUORUM]
10:13:23.329 [main] DEBUG o.j.d.l.c.ExpectedValueCheckingTransaction - Store expected value for KeyColumn [k=0x  4-137- 75- 45-140, c=0x  0]: null
10:13:23.329 [main] DEBUG o.j.d.l.c.ExpectedValueCheckingStore - Attempting to acquireLock on KeyColumn [k=0x  4-137- 75- 45-144, c=0x  0] ev=null
10:13:23.329 [main] DEBUG o.j.d.cassandra.CassandraTransaction - Created CassandraTransaction@62515a47[read=QUORUM,write=QUORUM]
10:13:23.330 [main] DEBUG o.j.d.l.c.ExpectedValueCheckingTransaction - Store expected value for KeyColumn [k=0x  4-137- 75- 45-144, c=0x  0]: null
10:13:23.330 [main] DEBUG o.j.d.l.c.ExpectedValueCheckingStore - Attempting to acquireLock on KeyColumn [k=0x  4-137- 90- 54-134, c=0x  0] ev=null
10:13:23.330 [main] DEBUG o.j.d.cassandra.CassandraTransaction - Created CassandraTransaction@3c5a54b7[read=QUORUM,write=QUORUM]
10:13:23.331 [main] DEBUG o.j.d.l.c.ExpectedValueCheckingTransaction - Store expected value for KeyColumn [k=0x  4-137- 90- 54-134, c=0x  0]: null
10:13:23.331 [main] DEBUG o.j.d.l.c.ExpectedValueCheckingStore - Attempting to acquireLock on KeyColumn [k=0x  4-137-105- 63-138, c=0x  0] ev=null
10:13:23.331 [main] DEBUG o.j.d.cassandra.CassandraTransaction - Created CassandraTransaction@61f2c3f0[read=QUORUM,write=QUORUM]
10:13:23.332 [main] DEBUG o.j.d.l.c.ExpectedValueCheckingTransaction - Store expected value for KeyColumn [k=0x  4-137-105- 63-138, c=0x  0]: null
10:13:23.332 [main] DEBUG o.j.d.l.c.ExpectedValueCheckingStore - Attempting to acquireLock on KeyColumn [k=0x  4-137-105- 63-148, c=0x  0] ev=null
10:13:23.332 [main] DEBUG o.j.d.cassandra.CassandraTransaction - Created CassandraTransaction@291120f4[read=QUORUM,write=QUORUM]
10:13:23.333 [main] DEBUG o.j.d.l.c.ExpectedValueCheckingTransaction - Store expected value for KeyColumn [k=0x  4-137-105- 63-148, c=0x  0]: null
10:13:23.333 [main] DEBUG o.j.d.l.c.ExpectedValueCheckingStore - Attempting to acquireLock on KeyColumn [k=0x  4-137-  1-  7- 81-144, c=0x  0] ev=null
10:13:23.333 [main] DEBUG o.j.d.cassandra.CassandraTransaction - Created CassandraTransaction@417ad4f3[read=QUORUM,write=QUORUM]
10:13:23.334 [main] DEBUG o.j.d.l.c.ExpectedValueCheckingTransaction - Store expected value for KeyColumn [k=0x  4-137-  1-  7- 81-144, c=0x  0]: null
10:13:23.334 [main] DEBUG o.j.d.l.c.ExpectedValueCheckingStore - Attempting to acquireLock on KeyColumn [k=0x  4-137-  1- 22- 90-140, c=0x  0] ev=null
10:13:23.334 [main] DEBUG o.j.d.cassandra.CassandraTransaction - Created CassandraTransaction@2f6bcf87[read=QUORUM,write=QUORUM]
10:13:23.335 [main] DEBUG o.j.d.l.c.ExpectedValueCheckingTransaction - Store expected value for KeyColumn [k=0x  4-137-  1- 22- 90-140, c=0x  0]: null
10:13:23.335 [main] DEBUG o.j.d.l.c.ExpectedValueCheckingStore - Attempting to acquireLock on KeyColumn [k=0x  4-137- 60- 36-144, c=0x  0] ev=null
10:13:23.335 [main] DEBUG o.j.d.cassandra.CassandraTransaction - Created CassandraTransaction@58f174d9[read=QUORUM,write=QUORUM]
10:13:23.336 [main] DEBUG o.j.d.l.c.ExpectedValueCheckingTransaction - Store expected value for KeyColumn [k=0x  4-137- 60- 36-144, c=0x  0]: null
10:13:23.336 [main] DEBUG o.j.d.l.c.ExpectedValueCheckingStore - Attempting to acquireLock on KeyColumn [k=0x  4-137- 15-  9-134, c=0x  0] ev=null
10:13:23.336 [main] DEBUG o.j.d.cassandra.CassandraTransaction - Created CassandraTransaction@78c7f9b3[read=QUORUM,write=QUORUM]
10:13:23.338 [main] DEBUG o.j.d.l.c.ExpectedValueCheckingTransaction - Store expected value for KeyColumn [k=0x  4-137- 15-  9-134, c=0x  0]: null
10:13:23.338 [main] DEBUG o.j.d.l.c.ExpectedValueCheckingStore - Attempting to acquireLock on KeyColumn [k=0x  4-137- 30- 18-134, c=0x  0] ev=null
10:13:23.338 [main] DEBUG o.j.d.cassandra.CassandraTransaction - Created CassandraTransaction@6f8d7714[read=QUORUM,write=QUORUM]
10:13:23.339 [main] DEBUG o.j.d.l.c.ExpectedValueCheckingTransaction - Store expected value for KeyColumn [k=0x  4-137- 30- 18-134, c=0x  0]: null
10:13:23.339 [main] DEBUG o.j.d.l.c.ExpectedValueCheckingStore - Attempting to acquireLock on KeyColumn [k=0x  4-137- 30- 18-144, c=0x  0] ev=null
10:13:23.339 [main] DEBUG o.j.d.cassandra.CassandraTransaction - Created CassandraTransaction@1e6b9a95[read=QUORUM,write=QUORUM]
10:13:23.340 [main] DEBUG o.j.d.l.c.ExpectedValueCheckingTransaction - Store expected value for KeyColumn [k=0x  4-137- 30- 18-144, c=0x  0]: null
10:13:23.340 [main] DEBUG o.j.d.l.c.ExpectedValueCheckingStore - Attempting to acquireLock on KeyColumn [k=0x  4-137- 90- 54-146, c=0x  0] ev=null
10:13:23.340 [main] DEBUG o.j.d.cassandra.CassandraTransaction - Created CassandraTransaction@4d6f623d[read=QUORUM,write=QUORUM]
10:13:23.341 [main] DEBUG o.j.d.l.c.ExpectedValueCheckingTransaction - Store expected value for KeyColumn [k=0x  4-137- 90- 54-146, c=0x  0]: null
10:13:23.341 [main] DEBUG o.j.d.l.c.ExpectedValueCheckingStore - Attempting to acquireLock on KeyColumn [k=0x  4-137- 90- 54-148, c=0x  0] ev=null
10:13:23.341 [main] DEBUG o.j.d.cassandra.CassandraTransaction - Created CassandraTransaction@aa21042[read=QUORUM,write=QUORUM]
10:13:23.342 [main] DEBUG o.j.d.l.c.ExpectedValueCheckingTransaction - Store expected value for KeyColumn [k=0x  4-137- 90- 54-148, c=0x  0]: null
10:13:23.342 [main] DEBUG o.j.d.l.c.ExpectedValueCheckingStore - Attempting to acquireLock on KeyColumn [k=0x  4-137-120- 72-130, c=0x  0] ev=null
10:13:23.342 [main] DEBUG o.j.d.cassandra.CassandraTransaction - Created CassandraTransaction@e93f3d5[read=QUORUM,write=QUORUM]
10:13:23.343 [main] DEBUG o.j.d.l.c.ExpectedValueCheckingTransaction - Store expected value for KeyColumn [k=0x  4-137-120- 72-130, c=0x  0]: null
10:13:23.343 [main] DEBUG o.j.d.l.c.ExpectedValueCheckingStore - Attempting to acquireLock on KeyColumn [k=0x  4-137-120- 72-138, c=0x  0] ev=null
10:13:23.343 [main] DEBUG o.j.d.cassandra.CassandraTransaction - Created CassandraTransaction@4cee7fa0[read=QUORUM,write=QUORUM]
10:13:23.344 [main] DEBUG o.j.d.l.c.ExpectedValueCheckingTransaction - Store expected value for KeyColumn [k=0x  4-137-120- 72-138, c=0x  0]: null
10:13:23.344 [main] DEBUG o.j.d.l.c.ExpectedValueCheckingStore - Attempting to acquireLock on KeyColumn [k=0x  4-137-  1-  7- 81-138, c=0x  0] ev=null
10:13:23.344 [main] DEBUG o.j.d.cassandra.CassandraTransaction - Created CassandraTransaction@7a26928a[read=QUORUM,write=QUORUM]
10:13:23.345 [main] DEBUG o.j.d.l.c.ExpectedValueCheckingTransaction - Store expected value for KeyColumn [k=0x  4-137-  1-  7- 81-138, c=0x  0]: null
10:13:23.345 [main] DEBUG o.j.d.l.c.ExpectedValueCheckingStore - Attempting to acquireLock on KeyColumn [k=0x  4-137-  1- 22- 90-132, c=0x  0] ev=null
10:13:23.345 [main] DEBUG o.j.d.cassandra.CassandraTransaction - Created CassandraTransaction@601cbd8c[read=QUORUM,write=QUORUM]
10:13:23.346 [main] DEBUG o.j.d.l.c.ExpectedValueCheckingTransaction - Store expected value for KeyColumn [k=0x  4-137-  1- 22- 90-132, c=0x  0]: null
10:13:23.346 [main] DEBUG o.j.d.l.c.ExpectedValueCheckingStore - Attempting to acquireLock on KeyColumn [k=0x  4-137-  1- 22- 90-148, c=0x  0] ev=null
10:13:23.346 [main] DEBUG o.j.d.cassandra.CassandraTransaction - Created CassandraTransaction@7180e701[read=QUORUM,write=QUORUM]
10:13:23.347 [main] DEBUG o.j.d.l.c.ExpectedValueCheckingTransaction - Store expected value for KeyColumn [k=0x  4-137-  1- 22- 90-148, c=0x  0]: null
10:13:23.348 [main] DEBUG o.j.g.t.StandardJanusGraphTx - Guava vertex cache size: requested=20000 effective=20000 (min=100)
10:13:23.348 [main] DEBUG o.j.g.t.vertexcache.GuavaVertexCache - Created dirty vertex map with initial size 32
10:13:23.348 [main] DEBUG o.j.g.t.vertexcache.GuavaVertexCache - Created vertex cache with max size 20000
10:13:23.348 [main] DEBUG o.j.d.cassandra.CassandraTransaction - Created CassandraTransaction@4e2c95ee[read=QUORUM,write=QUORUM]
10:13:23.348 [main] DEBUG o.j.d.cassandra.CassandraTransaction - Created CassandraTransaction@d0ec63[read=QUORUM,write=QUORUM]
10:13:23.350 [main] DEBUG o.j.g.t.StandardJanusGraphTx - Guava vertex cache size: requested=20000 effective=20000 (min=100)
10:13:23.350 [main] DEBUG o.j.g.t.vertexcache.GuavaVertexCache - Created dirty vertex map with initial size 32
10:13:23.350 [main] DEBUG o.j.g.t.vertexcache.GuavaVertexCache - Created vertex cache with max size 20000
10:13:23.350 [main] DEBUG o.j.d.cassandra.CassandraTransaction - Created CassandraTransaction@73eb8672[read=QUORUM,write=QUORUM]
10:13:23.350 [main] DEBUG o.j.d.cassandra.CassandraTransaction - Created CassandraTransaction@5942ee04[read=QUORUM,write=QUORUM]
10:13:23.351 [main] DEBUG o.j.g.t.StandardJanusGraphTx - Guava vertex cache size: requested=20000 effective=20000 (min=100)
10:13:23.352 [main] DEBUG o.j.g.t.vertexcache.GuavaVertexCache - Created dirty vertex map with initial size 32
10:13:23.352 [main] DEBUG o.j.g.t.vertexcache.GuavaVertexCache - Created vertex cache with max size 20000
10:13:23.352 [main] DEBUG o.j.d.cassandra.CassandraTransaction - Created CassandraTransaction@757194dc[read=QUORUM,write=QUORUM]
10:13:23.352 [main] DEBUG o.j.d.cassandra.CassandraTransaction - Created CassandraTransaction@5a865416[read=QUORUM,write=QUORUM]
10:13:23.431 [main] DEBUG o.j.d.l.c.ConsistentKeyLocker - Checked lock KeyColumn [k=0x  4-137- 60- 36-128, c=0x  0]
10:13:23.432 [main] DEBUG o.j.d.l.c.ConsistentKeyLocker - Checked lock KeyColumn [k=0x  4-137- 60- 36-130, c=0x  0]
10:13:23.433 [main] DEBUG o.j.d.l.c.ConsistentKeyLocker - Checked lock KeyColumn [k=0x  4-137- 60- 36-136, c=0x  0]
10:13:23.433 [main] DEBUG o.j.d.l.c.ConsistentKeyLocker - Checked lock KeyColumn [k=0x  4-137- 60- 36-138, c=0x  0]
10:13:23.434 [main] DEBUG o.j.d.l.c.ConsistentKeyLocker - Checked lock KeyColumn [k=0x  4-137- 60- 36-132, c=0x  0]
10:13:23.435 [main] DEBUG o.j.d.l.c.ConsistentKeyLocker - Checked lock KeyColumn [k=0x  4-137- 60- 36-134, c=0x  0]
10:13:23.437 [main] DEBUG o.j.d.l.c.ConsistentKeyLocker - Checked lock KeyColumn [k=0x  4-137- 60- 36-144, c=0x  0]
10:13:23.437 [main] DEBUG o.j.d.l.c.ConsistentKeyLocker - Checked lock KeyColumn [k=0x  4-137- 60- 36-146, c=0x  0]
10:13:23.438 [main] DEBUG o.j.d.l.c.ConsistentKeyLocker - Checked lock KeyColumn [k=0x  4-137- 60- 36-140, c=0x  0]
10:13:23.439 [main] DEBUG o.j.d.l.c.ConsistentKeyLocker - Checked lock KeyColumn [k=0x  4-137- 60- 36-142, c=0x  0]
10:13:23.439 [main] DEBUG o.j.d.l.c.ConsistentKeyLocker - Checked lock KeyColumn [k=0x  4-137- 60- 36-148, c=0x  0]
10:13:23.440 [main] DEBUG o.j.d.l.c.ConsistentKeyLocker - Checked lock KeyColumn [k=0x  4-137-105- 63-128, c=0x  0]
10:13:23.440 [main] DEBUG o.j.d.l.c.ConsistentKeyLocker - Checked lock KeyColumn [k=0x  4-137-  1- 22- 90-142, c=0x  0]
10:13:23.441 [main] DEBUG o.j.d.l.c.ConsistentKeyLocker - Checked lock KeyColumn [k=0x  4-137-  1- 22- 90-144, c=0x  0]
10:13:23.442 [main] DEBUG o.j.d.l.c.ConsistentKeyLocker - Checked lock KeyColumn [k=0x  4-137-  1- 22- 90-146, c=0x  0]
10:13:23.447 [main] DEBUG o.j.d.l.c.ConsistentKeyLocker - Checked lock KeyColumn [k=0x  4-137-  1- 22- 90-148, c=0x  0]
10:13:23.448 [main] DEBUG o.j.d.l.c.ConsistentKeyLocker - Checked lock KeyColumn [k=0x  4-137-105- 63-136, c=0x  0]
10:13:23.449 [main] DEBUG o.j.d.l.c.ConsistentKeyLocker - Checked lock KeyColumn [k=0x  4-137- 30- 18-132, c=0x  0]
10:13:23.450 [main] DEBUG o.j.d.l.c.ConsistentKeyLocker - Checked lock KeyColumn [k=0x  4-137-105- 63-134, c=0x  0]
10:13:23.450 [main] DEBUG o.j.d.l.c.ConsistentKeyLocker - Checked lock KeyColumn [k=0x  4-137- 30- 18-134, c=0x  0]
10:13:23.451 [main] DEBUG o.j.d.l.c.ConsistentKeyLocker - Checked lock KeyColumn [k=0x  4-137-105- 63-132, c=0x  0]
10:13:23.452 [main] DEBUG o.j.d.l.c.ConsistentKeyLocker - Checked lock KeyColumn [k=0x  4-137- 30- 18-128, c=0x  0]
10:13:23.452 [main] DEBUG o.j.d.l.c.ConsistentKeyLocker - Checked lock KeyColumn [k=0x  4-137-105- 63-130, c=0x  0]
10:13:23.453 [main] DEBUG o.j.d.l.c.ConsistentKeyLocker - Checked lock KeyColumn [k=0x  4-137- 30- 18-130, c=0x  0]
10:13:23.454 [main] DEBUG o.j.d.l.c.ConsistentKeyLocker - Checked lock KeyColumn [k=0x  4-137-105- 63-144, c=0x  0]
10:13:23.454 [main] DEBUG o.j.d.l.c.ConsistentKeyLocker - Checked lock KeyColumn [k=0x  4-137- 30- 18-140, c=0x  0]
10:13:23.455 [main] DEBUG o.j.d.l.c.ConsistentKeyLocker - Checked lock KeyColumn [k=0x  4-137-105- 63-142, c=0x  0]
10:13:23.455 [main] DEBUG o.j.d.l.c.ConsistentKeyLocker - Checked lock KeyColumn [k=0x  4-137-  1- 22- 90-128, c=0x  0]
10:13:23.456 [main] DEBUG o.j.d.l.c.ConsistentKeyLocker - Checked lock KeyColumn [k=0x  4-137- 30- 18-142, c=0x  0]
10:13:23.457 [main] DEBUG o.j.d.l.c.ConsistentKeyLocker - Checked lock KeyColumn [k=0x  4-137-  1- 22- 90-130, c=0x  0]
10:13:23.458 [main] DEBUG o.j.d.l.c.ConsistentKeyLocker - Checked lock KeyColumn [k=0x  4-137-105- 63-140, c=0x  0]
10:13:23.459 [main] DEBUG o.j.d.l.c.ConsistentKeyLocker - Checked lock KeyColumn [k=0x  4-137- 30- 18-136, c=0x  0]
10:13:23.460 [main] DEBUG o.j.d.l.c.ConsistentKeyLocker - Checked lock KeyColumn [k=0x  4-137-105- 63-138, c=0x  0]
10:13:23.461 [main] DEBUG o.j.d.l.c.ConsistentKeyLocker - Checked lock KeyColumn [k=0x  4-137-  1- 22- 90-132, c=0x  0]
10:13:23.461 [main] DEBUG o.j.d.l.c.ConsistentKeyLocker - Checked lock KeyColumn [k=0x  4-137- 30- 18-138, c=0x  0]
10:13:23.462 [main] DEBUG o.j.d.l.c.ConsistentKeyLocker - Checked lock KeyColumn [k=0x  4-137-  1- 22- 90-134, c=0x  0]
10:13:23.463 [main] DEBUG o.j.d.l.c.ConsistentKeyLocker - Checked lock KeyColumn [k=0x  4-137- 30- 18-148, c=0x  0]
10:13:23.463 [main] DEBUG o.j.d.l.c.ConsistentKeyLocker - Checked lock KeyColumn [k=0x  4-137-  1- 22- 90-136, c=0x  0]
10:13:23.464 [main] DEBUG o.j.d.l.c.ConsistentKeyLocker - Checked lock KeyColumn [k=0x  4-137-  1- 22- 90-138, c=0x  0]
10:13:23.465 [main] DEBUG o.j.d.l.c.ConsistentKeyLocker - Checked lock KeyColumn [k=0x  4-137-105- 63-148, c=0x  0]
10:13:23.465 [main] DEBUG o.j.d.l.c.ConsistentKeyLocker - Checked lock KeyColumn [k=0x  4-137- 30- 18-144, c=0x  0]
10:13:23.466 [main] DEBUG o.j.d.l.c.ConsistentKeyLocker - Checked lock KeyColumn [k=0x  4-137-105- 63-146, c=0x  0]
10:13:23.466 [main] DEBUG o.j.d.l.c.ConsistentKeyLocker - Checked lock KeyColumn [k=0x  4-137-  1- 22- 90-140, c=0x  0]
10:13:23.467 [main] DEBUG o.j.d.l.c.ConsistentKeyLocker - Checked lock KeyColumn [k=0x  4-137- 30- 18-146, c=0x  0]
10:13:23.468 [main] DEBUG o.j.d.l.c.ConsistentKeyLocker - Checked lock KeyColumn [k=0x  4-137- 75- 45-132, c=0x  0]
10:13:23.468 [main] DEBUG o.j.d.l.c.ConsistentKeyLocker - Checked lock KeyColumn [k=0x  4-137- 75- 45-130, c=0x  0]
10:13:23.469 [main] DEBUG o.j.d.l.c.ConsistentKeyLocker - Checked lock KeyColumn [k=0x  4-137- 75- 45-128, c=0x  0]
10:13:23.469 [main] DEBUG o.j.d.l.c.ConsistentKeyLocker - Checked lock KeyColumn [k=0x  4-137- 75- 45-140, c=0x  0]
10:13:23.470 [main] DEBUG o.j.d.l.c.ConsistentKeyLocker - Checked lock KeyColumn [k=0x  4-137- 75- 45-138, c=0x  0]
10:13:23.470 [main] DEBUG o.j.d.l.c.ConsistentKeyLocker - Checked lock KeyColumn [k=0x  4-137- 75- 45-136, c=0x  0]
10:13:23.471 [main] DEBUG o.j.d.l.c.ConsistentKeyLocker - Checked lock KeyColumn [k=0x  4-137- 75- 45-134, c=0x  0]
10:13:23.472 [main] DEBUG o.j.d.l.c.ConsistentKeyLocker - Checked lock KeyColumn [k=0x  4-137- 75- 45-148, c=0x  0]
10:13:23.472 [main] DEBUG o.j.d.l.c.ConsistentKeyLocker - Checked lock KeyColumn [k=0x  4-137- 75- 45-146, c=0x  0]
10:13:23.473 [main] DEBUG o.j.d.l.c.ConsistentKeyLocker - Checked lock KeyColumn [k=0x  4-137- 75- 45-144, c=0x  0]
10:13:23.473 [main] DEBUG o.j.d.l.c.ConsistentKeyLocker - Checked lock KeyColumn [k=0x  4-137- 75- 45-142, c=0x  0]
10:13:23.474 [main] DEBUG o.j.d.l.c.ConsistentKeyLocker - Checked lock KeyColumn [k=0x  4-137-120- 72-130, c=0x  0]
10:13:23.474 [main] DEBUG o.j.d.l.c.ConsistentKeyLocker - Checked lock KeyColumn [k=0x  4-137-120- 72-128, c=0x  0]
10:13:23.475 [main] DEBUG o.j.d.l.c.ConsistentKeyLocker - Checked lock KeyColumn [k=0x  4-137- 45- 27-128, c=0x  0]
10:13:23.475 [main] DEBUG o.j.d.l.c.ConsistentKeyLocker - Checked lock KeyColumn [k=0x  4-137-120- 72-138, c=0x  0]
10:13:23.476 [main] DEBUG o.j.d.l.c.ConsistentKeyLocker - Checked lock KeyColumn [k=0x  4-137- 45- 27-134, c=0x  0]
10:13:23.477 [main] DEBUG o.j.d.l.c.ConsistentKeyLocker - Checked lock KeyColumn [k=0x  4-137-120- 72-136, c=0x  0]
10:13:23.477 [main] DEBUG o.j.d.l.c.ConsistentKeyLocker - Checked lock KeyColumn [k=0x  4-137- 45- 27-136, c=0x  0]
10:13:23.478 [main] DEBUG o.j.d.l.c.ConsistentKeyLocker - Checked lock KeyColumn [k=0x  4-137-120- 72-134, c=0x  0]
10:13:23.479 [main] DEBUG o.j.d.l.c.ConsistentKeyLocker - Checked lock KeyColumn [k=0x  4-137- 45- 27-130, c=0x  0]
10:13:23.479 [main] DEBUG o.j.d.l.c.ConsistentKeyLocker - Checked lock KeyColumn [k=0x  4-137-120- 72-132, c=0x  0]
10:13:23.480 [main] DEBUG o.j.d.l.c.ConsistentKeyLocker - Checked lock KeyColumn [k=0x  4-137- 45- 27-132, c=0x  0]
10:13:23.480 [main] DEBUG o.j.d.l.c.ConsistentKeyLocker - Checked lock KeyColumn [k=0x  4-137-120- 72-146, c=0x  0]
10:13:23.481 [main] DEBUG o.j.d.l.c.ConsistentKeyLocker - Checked lock KeyColumn [k=0x  4-137- 45- 27-142, c=0x  0]
10:13:23.481 [main] DEBUG o.j.d.l.c.ConsistentKeyLocker - Checked lock KeyColumn [k=0x  4-137-120- 72-144, c=0x  0]
10:13:23.482 [main] DEBUG o.j.d.l.c.ConsistentKeyLocker - Checked lock KeyColumn [k=0x  4-137- 45- 27-144, c=0x  0]
10:13:23.482 [main] DEBUG o.j.d.l.c.ConsistentKeyLocker - Checked lock KeyColumn [k=0x  4-137-120- 72-142, c=0x  0]
10:13:23.483 [main] DEBUG o.j.d.l.c.ConsistentKeyLocker - Checked lock KeyColumn [k=0x  4-137- 45- 27-138, c=0x  0]
10:13:23.484 [main] DEBUG o.j.d.l.c.ConsistentKeyLocker - Checked lock KeyColumn [k=0x  4-137-120- 72-140, c=0x  0]
10:13:23.484 [main] DEBUG o.j.d.l.c.ConsistentKeyLocker - Checked lock KeyColumn [k=0x  4-137- 45- 27-140, c=0x  0]
10:13:23.485 [main] DEBUG o.j.d.l.c.ConsistentKeyLocker - Checked lock KeyColumn [k=0x  4-137- 45- 27-146, c=0x  0]
10:13:23.486 [main] DEBUG o.j.d.l.c.ConsistentKeyLocker - Checked lock KeyColumn [k=0x  4-137-120- 72-148, c=0x  0]
10:13:23.486 [main] DEBUG o.j.d.l.c.ConsistentKeyLocker - Checked lock KeyColumn [k=0x  4-137- 45- 27-148, c=0x  0]
10:13:23.487 [main] DEBUG o.j.d.l.c.ConsistentKeyLocker - Checked lock KeyColumn [k=0x  4-137-  1-  7- 81-128, c=0x  0]
10:13:23.487 [main] DEBUG o.j.d.l.c.ConsistentKeyLocker - Checked lock KeyColumn [k=0x  4-137-  1-  7- 81-130, c=0x  0]
10:13:23.488 [main] DEBUG o.j.d.l.c.ConsistentKeyLocker - Checked lock KeyColumn [k=0x  4-137-  1-  7- 81-148, c=0x  0]
10:13:23.488 [main] DEBUG o.j.d.l.c.ConsistentKeyLocker - Checked lock KeyColumn [k=0x  4-137- 90- 54-134, c=0x  0]
10:13:23.489 [main] DEBUG o.j.d.l.c.ConsistentKeyLocker - Checked lock KeyColumn [k=0x  4-137- 15-  9-130, c=0x  0]
10:13:23.489 [main] DEBUG o.j.d.l.c.ConsistentKeyLocker - Checked lock KeyColumn [k=0x  4-137- 90- 54-132, c=0x  0]
10:13:23.490 [main] DEBUG o.j.d.l.c.ConsistentKeyLocker - Checked lock KeyColumn [k=0x  4-137- 15-  9-132, c=0x  0]
10:13:23.490 [main] DEBUG o.j.d.l.c.ConsistentKeyLocker - Checked lock KeyColumn [k=0x  4-137- 90- 54-130, c=0x  0]
10:13:23.491 [main] DEBUG o.j.d.l.c.ConsistentKeyLocker - Checked lock KeyColumn [k=0x  4-137- 90- 54-128, c=0x  0]
10:13:23.491 [main] DEBUG o.j.d.l.c.ConsistentKeyLocker - Checked lock KeyColumn [k=0x  4-137- 15-  9-128, c=0x  0]
10:13:23.492 [main] DEBUG o.j.d.l.c.ConsistentKeyLocker - Checked lock KeyColumn [k=0x  4-137- 90- 54-142, c=0x  0]
10:13:23.492 [main] DEBUG o.j.d.l.c.ConsistentKeyLocker - Checked lock KeyColumn [k=0x  4-137- 15-  9-138, c=0x  0]
10:13:23.493 [main] DEBUG o.j.d.l.c.ConsistentKeyLocker - Checked lock KeyColumn [k=0x  4-137- 90- 54-140, c=0x  0]
10:13:23.493 [main] DEBUG o.j.d.l.c.ConsistentKeyLocker - Checked lock KeyColumn [k=0x  4-137- 15-  9-140, c=0x  0]
10:13:23.494 [main] DEBUG o.j.d.l.c.ConsistentKeyLocker - Checked lock KeyColumn [k=0x  4-137- 90- 54-138, c=0x  0]
10:13:23.495 [main] DEBUG o.j.d.l.c.ConsistentKeyLocker - Checked lock KeyColumn [k=0x  4-137- 15-  9-134, c=0x  0]
10:13:23.496 [main] DEBUG o.j.d.l.c.ConsistentKeyLocker - Checked lock KeyColumn [k=0x  4-137- 90- 54-136, c=0x  0]
10:13:23.497 [main] DEBUG o.j.d.l.c.ConsistentKeyLocker - Checked lock KeyColumn [k=0x  4-137- 15-  9-136, c=0x  0]
10:13:23.497 [main] DEBUG o.j.d.l.c.ConsistentKeyLocker - Checked lock KeyColumn [k=0x  4-137-  1-  7- 81-132, c=0x  0]
10:13:23.498 [main] DEBUG o.j.d.l.c.ConsistentKeyLocker - Checked lock KeyColumn [k=0x  4-137- 15-  9-146, c=0x  0]
10:13:23.498 [main] DEBUG o.j.d.l.c.ConsistentKeyLocker - Checked lock KeyColumn [k=0x  4-137-  1-  7- 81-134, c=0x  0]
10:13:23.499 [main] DEBUG o.j.d.l.c.ConsistentKeyLocker - Checked lock KeyColumn [k=0x  4-137- 90- 54-148, c=0x  0]
10:13:23.499 [main] DEBUG o.j.d.l.c.ConsistentKeyLocker - Checked lock KeyColumn [k=0x  4-137- 15-  9-148, c=0x  0]
10:13:23.500 [main] DEBUG o.j.d.l.c.ConsistentKeyLocker - Checked lock KeyColumn [k=0x  4-137-  1-  7- 81-136, c=0x  0]
10:13:23.500 [main] DEBUG o.j.d.l.c.ConsistentKeyLocker - Checked lock KeyColumn [k=0x  4-137- 90- 54-146, c=0x  0]
10:13:23.501 [main] DEBUG o.j.d.l.c.ConsistentKeyLocker - Checked lock KeyColumn [k=0x  4-137- 15-  9-142, c=0x  0]
10:13:23.502 [main] DEBUG o.j.d.l.c.ConsistentKeyLocker - Checked lock KeyColumn [k=0x  4-137- 90- 54-144, c=0x  0]
10:13:23.502 [main] DEBUG o.j.d.l.c.ConsistentKeyLocker - Checked lock KeyColumn [k=0x  4-137-  1-  7- 81-138, c=0x  0]
10:13:23.502 [main] DEBUG o.j.d.l.c.ConsistentKeyLocker - Checked lock KeyColumn [k=0x  4-137- 15-  9-144, c=0x  0]
10:13:23.503 [main] DEBUG o.j.d.l.c.ConsistentKeyLocker - Checked lock KeyColumn [k=0x  4-137-  1-  7- 81-140, c=0x  0]
10:13:23.503 [main] DEBUG o.j.d.l.c.ConsistentKeyLocker - Checked lock KeyColumn [k=0x  4-137-  1-  7- 81-142, c=0x  0]
10:13:23.504 [main] DEBUG o.j.d.l.c.ConsistentKeyLocker - Checked lock KeyColumn [k=0x  4-137-128, c=0x  0]
10:13:23.505 [main] DEBUG o.j.d.l.c.ConsistentKeyLocker - Checked lock KeyColumn [k=0x  4-137-  1-  7- 81-144, c=0x  0]
10:13:23.505 [main] DEBUG o.j.d.l.c.ConsistentKeyLocker - Checked lock KeyColumn [k=0x  4-137-  1-  7- 81-146, c=0x  0]
10:13:23.537 [main] DEBUG o.j.d.l.c.ExpectedValueCheckingStoreManager - Transaction org.janusgraph.diskstorage.locking.consistentkey.ExpectedValueCheckingTransaction@7ff2b8d2 holds one or more locks: writing using consistent transaction CassandraTransaction@1da6ee17[read=QUORUM,write=QUORUM] due to held locks
10:13:23.564 [main] DEBUG o.j.d.l.c.ExpectedValueCheckingStoreManager - Transaction org.janusgraph.diskstorage.locking.consistentkey.ExpectedValueCheckingTransaction@7ff2b8d2 holds one or more locks: writing using consistent transaction CassandraTransaction@1da6ee17[read=QUORUM,write=QUORUM] due to held locks
10:13:23.574 [main] DEBUG o.j.d.cassandra.CassandraTransaction - Created CassandraTransaction@6dc1484[read=QUORUM,write=QUORUM]
10:13:23.575 [main] DEBUG o.j.d.cassandra.CassandraTransaction - Created CassandraTransaction@6e92c6ad[read=QUORUM,write=QUORUM]
10:13:23.576 [main] DEBUG o.j.d.cassandra.CassandraTransaction - Created CassandraTransaction@2fb5fe30[read=QUORUM,write=QUORUM]
10:13:23.577 [main] DEBUG o.j.d.cassandra.CassandraTransaction - Created CassandraTransaction@456be73c[read=QUORUM,write=QUORUM]
10:13:23.578 [main] DEBUG o.j.d.cassandra.CassandraTransaction - Created CassandraTransaction@2375b321[read=QUORUM,write=QUORUM]
10:13:23.579 [main] DEBUG o.j.d.cassandra.CassandraTransaction - Created CassandraTransaction@5baaae4c[read=QUORUM,write=QUORUM]
10:13:23.580 [main] DEBUG o.j.d.cassandra.CassandraTransaction - Created CassandraTransaction@5b6e8f77[read=QUORUM,write=QUORUM]
10:13:23.582 [main] DEBUG o.j.d.cassandra.CassandraTransaction - Created CassandraTransaction@41a6d121[read=QUORUM,write=QUORUM]
10:13:23.583 [main] DEBUG o.j.d.cassandra.CassandraTransaction - Created CassandraTransaction@4f449e8f[read=QUORUM,write=QUORUM]
10:13:23.584 [main] DEBUG o.j.d.cassandra.CassandraTransaction - Created CassandraTransaction@411291e5[read=QUORUM,write=QUORUM]
10:13:23.585 [main] DEBUG o.j.d.cassandra.CassandraTransaction - Created CassandraTransaction@6e28bb87[read=QUORUM,write=QUORUM]
10:13:23.586 [main] DEBUG o.j.d.cassandra.CassandraTransaction - Created CassandraTransaction@19f040ba[read=QUORUM,write=QUORUM]
10:13:23.588 [main] DEBUG o.j.d.cassandra.CassandraTransaction - Created CassandraTransaction@72ab05ed[read=QUORUM,write=QUORUM]
10:13:23.588 [main] DEBUG o.j.d.cassandra.CassandraTransaction - Created CassandraTransaction@27e32fe4[read=QUORUM,write=QUORUM]
10:13:23.589 [main] DEBUG o.j.d.cassandra.CassandraTransaction - Created CassandraTransaction@c3c4c1c[read=QUORUM,write=QUORUM]
10:13:23.590 [main] DEBUG o.j.d.cassandra.CassandraTransaction - Created CassandraTransaction@17d238b1[read=QUORUM,write=QUORUM]
10:13:23.591 [main] DEBUG o.j.d.cassandra.CassandraTransaction - Created CassandraTransaction@3d7cc3cb[read=QUORUM,write=QUORUM]
10:13:23.593 [main] DEBUG o.j.d.cassandra.CassandraTransaction - Created CassandraTransaction@35e478f[read=QUORUM,write=QUORUM]
10:13:23.595 [main] DEBUG o.j.d.cassandra.CassandraTransaction - Created CassandraTransaction@6d6cb754[read=QUORUM,write=QUORUM]
10:13:23.596 [main] DEBUG o.j.d.cassandra.CassandraTransaction - Created CassandraTransaction@6b7d1df8[read=QUORUM,write=QUORUM]
10:13:23.597 [main] DEBUG o.j.d.cassandra.CassandraTransaction - Created CassandraTransaction@3044e9c7[read=QUORUM,write=QUORUM]
10:13:23.598 [main] DEBUG o.j.d.cassandra.CassandraTransaction - Created CassandraTransaction@41d7b27f[read=QUORUM,write=QUORUM]
10:13:23.599 [main] DEBUG o.j.d.cassandra.CassandraTransaction - Created CassandraTransaction@49096b06[read=QUORUM,write=QUORUM]
10:13:23.600 [main] DEBUG o.j.d.cassandra.CassandraTransaction - Created CassandraTransaction@4a183d02[read=QUORUM,write=QUORUM]
10:13:23.601 [main] DEBUG o.j.d.cassandra.CassandraTransaction - Created CassandraTransaction@5d05ef57[read=QUORUM,write=QUORUM]
10:13:23.602 [main] DEBUG o.j.d.cassandra.CassandraTransaction - Created CassandraTransaction@213deac2[read=QUORUM,write=QUORUM]
10:13:23.603 [main] DEBUG o.j.d.cassandra.CassandraTransaction - Created CassandraTransaction@23eee4b8[read=QUORUM,write=QUORUM]
10:13:23.604 [main] DEBUG o.j.d.cassandra.CassandraTransaction - Created CassandraTransaction@28952dea[read=QUORUM,write=QUORUM]
10:13:23.605 [main] DEBUG o.j.d.cassandra.CassandraTransaction - Created CassandraTransaction@5a9800f8[read=QUORUM,write=QUORUM]
10:13:23.606 [main] DEBUG o.j.d.cassandra.CassandraTransaction - Created CassandraTransaction@143d9a93[read=QUORUM,write=QUORUM]
10:13:23.607 [main] DEBUG o.j.d.cassandra.CassandraTransaction - Created CassandraTransaction@40226788[read=QUORUM,write=QUORUM]
10:13:23.608 [main] DEBUG o.j.d.cassandra.CassandraTransaction - Created CassandraTransaction@4159e81b[read=QUORUM,write=QUORUM]
10:13:23.609 [main] DEBUG o.j.d.cassandra.CassandraTransaction - Created CassandraTransaction@5b5caf08[read=QUORUM,write=QUORUM]
10:13:23.610 [main] DEBUG o.j.d.cassandra.CassandraTransaction - Created CassandraTransaction@23cd4ff2[read=QUORUM,write=QUORUM]
10:13:23.611 [main] DEBUG o.j.d.cassandra.CassandraTransaction - Created CassandraTransaction@70807224[read=QUORUM,write=QUORUM]
10:13:23.612 [main] DEBUG o.j.d.cassandra.CassandraTransaction - Created CassandraTransaction@7e97551f[read=QUORUM,write=QUORUM]
10:13:23.613 [main] DEBUG o.j.d.cassandra.CassandraTransaction - Created CassandraTransaction@400d912a[read=QUORUM,write=QUORUM]
10:13:23.614 [main] DEBUG o.j.d.cassandra.CassandraTransaction - Created CassandraTransaction@9f6e406[read=QUORUM,write=QUORUM]
10:13:23.615 [main] DEBUG o.j.d.cassandra.CassandraTransaction - Created CassandraTransaction@7a94b64e[read=QUORUM,write=QUORUM]
10:13:23.616 [main] DEBUG o.j.d.cassandra.CassandraTransaction - Created CassandraTransaction@3e6f3bae[read=QUORUM,write=QUORUM]
10:13:23.618 [main] DEBUG o.j.d.cassandra.CassandraTransaction - Created CassandraTransaction@12477988[read=QUORUM,write=QUORUM]
10:13:23.618 [main] DEBUG o.j.d.cassandra.CassandraTransaction - Created CassandraTransaction@2caf6912[read=QUORUM,write=QUORUM]
10:13:23.619 [main] DEBUG o.j.d.cassandra.CassandraTransaction - Created CassandraTransaction@73d69c0f[read=QUORUM,write=QUORUM]
10:13:23.620 [main] DEBUG o.j.d.cassandra.CassandraTransaction - Created CassandraTransaction@34237b90[read=QUORUM,write=QUORUM]
10:13:23.621 [main] DEBUG o.j.d.cassandra.CassandraTransaction - Created CassandraTransaction@1d01dfa5[read=QUORUM,write=QUORUM]
10:13:23.622 [main] DEBUG o.j.d.cassandra.CassandraTransaction - Created CassandraTransaction@4a31c2ee[read=QUORUM,write=QUORUM]
10:13:23.623 [main] DEBUG o.j.d.cassandra.CassandraTransaction - Created CassandraTransaction@d400943[read=QUORUM,write=QUORUM]
10:13:23.624 [main] DEBUG o.j.d.cassandra.CassandraTransaction - Created CassandraTransaction@22101c80[read=QUORUM,write=QUORUM]
10:13:23.625 [main] DEBUG o.j.d.cassandra.CassandraTransaction - Created CassandraTransaction@31ff1390[read=QUORUM,write=QUORUM]
10:13:23.626 [main] DEBUG o.j.d.cassandra.CassandraTransaction - Created CassandraTransaction@759d81f3[read=QUORUM,write=QUORUM]
10:13:23.628 [main] DEBUG o.j.d.cassandra.CassandraTransaction - Created CassandraTransaction@781a9412[read=QUORUM,write=QUORUM]
10:13:23.629 [main] DEBUG o.j.d.cassandra.CassandraTransaction - Created CassandraTransaction@5a4c638d[read=QUORUM,write=QUORUM]
10:13:23.630 [main] DEBUG o.j.d.cassandra.CassandraTransaction - Created CassandraTransaction@13e698c7[read=QUORUM,write=QUORUM]
10:13:23.631 [main] DEBUG o.j.d.cassandra.CassandraTransaction - Created CassandraTransaction@aed0151[read=QUORUM,write=QUORUM]
10:13:23.633 [main] DEBUG o.j.d.cassandra.CassandraTransaction - Created CassandraTransaction@267bbe1a[read=QUORUM,write=QUORUM]
10:13:23.634 [main] DEBUG o.j.d.cassandra.CassandraTransaction - Created CassandraTransaction@1f12e153[read=QUORUM,write=QUORUM]
10:13:23.635 [main] DEBUG o.j.d.cassandra.CassandraTransaction - Created CassandraTransaction@389562d6[read=QUORUM,write=QUORUM]
10:13:23.636 [main] DEBUG o.j.d.cassandra.CassandraTransaction - Created CassandraTransaction@5a101b1c[read=QUORUM,write=QUORUM]
10:13:23.637 [main] DEBUG o.j.d.cassandra.CassandraTransaction - Created CassandraTransaction@2160e52a[read=QUORUM,write=QUORUM]
10:13:23.638 [main] DEBUG o.j.d.cassandra.CassandraTransaction - Created CassandraTransaction@29f0802c[read=QUORUM,write=QUORUM]
10:13:23.639 [main] DEBUG o.j.d.cassandra.CassandraTransaction - Created CassandraTransaction@3a60c416[read=QUORUM,write=QUORUM]
10:13:23.641 [main] DEBUG o.j.d.cassandra.CassandraTransaction - Created CassandraTransaction@60f2e0bd[read=QUORUM,write=QUORUM]
10:13:23.643 [main] DEBUG o.j.d.cassandra.CassandraTransaction - Created CassandraTransaction@469d003c[read=QUORUM,write=QUORUM]
10:13:23.644 [main] DEBUG o.j.d.cassandra.CassandraTransaction - Created CassandraTransaction@6b410923[read=QUORUM,write=QUORUM]
10:13:23.645 [main] DEBUG o.j.d.cassandra.CassandraTransaction - Created CassandraTransaction@57bd2029[read=QUORUM,write=QUORUM]
10:13:23.647 [main] DEBUG o.j.d.cassandra.CassandraTransaction - Created CassandraTransaction@203dd56b[read=QUORUM,write=QUORUM]
10:13:23.649 [main] DEBUG o.j.d.cassandra.CassandraTransaction - Created CassandraTransaction@e8fadb0[read=QUORUM,write=QUORUM]
10:13:23.650 [main] DEBUG o.j.d.cassandra.CassandraTransaction - Created CassandraTransaction@6d64b553[read=QUORUM,write=QUORUM]
10:13:23.651 [main] DEBUG o.j.d.cassandra.CassandraTransaction - Created CassandraTransaction@53667cbe[read=QUORUM,write=QUORUM]
10:13:23.652 [main] DEBUG o.j.d.cassandra.CassandraTransaction - Created CassandraTransaction@1d3e6d34[read=QUORUM,write=QUORUM]
10:13:23.653 [main] DEBUG o.j.d.cassandra.CassandraTransaction - Created CassandraTransaction@6eafb10e[read=QUORUM,write=QUORUM]
10:13:23.654 [main] DEBUG o.j.d.cassandra.CassandraTransaction - Created CassandraTransaction@26a94fa5[read=QUORUM,write=QUORUM]
10:13:23.655 [main] DEBUG o.j.d.cassandra.CassandraTransaction - Created CassandraTransaction@464a4442[read=QUORUM,write=QUORUM]
10:13:23.656 [main] DEBUG o.j.d.cassandra.CassandraTransaction - Created CassandraTransaction@2873d672[read=QUORUM,write=QUORUM]
10:13:23.657 [main] DEBUG o.j.d.cassandra.CassandraTransaction - Created CassandraTransaction@3bc735b3[read=QUORUM,write=QUORUM]
10:13:23.659 [main] DEBUG o.j.d.cassandra.CassandraTransaction - Created CassandraTransaction@577f9109[read=QUORUM,write=QUORUM]
10:13:23.659 [main] DEBUG o.j.d.cassandra.CassandraTransaction - Created CassandraTransaction@4303b7f0[read=QUORUM,write=QUORUM]
10:13:23.660 [main] DEBUG o.j.d.cassandra.CassandraTransaction - Created CassandraTransaction@757529a4[read=QUORUM,write=QUORUM]
10:13:23.661 [main] DEBUG o.j.d.cassandra.CassandraTransaction - Created CassandraTransaction@779de014[read=QUORUM,write=QUORUM]
10:13:23.662 [main] DEBUG o.j.d.cassandra.CassandraTransaction - Created CassandraTransaction@5c41d037[read=QUORUM,write=QUORUM]
10:13:23.663 [main] DEBUG o.j.d.cassandra.CassandraTransaction - Created CassandraTransaction@2234078[read=QUORUM,write=QUORUM]
10:13:23.664 [main] DEBUG o.j.d.cassandra.CassandraTransaction - Created CassandraTransaction@5ec77191[read=QUORUM,write=QUORUM]
10:13:23.665 [main] DEBUG o.j.d.cassandra.CassandraTransaction - Created CassandraTransaction@4642b71d[read=QUORUM,write=QUORUM]
10:13:23.666 [main] DEBUG o.j.d.cassandra.CassandraTransaction - Created CassandraTransaction@1450078a[read=QUORUM,write=QUORUM]
10:13:23.668 [main] DEBUG o.j.d.cassandra.CassandraTransaction - Created CassandraTransaction@c68a5f8[read=QUORUM,write=QUORUM]
10:13:23.669 [main] DEBUG o.j.d.cassandra.CassandraTransaction - Created CassandraTransaction@69c6161d[read=QUORUM,write=QUORUM]
10:13:23.670 [main] DEBUG o.j.d.cassandra.CassandraTransaction - Created CassandraTransaction@3aefae67[read=QUORUM,write=QUORUM]
10:13:23.671 [main] DEBUG o.j.d.cassandra.CassandraTransaction - Created CassandraTransaction@2e1792e7[read=QUORUM,write=QUORUM]
10:13:23.672 [main] DEBUG o.j.d.cassandra.CassandraTransaction - Created CassandraTransaction@6719a5b8[read=QUORUM,write=QUORUM]
10:13:23.673 [main] DEBUG o.j.d.cassandra.CassandraTransaction - Created CassandraTransaction@3eb631b8[read=QUORUM,write=QUORUM]
10:13:23.674 [main] DEBUG o.j.d.cassandra.CassandraTransaction - Created CassandraTransaction@796d3c9f[read=QUORUM,write=QUORUM]
10:13:23.675 [main] DEBUG o.j.d.cassandra.CassandraTransaction - Created CassandraTransaction@6bff19ff[read=QUORUM,write=QUORUM]
10:13:23.677 [main] DEBUG o.j.d.cassandra.CassandraTransaction - Created CassandraTransaction@41e1455d[read=QUORUM,write=QUORUM]
10:13:23.678 [main] DEBUG o.j.d.cassandra.CassandraTransaction - Created CassandraTransaction@4e558728[read=QUORUM,write=QUORUM]
10:13:23.680 [main] DEBUG o.j.d.cassandra.CassandraTransaction - Created CassandraTransaction@5eccd3b9[read=QUORUM,write=QUORUM]
10:13:23.681 [main] DEBUG o.j.d.cassandra.CassandraTransaction - Created CassandraTransaction@4d6f197e[read=QUORUM,write=QUORUM]
10:13:23.683 [main] DEBUG o.j.d.cassandra.CassandraTransaction - Created CassandraTransaction@6ef7623[read=QUORUM,write=QUORUM]
10:13:23.684 [main] DEBUG o.j.d.cassandra.CassandraTransaction - Created CassandraTransaction@64e1dd11[read=QUORUM,write=QUORUM]
10:13:23.686 [main] DEBUG o.j.d.cassandra.CassandraTransaction - Created CassandraTransaction@5c089b2f[read=QUORUM,write=QUORUM]
10:13:23.687 [main] DEBUG o.j.d.cassandra.CassandraTransaction - Created CassandraTransaction@6999cd39[read=QUORUM,write=QUORUM]
10:13:23.689 [main] DEBUG o.j.d.cassandra.CassandraTransaction - Created CassandraTransaction@14bae047[read=QUORUM,write=QUORUM]
10:13:23.690 [main] DEBUG o.j.d.cassandra.CassandraTransaction - Created CassandraTransaction@7ed9ae94[read=QUORUM,write=QUORUM]
10:13:23.691 [main] DEBUG o.j.d.cassandra.CassandraTransaction - Created CassandraTransaction@66908383[read=QUORUM,write=QUORUM]
10:13:23.692 [main] DEBUG o.j.d.cassandra.CassandraTransaction - Created CassandraTransaction@41477a6d[read=QUORUM,write=QUORUM]
10:13:23.693 [main] DEBUG o.j.d.cassandra.CassandraTransaction - Created CassandraTransaction@2bc12da[read=QUORUM,write=QUORUM]
10:13:23.694 [main] DEBUG o.j.d.cassandra.CassandraTransaction - Created CassandraTransaction@3122b117[read=QUORUM,write=QUORUM]
10:13:23.695 [main] DEBUG o.j.d.cassandra.CassandraTransaction - Created CassandraTransaction@534ca02b[read=QUORUM,write=QUORUM]
10:13:23.697 [main] DEBUG o.j.d.cassandra.CassandraTransaction - Created CassandraTransaction@29a23c3d[read=QUORUM,write=QUORUM]
10:13:23.698 [main] DEBUG o.j.d.cassandra.CassandraTransaction - Created CassandraTransaction@4b6ac111[read=QUORUM,write=QUORUM]
10:13:23.699 [main] DEBUG o.j.d.cassandra.CassandraTransaction - Created CassandraTransaction@6fe46b62[read=QUORUM,write=QUORUM]
10:13:23.700 [main] DEBUG o.j.d.cassandra.CassandraTransaction - Created CassandraTransaction@591fd34d[read=QUORUM,write=QUORUM]
Starting EdgeUpdator thread : Thread-4
Starting EdgeUpdator thread : Thread-5
Starting EdgeUpdator thread : Thread-6
Starting EdgeUpdator thread : Thread-7
10:13:23.703 [Thread-4] DEBUG o.j.g.t.StandardJanusGraphTx - Guava vertex cache size: requested=20000 effective=20000 (min=100)
10:13:23.703 [Thread-5] DEBUG o.j.g.t.StandardJanusGraphTx - Guava vertex cache size: requested=20000 effective=20000 (min=100)
Starting EdgeUpdator thread : Thread-8
10:13:23.703 [Thread-6] DEBUG o.j.g.t.StandardJanusGraphTx - Guava vertex cache size: requested=20000 effective=20000 (min=100)
Starting EdgeUpdator thread : Thread-9
10:13:23.703 [Thread-4] DEBUG o.j.g.t.vertexcache.GuavaVertexCache - Created dirty vertex map with initial size 32
10:13:23.703 [Thread-5] DEBUG o.j.g.t.vertexcache.GuavaVertexCache - Created dirty vertex map with initial size 32
Starting EdgeUpdator thread : Thread-10
10:13:23.703 [Thread-7] DEBUG o.j.g.t.StandardJanusGraphTx - Guava vertex cache size: requested=20000 effective=20000 (min=100)
10:13:23.703 [Thread-6] DEBUG o.j.g.t.vertexcache.GuavaVertexCache - Created dirty vertex map with initial size 32
10:13:23.703 [Thread-4] DEBUG o.j.g.t.vertexcache.GuavaVertexCache - Created vertex cache with max size 20000
10:13:23.703 [Thread-5] DEBUG o.j.g.t.vertexcache.GuavaVertexCache - Created vertex cache with max size 20000
10:13:23.703 [Thread-8] DEBUG o.j.g.t.StandardJanusGraphTx - Guava vertex cache size: requested=20000 effective=20000 (min=100)
10:13:23.703 [Thread-7] DEBUG o.j.g.t.vertexcache.GuavaVertexCache - Created dirty vertex map with initial size 32
Starting EdgeUpdator thread : Thread-11
10:13:23.703 [Thread-6] DEBUG o.j.g.t.vertexcache.GuavaVertexCache - Created vertex cache with max size 20000
Starting EdgeUpdator thread : Thread-12
10:13:23.703 [Thread-9] DEBUG o.j.g.t.StandardJanusGraphTx - Guava vertex cache size: requested=20000 effective=20000 (min=100)
10:13:23.703 [Thread-4] DEBUG o.j.d.cassandra.CassandraTransaction - Created CassandraTransaction@3d3150b8[read=QUORUM,write=QUORUM]
10:13:23.703 [Thread-8] DEBUG o.j.g.t.vertexcache.GuavaVertexCache - Created dirty vertex map with initial size 32
10:13:23.703 [Thread-5] DEBUG o.j.d.cassandra.CassandraTransaction - Created CassandraTransaction@5d75b267[read=QUORUM,write=QUORUM]
10:13:23.708 [Thread-7] DEBUG o.j.g.t.vertexcache.GuavaVertexCache - Created vertex cache with max size 20000
10:13:23.708 [Thread-10] DEBUG o.j.g.t.StandardJanusGraphTx - Guava vertex cache size: requested=20000 effective=20000 (min=100)
Starting EdgeUpdator thread : Thread-13
10:13:23.709 [Thread-6] DEBUG o.j.d.cassandra.CassandraTransaction - Created CassandraTransaction@77927d0e[read=QUORUM,write=QUORUM]
10:13:23.709 [Thread-9] DEBUG o.j.g.t.vertexcache.GuavaVertexCache - Created dirty vertex map with initial size 32
10:13:23.709 [Thread-11] DEBUG o.j.g.t.StandardJanusGraphTx - Guava vertex cache size: requested=20000 effective=20000 (min=100)
10:13:23.709 [Thread-4] DEBUG o.j.d.cassandra.CassandraTransaction - Created CassandraTransaction@33f6b96e[read=QUORUM,write=QUORUM]
10:13:23.709 [Thread-8] DEBUG o.j.g.t.vertexcache.GuavaVertexCache - Created vertex cache with max size 20000
10:13:23.709 [Thread-5] DEBUG o.j.d.cassandra.CassandraTransaction - Created CassandraTransaction@53b247b9[read=QUORUM,write=QUORUM]
10:13:23.709 [Thread-7] DEBUG o.j.d.cassandra.CassandraTransaction - Created CassandraTransaction@1a129812[read=QUORUM,write=QUORUM]
10:13:23.709 [Thread-10] DEBUG o.j.g.t.vertexcache.GuavaVertexCache - Created dirty vertex map with initial size 32
10:13:23.709 [Thread-6] DEBUG o.j.d.cassandra.CassandraTransaction - Created CassandraTransaction@79559d8c[read=QUORUM,write=QUORUM]
10:13:23.709 [Thread-12] DEBUG o.j.g.t.StandardJanusGraphTx - Guava vertex cache size: requested=20000 effective=20000 (min=100)
10:13:23.709 [Thread-9] DEBUG o.j.g.t.vertexcache.GuavaVertexCache - Created vertex cache with max size 20000
10:13:23.709 [Thread-11] DEBUG o.j.g.t.vertexcache.GuavaVertexCache - Created dirty vertex map with initial size 32
Waiting for EdgeUpdator thread : Thread-4
10:13:23.709 [Thread-8] DEBUG o.j.d.cassandra.CassandraTransaction - Created CassandraTransaction@2af9e27f[read=QUORUM,write=QUORUM]
10:13:23.709 [Thread-7] DEBUG o.j.d.cassandra.CassandraTransaction - Created CassandraTransaction@14d57520[read=QUORUM,write=QUORUM]
10:13:23.710 [Thread-10] DEBUG o.j.g.t.vertexcache.GuavaVertexCache - Created vertex cache with max size 20000
10:13:23.710 [Thread-12] DEBUG o.j.g.t.vertexcache.GuavaVertexCache - Created dirty vertex map with initial size 32
10:13:23.710 [Thread-9] DEBUG o.j.d.cassandra.CassandraTransaction - Created CassandraTransaction@695ce187[read=QUORUM,write=QUORUM]
10:13:23.710 [Thread-11] DEBUG o.j.g.t.vertexcache.GuavaVertexCache - Created vertex cache with max size 20000
10:13:23.710 [Thread-13] DEBUG o.j.g.t.StandardJanusGraphTx - Guava vertex cache size: requested=20000 effective=20000 (min=100)
10:13:23.710 [Thread-8] DEBUG o.j.d.cassandra.CassandraTransaction - Created CassandraTransaction@243e1950[read=QUORUM,write=QUORUM]
10:13:23.710 [Thread-10] DEBUG o.j.d.cassandra.CassandraTransaction - Created CassandraTransaction@2d570c9c[read=QUORUM,write=QUORUM]
10:13:23.710 [Thread-12] DEBUG o.j.g.t.vertexcache.GuavaVertexCache - Created vertex cache with max size 20000
10:13:23.710 [Thread-9] DEBUG o.j.d.cassandra.CassandraTransaction - Created CassandraTransaction@679b12dc[read=QUORUM,write=QUORUM]
10:13:23.710 [Thread-11] DEBUG o.j.d.cassandra.CassandraTransaction - Created CassandraTransaction@20bd10a[read=QUORUM,write=QUORUM]
10:13:23.710 [Thread-13] DEBUG o.j.g.t.vertexcache.GuavaVertexCache - Created dirty vertex map with initial size 32
10:13:23.711 [Thread-10] DEBUG o.j.d.cassandra.CassandraTransaction - Created CassandraTransaction@2390e746[read=QUORUM,write=QUORUM]
10:13:23.711 [Thread-12] DEBUG o.j.d.cassandra.CassandraTransaction - Created CassandraTransaction@147f8c68[read=QUORUM,write=QUORUM]
10:13:23.711 [Thread-11] DEBUG o.j.d.cassandra.CassandraTransaction - Created CassandraTransaction@ccc3f3b[read=QUORUM,write=QUORUM]
10:13:23.711 [Thread-13] DEBUG o.j.g.t.vertexcache.GuavaVertexCache - Created vertex cache with max size 20000
10:13:23.711 [Thread-12] DEBUG o.j.d.cassandra.CassandraTransaction - Created CassandraTransaction@1ab87097[read=QUORUM,write=QUORUM]
10:13:23.711 [Thread-13] DEBUG o.j.d.cassandra.CassandraTransaction - Created CassandraTransaction@361270f[read=QUORUM,write=QUORUM]
10:13:23.711 [Thread-13] DEBUG o.j.d.cassandra.CassandraTransaction - Created CassandraTransaction@da6c913[read=QUORUM,write=QUORUM]
10:13:23.717 [Thread-3] DEBUG o.j.d.cassandra.CassandraTransaction - Created CassandraTransaction@67ba610a[read=QUORUM,write=QUORUM]
10:13:23.717 [Thread-3] DEBUG o.j.diskstorage.log.kcvs.KCVSLog - Preparing to write MessageEnvelope[message=FutureMessage[Message@2018-01-19T18:13:23.717Z:c0a8016135867-Chriss-MBP-21=129-160- 99- 48- 97- 56- 48- 49- 54- 49- 51- 53- 56- 54- 55- 45- 67-104-114-105-115-115- 45- 77- 66- 80- 45- 50-177-129],key=  0-  0-  0-  0-  0-  0-  0-  0-  0-231- 97-208,entry=  0-  5- 99- 37-  9- 64-135-136-160- 99- 48- 97- 56- 48- 49- 54- 49- 51- 53- 56- 54- 55- 45- 67-104-114-105-115-115- 45- 77- 66- 80- 45- 50-177-  0-  0-  0-  0-  0-  0-  0-  2-&gt;129-160- 99- 48- 97- 56- 48- 49- 54- 49- 51- 53- 56- 54- 55- 45- 67-104-114-105-115-115- 45- 77- 66- 80- 45- 50-177-129] to storage with column/timestamp 2018-01-19T18:13:23.717Z
10:13:23.717 [Thread-3] DEBUG o.j.diskstorage.log.kcvs.KCVSLog - Built mutation on key   0-  0-  0-  0-  0-  0-  0-  0-  0-231- 97-208 with 1 additions
10:13:23.718 [Thread-3] DEBUG o.j.diskstorage.log.kcvs.KCVSLog - Wrote 1 total envelopes with operation timestamp 2018-01-19T18:13:23.717Z
10:13:23.718 [Thread-3] DEBUG o.j.diskstorage.log.kcvs.KCVSLog - Wrote 1 messages to backend
10:13:23.718 [Thread-3] DEBUG o.j.g.d.management.ManagementLogger - Sent CACHED_TYPE_EVICTION_ACK: evictionID=1 originID=c0a8016135867-Chriss-MBP-21
10:13:23.773 [Thread-11] DEBUG o.j.g.t.StandardJanusGraphTx - Guava vertex cache size: requested=20000 effective=20000 (min=100)
10:13:23.773 [Thread-12] DEBUG o.j.g.t.StandardJanusGraphTx - Guava vertex cache size: requested=20000 effective=20000 (min=100)
10:13:23.773 [Thread-10] DEBUG o.j.g.t.StandardJanusGraphTx - Guava vertex cache size: requested=20000 effective=20000 (min=100)
10:13:23.773 [Thread-7] DEBUG o.j.g.t.StandardJanusGraphTx - Guava vertex cache size: requested=20000 effective=20000 (min=100)
10:13:23.773 [Thread-8] DEBUG o.j.g.t.StandardJanusGraphTx - Guava vertex cache size: requested=20000 effective=20000 (min=100)
10:13:23.773 [Thread-5] DEBUG o.j.g.t.StandardJanusGraphTx - Guava vertex cache size: requested=20000 effective=20000 (min=100)
10:13:23.773 [Thread-6] DEBUG o.j.g.t.StandardJanusGraphTx - Guava vertex cache size: requested=20000 effective=20000 (min=100)
10:13:23.773 [Thread-13] DEBUG o.j.g.t.StandardJanusGraphTx - Guava vertex cache size: requested=20000 effective=20000 (min=100)
10:13:23.773 [Thread-11] DEBUG o.j.g.t.vertexcache.GuavaVertexCache - Created dirty vertex map with initial size 32
10:13:23.773 [Thread-9] DEBUG o.j.g.t.StandardJanusGraphTx - Guava vertex cache size: requested=20000 effective=20000 (min=100)
10:13:23.773 [Thread-12] DEBUG o.j.g.t.vertexcache.GuavaVertexCache - Created dirty vertex map with initial size 32
10:13:23.774 [Thread-10] DEBUG o.j.g.t.vertexcache.GuavaVertexCache - Created dirty vertex map with initial size 32
10:13:23.774 [Thread-7] DEBUG o.j.g.t.vertexcache.GuavaVertexCache - Created dirty vertex map with initial size 32
10:13:23.774 [Thread-4] DEBUG o.j.g.t.StandardJanusGraphTx - Guava vertex cache size: requested=20000 effective=20000 (min=100)
10:13:23.774 [Thread-8] DEBUG o.j.g.t.vertexcache.GuavaVertexCache - Created dirty vertex map with initial size 32
10:13:23.774 [Thread-5] DEBUG o.j.g.t.vertexcache.GuavaVertexCache - Created dirty vertex map with initial size 32
10:13:23.774 [Thread-6] DEBUG o.j.g.t.vertexcache.GuavaVertexCache - Created dirty vertex map with initial size 32
10:13:23.774 [Thread-13] DEBUG o.j.g.t.vertexcache.GuavaVertexCache - Created dirty vertex map with initial size 32
10:13:23.774 [Thread-11] DEBUG o.j.g.t.vertexcache.GuavaVertexCache - Created vertex cache with max size 20000
10:13:23.774 [Thread-9] DEBUG o.j.g.t.vertexcache.GuavaVertexCache - Created dirty vertex map with initial size 32
10:13:23.774 [Thread-12] DEBUG o.j.g.t.vertexcache.GuavaVertexCache - Created vertex cache with max size 20000
10:13:23.774 [Thread-10] DEBUG o.j.g.t.vertexcache.GuavaVertexCache - Created vertex cache with max size 20000
10:13:23.774 [Thread-7] DEBUG o.j.g.t.vertexcache.GuavaVertexCache - Created vertex cache with max size 20000
10:13:23.774 [Thread-4] DEBUG o.j.g.t.vertexcache.GuavaVertexCache - Created dirty vertex map with initial size 32
10:13:23.774 [Thread-8] DEBUG o.j.g.t.vertexcache.GuavaVertexCache - Created vertex cache with max size 20000
10:13:23.774 [Thread-5] DEBUG o.j.g.t.vertexcache.GuavaVertexCache - Created vertex cache with max size 20000
10:13:23.774 [Thread-6] DEBUG o.j.g.t.vertexcache.GuavaVertexCache - Created vertex cache with max size 20000
10:13:23.774 [Thread-13] DEBUG o.j.g.t.vertexcache.GuavaVertexCache - Created vertex cache with max size 20000
10:13:23.774 [Thread-9] DEBUG o.j.g.t.vertexcache.GuavaVertexCache - Created vertex cache with max size 20000
10:13:23.774 [Thread-11] DEBUG o.j.d.cassandra.CassandraTransaction - Created CassandraTransaction@5175a390[read=QUORUM,write=QUORUM]
10:13:23.774 [Thread-12] DEBUG o.j.d.cassandra.CassandraTransaction - Created CassandraTransaction@23a2834c[read=QUORUM,write=QUORUM]
10:13:23.774 [Thread-10] DEBUG o.j.d.cassandra.CassandraTransaction - Created CassandraTransaction@74cac78d[read=QUORUM,write=QUORUM]
10:13:23.774 [Thread-7] DEBUG o.j.d.cassandra.CassandraTransaction - Created CassandraTransaction@a3809bf[read=QUORUM,write=QUORUM]
10:13:23.774 [Thread-4] DEBUG o.j.g.t.vertexcache.GuavaVertexCache - Created vertex cache with max size 20000
10:13:23.774 [Thread-8] DEBUG o.j.d.cassandra.CassandraTransaction - Created CassandraTransaction@73e5895f[read=QUORUM,write=QUORUM]
10:13:23.774 [Thread-5] DEBUG o.j.d.cassandra.CassandraTransaction - Created CassandraTransaction@35c0fd6[read=QUORUM,write=QUORUM]
10:13:23.774 [Thread-6] DEBUG o.j.d.cassandra.CassandraTransaction - Created CassandraTransaction@554aa249[read=QUORUM,write=QUORUM]
10:13:23.774 [Thread-13] DEBUG o.j.d.cassandra.CassandraTransaction - Created CassandraTransaction@4594253d[read=QUORUM,write=QUORUM]
10:13:23.774 [Thread-9] DEBUG o.j.d.cassandra.CassandraTransaction - Created CassandraTransaction@9d95877[read=QUORUM,write=QUORUM]
10:13:23.774 [Thread-11] DEBUG o.j.d.cassandra.CassandraTransaction - Created CassandraTransaction@c679fc6[read=QUORUM,write=QUORUM]
10:13:23.774 [Thread-12] DEBUG o.j.d.cassandra.CassandraTransaction - Created CassandraTransaction@6eaba077[read=QUORUM,write=QUORUM]
10:13:23.774 [Thread-10] DEBUG o.j.d.cassandra.CassandraTransaction - Created CassandraTransaction@74c80627[read=QUORUM,write=QUORUM]
10:13:23.774 [Thread-7] DEBUG o.j.d.cassandra.CassandraTransaction - Created CassandraTransaction@3e9cbcd2[read=QUORUM,write=QUORUM]
10:13:23.774 [Thread-4] DEBUG o.j.d.cassandra.CassandraTransaction - Created CassandraTransaction@2de8f380[read=QUORUM,write=QUORUM]
10:13:23.774 [Thread-8] DEBUG o.j.d.cassandra.CassandraTransaction - Created CassandraTransaction@5c7b59ce[read=QUORUM,write=QUORUM]
10:13:23.774 [Thread-5] DEBUG o.j.d.cassandra.CassandraTransaction - Created CassandraTransaction@5d7da6bd[read=QUORUM,write=QUORUM]
10:13:23.774 [Thread-6] DEBUG o.j.d.cassandra.CassandraTransaction - Created CassandraTransaction@c37ede3[read=QUORUM,write=QUORUM]
10:13:23.775 [Thread-13] DEBUG o.j.d.cassandra.CassandraTransaction - Created CassandraTransaction@7e17dab9[read=QUORUM,write=QUORUM]
10:13:23.775 [Thread-9] DEBUG o.j.d.cassandra.CassandraTransaction - Created CassandraTransaction@379766da[read=QUORUM,write=QUORUM]
10:13:23.775 [Thread-4] DEBUG o.j.d.cassandra.CassandraTransaction - Created CassandraTransaction@5aa53a71[read=QUORUM,write=QUORUM]
10:13:23.778 [Thread-11] DEBUG o.j.g.t.StandardJanusGraphTx - Guava vertex cache size: requested=20000 effective=20000 (min=100)
10:13:23.778 [Thread-11] DEBUG o.j.g.t.vertexcache.GuavaVertexCache - Created dirty vertex map with initial size 32
10:13:23.778 [Thread-11] DEBUG o.j.g.t.vertexcache.GuavaVertexCache - Created vertex cache with max size 20000
10:13:23.778 [Thread-12] DEBUG o.j.g.t.StandardJanusGraphTx - Guava vertex cache size: requested=20000 effective=20000 (min=100)
10:13:23.778 [Thread-12] DEBUG o.j.g.t.vertexcache.GuavaVertexCache - Created dirty vertex map with initial size 32
10:13:23.778 [Thread-11] DEBUG o.j.d.cassandra.CassandraTransaction - Created CassandraTransaction@307008ae[read=QUORUM,write=QUORUM]
10:13:23.778 [Thread-8] DEBUG o.j.g.t.StandardJanusGraphTx - Guava vertex cache size: requested=20000 effective=20000 (min=100)
10:13:23.778 [Thread-12] DEBUG o.j.g.t.vertexcache.GuavaVertexCache - Created vertex cache with max size 20000
10:13:23.778 [Thread-9] DEBUG o.j.g.t.StandardJanusGraphTx - Guava vertex cache size: requested=20000 effective=20000 (min=100)
10:13:23.778 [Thread-11] DEBUG o.j.d.cassandra.CassandraTransaction - Created CassandraTransaction@5938c9[read=QUORUM,write=QUORUM]
10:13:23.778 [Thread-8] DEBUG o.j.g.t.vertexcache.GuavaVertexCache - Created dirty vertex map with initial size 32
10:13:23.778 [Thread-12] DEBUG o.j.d.cassandra.CassandraTransaction - Created CassandraTransaction@50743653[read=QUORUM,write=QUORUM]
10:13:23.778 [Thread-9] DEBUG o.j.g.t.vertexcache.GuavaVertexCache - Created dirty vertex map with initial size 32
10:13:23.779 [Thread-8] DEBUG o.j.g.t.vertexcache.GuavaVertexCache - Created vertex cache with max size 20000
10:13:23.779 [Thread-12] DEBUG o.j.d.cassandra.CassandraTransaction - Created CassandraTransaction@636f9c32[read=QUORUM,write=QUORUM]
10:13:23.780 [Thread-9] DEBUG o.j.g.t.vertexcache.GuavaVertexCache - Created vertex cache with max size 20000
10:13:23.780 [Thread-8] DEBUG o.j.d.cassandra.CassandraTransaction - Created CassandraTransaction@15bc0b2a[read=QUORUM,write=QUORUM]
10:13:23.780 [Thread-6] DEBUG o.j.g.t.StandardJanusGraphTx - Guava vertex cache size: requested=20000 effective=20000 (min=100)
10:13:23.780 [Thread-9] DEBUG o.j.d.cassandra.CassandraTransaction - Created CassandraTransaction@49071796[read=QUORUM,write=QUORUM]
10:13:23.780 [Thread-13] DEBUG o.j.g.t.StandardJanusGraphTx - Guava vertex cache size: requested=20000 effective=20000 (min=100)
10:13:23.780 [Thread-7] DEBUG o.j.g.t.StandardJanusGraphTx - Guava vertex cache size: requested=20000 effective=20000 (min=100)
10:13:23.780 [Thread-6] DEBUG o.j.g.t.vertexcache.GuavaVertexCache - Created dirty vertex map with initial size 32
10:13:23.780 [Thread-8] DEBUG o.j.d.cassandra.CassandraTransaction - Created CassandraTransaction@130f857a[read=QUORUM,write=QUORUM]
10:13:23.780 [Thread-9] DEBUG o.j.d.cassandra.CassandraTransaction - Created CassandraTransaction@a5ef421[read=QUORUM,write=QUORUM]
10:13:23.780 [Thread-13] DEBUG o.j.g.t.vertexcache.GuavaVertexCache - Created dirty vertex map with initial size 32
10:13:23.780 [Thread-5] DEBUG o.j.g.t.StandardJanusGraphTx - Guava vertex cache size: requested=20000 effective=20000 (min=100)
10:13:23.780 [Thread-7] DEBUG o.j.g.t.vertexcache.GuavaVertexCache - Created dirty vertex map with initial size 32
10:13:23.780 [Thread-6] DEBUG o.j.g.t.vertexcache.GuavaVertexCache - Created vertex cache with max size 20000
10:13:23.781 [Thread-13] DEBUG o.j.g.t.vertexcache.GuavaVertexCache - Created vertex cache with max size 20000
10:13:23.781 [Thread-5] DEBUG o.j.g.t.vertexcache.GuavaVertexCache - Created dirty vertex map with initial size 32
10:13:23.781 [Thread-7] DEBUG o.j.g.t.vertexcache.GuavaVertexCache - Created vertex cache with max size 20000
10:13:23.781 [Thread-6] DEBUG o.j.d.cassandra.CassandraTransaction - Created CassandraTransaction@1167a2c0[read=QUORUM,write=QUORUM]
10:13:23.781 [Thread-10] DEBUG o.j.g.t.StandardJanusGraphTx - Guava vertex cache size: requested=20000 effective=20000 (min=100)
10:13:23.781 [Thread-13] DEBUG o.j.d.cassandra.CassandraTransaction - Created CassandraTransaction@5b7e0300[read=QUORUM,write=QUORUM]
10:13:23.782 [Thread-12] DEBUG o.j.g.t.StandardJanusGraphTx - Guava vertex cache size: requested=20000 effective=20000 (min=100)
10:13:23.782 [Thread-5] DEBUG o.j.g.t.vertexcache.GuavaVertexCache - Created vertex cache with max size 20000
10:13:23.782 [Thread-11] DEBUG o.j.g.t.StandardJanusGraphTx - Guava vertex cache size: requested=20000 effective=20000 (min=100)
10:13:23.782 [Thread-7] DEBUG o.j.d.cassandra.CassandraTransaction - Created CassandraTransaction@6b6fceb5[read=QUORUM,write=QUORUM]
10:13:23.782 [Thread-6] DEBUG o.j.d.cassandra.CassandraTransaction - Created CassandraTransaction@664b6840[read=QUORUM,write=QUORUM]
10:13:23.782 [Thread-10] DEBUG o.j.g.t.vertexcache.GuavaVertexCache - Created dirty vertex map with initial size 32
10:13:23.782 [Thread-13] DEBUG o.j.d.cassandra.CassandraTransaction - Created CassandraTransaction@3f27689f[read=QUORUM,write=QUORUM]
10:13:23.782 [Thread-12] DEBUG o.j.g.t.vertexcache.GuavaVertexCache - Created dirty vertex map with initial size 32
10:13:23.782 [Thread-11] DEBUG o.j.g.t.vertexcache.GuavaVertexCache - Created dirty vertex map with initial size 32
10:13:23.782 [Thread-5] DEBUG o.j.d.cassandra.CassandraTransaction - Created CassandraTransaction@197be9b6[read=QUORUM,write=QUORUM]
10:13:23.782 [Thread-7] DEBUG o.j.d.cassandra.CassandraTransaction - Created CassandraTransaction@304e9526[read=QUORUM,write=QUORUM]
10:13:23.782 [Thread-10] DEBUG o.j.g.t.vertexcache.GuavaVertexCache - Created vertex cache with max size 20000
10:13:23.783 [Thread-12] DEBUG o.j.g.t.vertexcache.GuavaVertexCache - Created vertex cache with max size 20000
10:13:23.783 [Thread-11] DEBUG o.j.g.t.vertexcache.GuavaVertexCache - Created vertex cache with max size 20000
10:13:23.783 [Thread-5] DEBUG o.j.d.cassandra.CassandraTransaction - Created CassandraTransaction@2903fc6a[read=QUORUM,write=QUORUM]
10:13:23.783 [Thread-10] DEBUG o.j.d.cassandra.CassandraTransaction - Created CassandraTransaction@7dd5926[read=QUORUM,write=QUORUM]
10:13:23.783 [Thread-12] DEBUG o.j.d.cassandra.CassandraTransaction - Created CassandraTransaction@16acabbe[read=QUORUM,write=QUORUM]
10:13:23.783 [Thread-8] DEBUG o.j.g.t.StandardJanusGraphTx - Guava vertex cache size: requested=20000 effective=20000 (min=100)
10:13:23.783 [Thread-11] DEBUG o.j.d.cassandra.CassandraTransaction - Created CassandraTransaction@5fdd1841[read=QUORUM,write=QUORUM]
10:13:23.783 [Thread-10] DEBUG o.j.d.cassandra.CassandraTransaction - Created CassandraTransaction@250900ff[read=QUORUM,write=QUORUM]
10:13:23.783 [Thread-8] DEBUG o.j.g.t.vertexcache.GuavaVertexCache - Created dirty vertex map with initial size 32
10:13:23.783 [Thread-12] DEBUG o.j.d.cassandra.CassandraTransaction - Created CassandraTransaction@671bc196[read=QUORUM,write=QUORUM]
10:13:23.784 [Thread-11] DEBUG o.j.d.cassandra.CassandraTransaction - Created CassandraTransaction@6f585e6c[read=QUORUM,write=QUORUM]
10:13:23.784 [Thread-8] DEBUG o.j.g.t.vertexcache.GuavaVertexCache - Created vertex cache with max size 20000
10:13:23.784 [Thread-8] DEBUG o.j.d.cassandra.CassandraTransaction - Created CassandraTransaction@69c56078[read=QUORUM,write=QUORUM]
10:13:23.784 [Thread-8] DEBUG o.j.d.cassandra.CassandraTransaction - Created CassandraTransaction@1c55c331[read=QUORUM,write=QUORUM]
10:13:23.784 [Thread-4] DEBUG o.j.g.t.StandardJanusGraphTx - Guava vertex cache size: requested=20000 effective=20000 (min=100)
10:13:23.784 [Thread-4] DEBUG o.j.g.t.vertexcache.GuavaVertexCache - Created dirty vertex map with initial size 32
10:13:23.784 [Thread-4] DEBUG o.j.g.t.vertexcache.GuavaVertexCache - Created vertex cache with max size 20000
10:13:23.784 [Thread-4] DEBUG o.j.d.cassandra.CassandraTransaction - Created CassandraTransaction@2c3924d4[read=QUORUM,write=QUORUM]
10:13:23.784 [Thread-4] DEBUG o.j.d.cassandra.CassandraTransaction - Created CassandraTransaction@46a7b620[read=QUORUM,write=QUORUM]
10:13:23.785 [Thread-9] DEBUG o.j.g.t.StandardJanusGraphTx - Guava vertex cache size: requested=20000 effective=20000 (min=100)
10:13:23.785 [Thread-9] DEBUG o.j.g.t.vertexcache.GuavaVertexCache - Created dirty vertex map with initial size 32
10:13:23.785 [Thread-9] DEBUG o.j.g.t.vertexcache.GuavaVertexCache - Created vertex cache with max size 20000
10:13:23.785 [Thread-9] DEBUG o.j.d.cassandra.CassandraTransaction - Created CassandraTransaction@312c5de4[read=QUORUM,write=QUORUM]
10:13:23.785 [Thread-9] DEBUG o.j.d.cassandra.CassandraTransaction - Created CassandraTransaction@406647f0[read=QUORUM,write=QUORUM]
10:13:23.786 [Thread-6] DEBUG o.j.g.t.StandardJanusGraphTx - Guava vertex cache size: requested=20000 effective=20000 (min=100)
10:13:23.786 [Thread-6] DEBUG o.j.g.t.vertexcache.GuavaVertexCache - Created dirty vertex map with initial size 32
10:13:23.786 [Thread-6] DEBUG o.j.g.t.vertexcache.GuavaVertexCache - Created vertex cache with max size 20000
10:13:23.786 [Thread-6] DEBUG o.j.d.cassandra.CassandraTransaction - Created CassandraTransaction@8e670cc[read=QUORUM,write=QUORUM]
10:13:23.786 [Thread-6] DEBUG o.j.d.cassandra.CassandraTransaction - Created CassandraTransaction@24bbb2b2[read=QUORUM,write=QUORUM]
10:13:23.788 [Thread-7] DEBUG o.j.g.t.StandardJanusGraphTx - Guava vertex cache size: requested=20000 effective=20000 (min=100)
10:13:23.788 [Thread-7] DEBUG o.j.g.t.vertexcache.GuavaVertexCache - Created dirty vertex map with initial size 32
10:13:23.789 [Thread-7] DEBUG o.j.g.t.vertexcache.GuavaVertexCache - Created vertex cache with max size 20000
10:13:23.789 [Thread-7] DEBUG o.j.d.cassandra.CassandraTransaction - Created CassandraTransaction@447a4bcf[read=QUORUM,write=QUORUM]
10:13:23.789 [Thread-13] DEBUG o.j.g.t.StandardJanusGraphTx - Guava vertex cache size: requested=20000 effective=20000 (min=100)
10:13:23.789 [Thread-13] DEBUG o.j.g.t.vertexcache.GuavaVertexCache - Created dirty vertex map with initial size 32
10:13:23.789 [Thread-7] DEBUG o.j.d.cassandra.CassandraTransaction - Created CassandraTransaction@51753f93[read=QUORUM,write=QUORUM]
10:13:23.789 [Thread-13] DEBUG o.j.g.t.vertexcache.GuavaVertexCache - Created vertex cache with max size 20000
10:13:23.789 [Thread-13] DEBUG o.j.d.cassandra.CassandraTransaction - Created CassandraTransaction@2b78adc1[read=QUORUM,write=QUORUM]
10:13:23.789 [Thread-13] DEBUG o.j.d.cassandra.CassandraTransaction - Created CassandraTransaction@35ddad[read=QUORUM,write=QUORUM]
10:13:23.801 [Thread-5] DEBUG o.j.g.t.StandardJanusGraphTx - Guava vertex cache size: requested=20000 effective=20000 (min=100)
10:13:23.801 [Thread-13] DEBUG o.j.g.t.StandardJanusGraphTx - Guava vertex cache size: requested=20000 effective=20000 (min=100)
10:13:23.801 [Thread-8] DEBUG o.j.g.t.StandardJanusGraphTx - Guava vertex cache size: requested=20000 effective=20000 (min=100)
10:13:23.801 [Thread-9] DEBUG o.j.g.t.StandardJanusGraphTx - Guava vertex cache size: requested=20000 effective=20000 (min=100)
10:13:23.801 [Thread-7] DEBUG o.j.g.t.StandardJanusGraphTx - Guava vertex cache size: requested=20000 effective=20000 (min=100)
10:13:23.801 [Thread-11] DEBUG o.j.g.t.StandardJanusGraphTx - Guava vertex cache size: requested=20000 effective=20000 (min=100)
10:13:23.801 [Thread-12] DEBUG o.j.g.t.StandardJanusGraphTx - Guava vertex cache size: requested=20000 effective=20000 (min=100)
10:13:23.801 [Thread-10] DEBUG o.j.g.t.StandardJanusGraphTx - Guava vertex cache size: requested=20000 effective=20000 (min=100)
10:13:23.801 [Thread-5] DEBUG o.j.g.t.vertexcache.GuavaVertexCache - Created dirty vertex map with initial size 32
10:13:23.801 [Thread-6] DEBUG o.j.g.t.StandardJanusGraphTx - Guava vertex cache size: requested=20000 effective=20000 (min=100)
10:13:23.801 [Thread-13] DEBUG o.j.g.t.vertexcache.GuavaVertexCache - Created dirty vertex map with initial size 32
10:13:23.802 [Thread-8] DEBUG o.j.g.t.vertexcache.GuavaVertexCache - Created dirty vertex map with initial size 32
10:13:23.802 [Thread-9] DEBUG o.j.g.t.vertexcache.GuavaVertexCache - Created dirty vertex map with initial size 32
10:13:23.802 [Thread-7] DEBUG o.j.g.t.vertexcache.GuavaVertexCache - Created dirty vertex map with initial size 32
10:13:23.802 [Thread-11] DEBUG o.j.g.t.vertexcache.GuavaVertexCache - Created dirty vertex map with initial size 32
10:13:23.802 [Thread-12] DEBUG o.j.g.t.vertexcache.GuavaVertexCache - Created dirty vertex map with initial size 32
10:13:23.802 [Thread-10] DEBUG o.j.g.t.vertexcache.GuavaVertexCache - Created dirty vertex map with initial size 32
10:13:23.802 [Thread-5] DEBUG o.j.g.t.vertexcache.GuavaVertexCache - Created vertex cache with max size 20000
10:13:23.802 [Thread-6] DEBUG o.j.g.t.vertexcache.GuavaVertexCache - Created dirty vertex map with initial size 32
10:13:23.802 [Thread-13] DEBUG o.j.g.t.vertexcache.GuavaVertexCache - Created vertex cache with max size 20000
10:13:23.802 [Thread-8] DEBUG o.j.g.t.vertexcache.GuavaVertexCache - Created vertex cache with max size 20000
10:13:23.802 [Thread-9] DEBUG o.j.g.t.vertexcache.GuavaVertexCache - Created vertex cache with max size 20000
10:13:23.802 [Thread-7] DEBUG o.j.g.t.vertexcache.GuavaVertexCache - Created vertex cache with max size 20000
10:13:23.802 [Thread-11] DEBUG o.j.g.t.vertexcache.GuavaVertexCache - Created vertex cache with max size 20000
10:13:23.802 [Thread-12] DEBUG o.j.g.t.vertexcache.GuavaVertexCache - Created vertex cache with max size 20000
10:13:23.802 [Thread-10] DEBUG o.j.g.t.vertexcache.GuavaVertexCache - Created vertex cache with max size 20000
10:13:23.802 [Thread-5] DEBUG o.j.d.cassandra.CassandraTransaction - Created CassandraTransaction@7bedd000[read=QUORUM,write=QUORUM]
10:13:23.802 [Thread-6] DEBUG o.j.g.t.vertexcache.GuavaVertexCache - Created vertex cache with max size 20000
10:13:23.802 [Thread-13] DEBUG o.j.d.cassandra.CassandraTransaction - Created CassandraTransaction@565b4ac1[read=QUORUM,write=QUORUM]
10:13:23.802 [Thread-8] DEBUG o.j.d.cassandra.CassandraTransaction - Created CassandraTransaction@3304f91b[read=QUORUM,write=QUORUM]
10:13:23.802 [Thread-9] DEBUG o.j.d.cassandra.CassandraTransaction - Created CassandraTransaction@249e6a59[read=QUORUM,write=QUORUM]
10:13:23.802 [Thread-7] DEBUG o.j.d.cassandra.CassandraTransaction - Created CassandraTransaction@423c9104[read=QUORUM,write=QUORUM]
10:13:23.802 [Thread-11] DEBUG o.j.d.cassandra.CassandraTransaction - Created CassandraTransaction@122562c7[read=QUORUM,write=QUORUM]
10:13:23.802 [Thread-12] DEBUG o.j.d.cassandra.CassandraTransaction - Created CassandraTransaction@4bfa77b6[read=QUORUM,write=QUORUM]
10:13:23.802 [Thread-4] DEBUG o.j.g.t.StandardJanusGraphTx - Guava vertex cache size: requested=20000 effective=20000 (min=100)
10:13:23.802 [Thread-10] DEBUG o.j.d.cassandra.CassandraTransaction - Created CassandraTransaction@428d2044[read=QUORUM,write=QUORUM]
10:13:23.802 [Thread-5] DEBUG o.j.d.cassandra.CassandraTransaction - Created CassandraTransaction@78fe4dfb[read=QUORUM,write=QUORUM]
10:13:23.802 [Thread-6] DEBUG o.j.d.cassandra.CassandraTransaction - Created CassandraTransaction@74455151[read=QUORUM,write=QUORUM]
10:13:23.802 [Thread-13] DEBUG o.j.d.cassandra.CassandraTransaction - Created CassandraTransaction@3823e36e[read=QUORUM,write=QUORUM]
10:13:23.802 [Thread-8] DEBUG o.j.d.cassandra.CassandraTransaction - Created CassandraTransaction@23fa8e15[read=QUORUM,write=QUORUM]
10:13:23.802 [Thread-9] DEBUG o.j.d.cassandra.CassandraTransaction - Created CassandraTransaction@770ed053[read=QUORUM,write=QUORUM]
10:13:23.802 [Thread-7] DEBUG o.j.d.cassandra.CassandraTransaction - Created CassandraTransaction@4427be91[read=QUORUM,write=QUORUM]
10:13:23.803 [Thread-11] DEBUG o.j.d.cassandra.CassandraTransaction - Created CassandraTransaction@4119d3e1[read=QUORUM,write=QUORUM]
10:13:23.803 [Thread-12] DEBUG o.j.d.cassandra.CassandraTransaction - Created CassandraTransaction@3878c42c[read=QUORUM,write=QUORUM]
10:13:23.803 [Thread-4] DEBUG o.j.g.t.vertexcache.GuavaVertexCache - Created dirty vertex map with initial size 32
10:13:23.803 [Thread-10] DEBUG o.j.d.cassandra.CassandraTransaction - Created CassandraTransaction@2f74555a[read=QUORUM,write=QUORUM]
10:13:23.803 [Thread-6] DEBUG o.j.d.cassandra.CassandraTransaction - Created CassandraTransaction@4a92689b[read=QUORUM,write=QUORUM]
10:13:23.804 [Thread-4] DEBUG o.j.g.t.vertexcache.GuavaVertexCache - Created vertex cache with max size 20000
10:13:23.804 [Thread-4] DEBUG o.j.d.cassandra.CassandraTransaction - Created CassandraTransaction@64be27ac[read=QUORUM,write=QUORUM]
10:13:23.804 [Thread-4] DEBUG o.j.d.cassandra.CassandraTransaction - Created CassandraTransaction@1c4a06b[read=QUORUM,write=QUORUM]
10:13:23.829 [Thread-12] DEBUG o.j.g.t.StandardJanusGraphTx - Guava vertex cache size: requested=20000 effective=20000 (min=100)
10:13:23.829 [Thread-12] DEBUG o.j.g.t.vertexcache.GuavaVertexCache - Created dirty vertex map with initial size 32
10:13:23.829 [Thread-12] DEBUG o.j.g.t.vertexcache.GuavaVertexCache - Created vertex cache with max size 20000
10:13:23.829 [Thread-12] DEBUG o.j.d.cassandra.CassandraTransaction - Created CassandraTransaction@79b8c8af[read=QUORUM,write=QUORUM]
10:13:23.829 [Thread-12] DEBUG o.j.d.cassandra.CassandraTransaction - Created CassandraTransaction@30680c78[read=QUORUM,write=QUORUM]
10:13:23.831 [Thread-4] DEBUG o.j.g.t.StandardJanusGraphTx - Guava vertex cache size: requested=20000 effective=20000 (min=100)
10:13:23.831 [Thread-4] DEBUG o.j.g.t.vertexcache.GuavaVertexCache - Created dirty vertex map with initial size 32
10:13:23.831 [Thread-4] DEBUG o.j.g.t.vertexcache.GuavaVertexCache - Created vertex cache with max size 20000
10:13:23.831 [Thread-4] DEBUG o.j.d.cassandra.CassandraTransaction - Created CassandraTransaction@5cfc3e65[read=QUORUM,write=QUORUM]
10:13:23.831 [Thread-4] DEBUG o.j.d.cassandra.CassandraTransaction - Created CassandraTransaction@496af111[read=QUORUM,write=QUORUM]
10:13:23.832 [Thread-10] DEBUG o.j.g.t.StandardJanusGraphTx - Guava vertex cache size: requested=20000 effective=20000 (min=100)
10:13:23.832 [Thread-10] DEBUG o.j.g.t.vertexcache.GuavaVertexCache - Created dirty vertex map with initial size 32
10:13:23.832 [Thread-10] DEBUG o.j.g.t.vertexcache.GuavaVertexCache - Created vertex cache with max size 20000
10:13:23.832 [Thread-10] DEBUG o.j.d.cassandra.CassandraTransaction - Created CassandraTransaction@2c54cc4e[read=QUORUM,write=QUORUM]
10:13:23.832 [Thread-10] DEBUG o.j.d.cassandra.CassandraTransaction - Created CassandraTransaction@2df19e6a[read=QUORUM,write=QUORUM]
10:13:23.834 [Thread-5] DEBUG o.j.g.t.StandardJanusGraphTx - Guava vertex cache size: requested=20000 effective=20000 (min=100)
10:13:23.834 [Thread-5] DEBUG o.j.g.t.vertexcache.GuavaVertexCache - Created dirty vertex map with initial size 32
10:13:23.834 [Thread-5] DEBUG o.j.g.t.vertexcache.GuavaVertexCache - Created vertex cache with max size 20000
10:13:23.834 [Thread-7] DEBUG o.j.g.t.StandardJanusGraphTx - Guava vertex cache size: requested=20000 effective=20000 (min=100)
10:13:23.834 [Thread-7] DEBUG o.j.g.t.vertexcache.GuavaVertexCache - Created dirty vertex map with initial size 32
10:13:23.834 [Thread-5] DEBUG o.j.d.cassandra.CassandraTransaction - Created CassandraTransaction@34ea89dc[read=QUORUM,write=QUORUM]
10:13:23.834 [Thread-7] DEBUG o.j.g.t.vertexcache.GuavaVertexCache - Created vertex cache with max size 20000
10:13:23.835 [Thread-5] DEBUG o.j.d.cassandra.CassandraTransaction - Created CassandraTransaction@6664ddac[read=QUORUM,write=QUORUM]
10:13:23.835 [Thread-7] DEBUG o.j.d.cassandra.CassandraTransaction - Created CassandraTransaction@33be3e91[read=QUORUM,write=QUORUM]
10:13:23.835 [Thread-7] DEBUG o.j.d.cassandra.CassandraTransaction - Created CassandraTransaction@4a94cd41[read=QUORUM,write=QUORUM]
10:13:23.835 [Thread-8] DEBUG o.j.g.t.StandardJanusGraphTx - Guava vertex cache size: requested=20000 effective=20000 (min=100)
10:13:23.835 [Thread-8] DEBUG o.j.g.t.vertexcache.GuavaVertexCache - Created dirty vertex map with initial size 32
10:13:23.835 [Thread-8] DEBUG o.j.g.t.vertexcache.GuavaVertexCache - Created vertex cache with max size 20000
10:13:23.835 [Thread-8] DEBUG o.j.d.cassandra.CassandraTransaction - Created CassandraTransaction@5316b466[read=QUORUM,write=QUORUM]
10:13:23.835 [Thread-8] DEBUG o.j.d.cassandra.CassandraTransaction - Created CassandraTransaction@59de75[read=QUORUM,write=QUORUM]
10:13:23.836 [Thread-12] DEBUG o.j.g.t.StandardJanusGraphTx - Guava vertex cache size: requested=20000 effective=20000 (min=100)
10:13:23.836 [Thread-12] DEBUG o.j.g.t.vertexcache.GuavaVertexCache - Created dirty vertex map with initial size 32
10:13:23.836 [Thread-12] DEBUG o.j.g.t.vertexcache.GuavaVertexCache - Created vertex cache with max size 20000
10:13:23.836 [Thread-12] DEBUG o.j.d.cassandra.CassandraTransaction - Created CassandraTransaction@7e1f8464[read=QUORUM,write=QUORUM]
10:13:23.836 [Thread-12] DEBUG o.j.d.cassandra.CassandraTransaction - Created CassandraTransaction@7e1cebc[read=QUORUM,write=QUORUM]
10:13:23.837 [Thread-11] DEBUG o.j.g.t.StandardJanusGraphTx - Guava vertex cache size: requested=20000 effective=20000 (min=100)
10:13:23.837 [Thread-11] DEBUG o.j.g.t.vertexcache.GuavaVertexCache - Created dirty vertex map with initial size 32
10:13:23.837 [Thread-11] DEBUG o.j.g.t.vertexcache.GuavaVertexCache - Created vertex cache with max size 20000
10:13:23.837 [Thread-11] DEBUG o.j.d.cassandra.CassandraTransaction - Created CassandraTransaction@63e91cd5[read=QUORUM,write=QUORUM]
10:13:23.837 [Thread-11] DEBUG o.j.d.cassandra.CassandraTransaction - Created CassandraTransaction@29e11bd1[read=QUORUM,write=QUORUM]
10:13:23.838 [Thread-10] DEBUG o.j.g.t.StandardJanusGraphTx - Guava vertex cache size: requested=20000 effective=20000 (min=100)
10:13:23.838 [Thread-10] DEBUG o.j.g.t.vertexcache.GuavaVertexCache - Created dirty vertex map with initial size 32
10:13:23.838 [Thread-10] DEBUG o.j.g.t.vertexcache.GuavaVertexCache - Created vertex cache with max size 20000
10:13:23.838 [Thread-10] DEBUG o.j.d.cassandra.CassandraTransaction - Created CassandraTransaction@378a014c[read=QUORUM,write=QUORUM]
10:13:23.838 [Thread-10] DEBUG o.j.d.cassandra.CassandraTransaction - Created CassandraTransaction@20ca0c2f[read=QUORUM,write=QUORUM]
10:13:23.838 [Thread-4] DEBUG o.j.g.t.StandardJanusGraphTx - Guava vertex cache size: requested=20000 effective=20000 (min=100)
10:13:23.838 [Thread-4] DEBUG o.j.g.t.vertexcache.GuavaVertexCache - Created dirty vertex map with initial size 32
10:13:23.838 [Thread-4] DEBUG o.j.g.t.vertexcache.GuavaVertexCache - Created vertex cache with max size 20000
10:13:23.838 [Thread-4] DEBUG o.j.d.cassandra.CassandraTransaction - Created CassandraTransaction@5f4dccd5[read=QUORUM,write=QUORUM]
10:13:23.838 [Thread-4] DEBUG o.j.d.cassandra.CassandraTransaction - Created CassandraTransaction@264f699a[read=QUORUM,write=QUORUM]
10:13:23.839 [Thread-9] DEBUG o.j.g.t.StandardJanusGraphTx - Guava vertex cache size: requested=20000 effective=20000 (min=100)
10:13:23.839 [Thread-9] DEBUG o.j.g.t.vertexcache.GuavaVertexCache - Created dirty vertex map with initial size 32
10:13:23.839 [Thread-9] DEBUG o.j.g.t.vertexcache.GuavaVertexCache - Created vertex cache with max size 20000
10:13:23.839 [Thread-9] DEBUG o.j.d.cassandra.CassandraTransaction - Created CassandraTransaction@4d246cf8[read=QUORUM,write=QUORUM]
10:13:23.839 [Thread-9] DEBUG o.j.d.cassandra.CassandraTransaction - Created CassandraTransaction@4ca9b147[read=QUORUM,write=QUORUM]
10:13:23.843 [Thread-13] DEBUG o.j.g.t.StandardJanusGraphTx - Guava vertex cache size: requested=20000 effective=20000 (min=100)
10:13:23.843 [Thread-13] DEBUG o.j.g.t.vertexcache.GuavaVertexCache - Created dirty vertex map with initial size 32
10:13:23.843 [Thread-13] DEBUG o.j.g.t.vertexcache.GuavaVertexCache - Created vertex cache with max size 20000
10:13:23.843 [Thread-8] DEBUG o.j.g.t.StandardJanusGraphTx - Guava vertex cache size: requested=20000 effective=20000 (min=100)
10:13:23.843 [Thread-8] DEBUG o.j.g.t.vertexcache.GuavaVertexCache - Created dirty vertex map with initial size 32
10:13:23.843 [Thread-5] DEBUG o.j.g.t.StandardJanusGraphTx - Guava vertex cache size: requested=20000 effective=20000 (min=100)
10:13:23.843 [Thread-13] DEBUG o.j.d.cassandra.CassandraTransaction - Created CassandraTransaction@28f9d7ec[read=QUORUM,write=QUORUM]
10:13:23.843 [Thread-8] DEBUG o.j.g.t.vertexcache.GuavaVertexCache - Created vertex cache with max size 20000
10:13:23.843 [Thread-5] DEBUG o.j.g.t.vertexcache.GuavaVertexCache - Created dirty vertex map with initial size 32
10:13:23.843 [Thread-13] DEBUG o.j.d.cassandra.CassandraTransaction - Created CassandraTransaction@12ddc588[read=QUORUM,write=QUORUM]
10:13:23.844 [Thread-5] DEBUG o.j.g.t.vertexcache.GuavaVertexCache - Created vertex cache with max size 20000
10:13:23.844 [Thread-8] DEBUG o.j.d.cassandra.CassandraTransaction - Created CassandraTransaction@52b0adec[read=QUORUM,write=QUORUM]
10:13:23.843 [Thread-12] DEBUG o.j.g.t.StandardJanusGraphTx - Guava vertex cache size: requested=20000 effective=20000 (min=100)
10:13:23.843 [Thread-7] DEBUG o.j.g.t.StandardJanusGraphTx - Guava vertex cache size: requested=20000 effective=20000 (min=100)
10:13:23.844 [Thread-6] DEBUG o.j.g.t.StandardJanusGraphTx - Guava vertex cache size: requested=20000 effective=20000 (min=100)
10:13:23.844 [Thread-5] DEBUG o.j.d.cassandra.CassandraTransaction - Created CassandraTransaction@31af70d4[read=QUORUM,write=QUORUM]
10:13:23.844 [Thread-8] DEBUG o.j.d.cassandra.CassandraTransaction - Created CassandraTransaction@7184968[read=QUORUM,write=QUORUM]
10:13:23.844 [Thread-12] DEBUG o.j.g.t.vertexcache.GuavaVertexCache - Created dirty vertex map with initial size 32
10:13:23.844 [Thread-7] DEBUG o.j.g.t.vertexcache.GuavaVertexCache - Created dirty vertex map with initial size 32
10:13:23.844 [Thread-6] DEBUG o.j.g.t.vertexcache.GuavaVertexCache - Created dirty vertex map with initial size 32
10:13:23.844 [Thread-5] DEBUG o.j.d.cassandra.CassandraTransaction - Created CassandraTransaction@1ec34571[read=QUORUM,write=QUORUM]
10:13:23.844 [Thread-12] DEBUG o.j.g.t.vertexcache.GuavaVertexCache - Created vertex cache with max size 20000
10:13:23.844 [Thread-7] DEBUG o.j.g.t.vertexcache.GuavaVertexCache - Created vertex cache with max size 20000
10:13:23.844 [Thread-6] DEBUG o.j.g.t.vertexcache.GuavaVertexCache - Created vertex cache with max size 20000
10:13:23.844 [Thread-12] DEBUG o.j.d.cassandra.CassandraTransaction - Created CassandraTransaction@4c0f54aa[read=QUORUM,write=QUORUM]
10:13:23.844 [Thread-7] DEBUG o.j.d.cassandra.CassandraTransaction - Created CassandraTransaction@67860430[read=QUORUM,write=QUORUM]
10:13:23.844 [Thread-6] DEBUG o.j.d.cassandra.CassandraTransaction - Created CassandraTransaction@123f9dc8[read=QUORUM,write=QUORUM]
10:13:23.844 [Thread-12] DEBUG o.j.d.cassandra.CassandraTransaction - Created CassandraTransaction@299647a7[read=QUORUM,write=QUORUM]
10:13:23.844 [Thread-7] DEBUG o.j.d.cassandra.CassandraTransaction - Created CassandraTransaction@676ddc74[read=QUORUM,write=QUORUM]
10:13:23.844 [Thread-6] DEBUG o.j.d.cassandra.CassandraTransaction - Created CassandraTransaction@4bb0e9a4[read=QUORUM,write=QUORUM]
10:13:23.844 [Thread-9] DEBUG o.j.g.t.StandardJanusGraphTx - Guava vertex cache size: requested=20000 effective=20000 (min=100)
10:13:23.845 [Thread-9] DEBUG o.j.g.t.vertexcache.GuavaVertexCache - Created dirty vertex map with initial size 32
10:13:23.845 [Thread-9] DEBUG o.j.g.t.vertexcache.GuavaVertexCache - Created vertex cache with max size 20000
10:13:23.845 [Thread-9] DEBUG o.j.d.cassandra.CassandraTransaction - Created CassandraTransaction@36890b08[read=QUORUM,write=QUORUM]
10:13:23.845 [Thread-9] DEBUG o.j.d.cassandra.CassandraTransaction - Created CassandraTransaction@3432adfe[read=QUORUM,write=QUORUM]
10:13:23.845 [Thread-4] DEBUG o.j.g.t.StandardJanusGraphTx - Guava vertex cache size: requested=20000 effective=20000 (min=100)
10:13:23.845 [Thread-11] DEBUG o.j.g.t.StandardJanusGraphTx - Guava vertex cache size: requested=20000 effective=20000 (min=100)
10:13:23.845 [Thread-4] DEBUG o.j.g.t.vertexcache.GuavaVertexCache - Created dirty vertex map with initial size 32
10:13:23.845 [Thread-11] DEBUG o.j.g.t.vertexcache.GuavaVertexCache - Created dirty vertex map with initial size 32
10:13:23.845 [Thread-10] DEBUG o.j.g.t.StandardJanusGraphTx - Guava vertex cache size: requested=20000 effective=20000 (min=100)
10:13:23.845 [Thread-4] DEBUG o.j.g.t.vertexcache.GuavaVertexCache - Created vertex cache with max size 20000
10:13:23.845 [Thread-11] DEBUG o.j.g.t.vertexcache.GuavaVertexCache - Created vertex cache with max size 20000
10:13:23.845 [Thread-10] DEBUG o.j.g.t.vertexcache.GuavaVertexCache - Created dirty vertex map with initial size 32
10:13:23.845 [Thread-4] DEBUG o.j.d.cassandra.CassandraTransaction - Created CassandraTransaction@5c7051d0[read=QUORUM,write=QUORUM]
10:13:23.845 [Thread-10] DEBUG o.j.g.t.vertexcache.GuavaVertexCache - Created vertex cache with max size 20000
10:13:23.845 [Thread-11] DEBUG o.j.d.cassandra.CassandraTransaction - Created CassandraTransaction@6d6621ee[read=QUORUM,write=QUORUM]
10:13:23.845 [Thread-4] DEBUG o.j.d.cassandra.CassandraTransaction - Created CassandraTransaction@6d6a15ef[read=QUORUM,write=QUORUM]
10:13:23.845 [Thread-10] DEBUG o.j.d.cassandra.CassandraTransaction - Created CassandraTransaction@1f8317c7[read=QUORUM,write=QUORUM]
10:13:23.845 [Thread-11] DEBUG o.j.d.cassandra.CassandraTransaction - Created CassandraTransaction@23f28e19[read=QUORUM,write=QUORUM]
10:13:23.845 [Thread-10] DEBUG o.j.d.cassandra.CassandraTransaction - Created CassandraTransaction@7864e51a[read=QUORUM,write=QUORUM]
10:13:23.847 [Thread-5] DEBUG o.j.g.t.StandardJanusGraphTx - Guava vertex cache size: requested=20000 effective=20000 (min=100)
10:13:23.847 [Thread-4] DEBUG o.j.g.t.StandardJanusGraphTx - Guava vertex cache size: requested=20000 effective=20000 (min=100)
10:13:23.847 [Thread-9] DEBUG o.j.g.t.StandardJanusGraphTx - Guava vertex cache size: requested=20000 effective=20000 (min=100)
10:13:23.847 [Thread-5] DEBUG o.j.g.t.vertexcache.GuavaVertexCache - Created dirty vertex map with initial size 32
10:13:23.847 [Thread-4] DEBUG o.j.g.t.vertexcache.GuavaVertexCache - Created dirty vertex map with initial size 32
10:13:23.847 [Thread-9] DEBUG o.j.g.t.vertexcache.GuavaVertexCache - Created dirty vertex map with initial size 32
10:13:23.847 [Thread-10] DEBUG o.j.g.t.StandardJanusGraphTx - Guava vertex cache size: requested=20000 effective=20000 (min=100)
10:13:23.847 [Thread-5] DEBUG o.j.g.t.vertexcache.GuavaVertexCache - Created vertex cache with max size 20000
10:13:23.847 [Thread-8] DEBUG o.j.g.t.StandardJanusGraphTx - Guava vertex cache size: requested=20000 effective=20000 (min=100)
10:13:23.847 [Thread-9] DEBUG o.j.g.t.vertexcache.GuavaVertexCache - Created vertex cache with max size 20000
10:13:23.847 [Thread-10] DEBUG o.j.g.t.vertexcache.GuavaVertexCache - Created dirty vertex map with initial size 32
10:13:23.847 [Thread-4] DEBUG o.j.g.t.vertexcache.GuavaVertexCache - Created vertex cache with max size 20000
10:13:23.847 [Thread-8] DEBUG o.j.g.t.vertexcache.GuavaVertexCache - Created dirty vertex map with initial size 32
10:13:23.847 [Thread-5] DEBUG o.j.d.cassandra.CassandraTransaction - Created CassandraTransaction@174f7ce0[read=QUORUM,write=QUORUM]
10:13:23.847 [Thread-9] DEBUG o.j.d.cassandra.CassandraTransaction - Created CassandraTransaction@7f6eac8c[read=QUORUM,write=QUORUM]
10:13:23.847 [Thread-10] DEBUG o.j.g.t.vertexcache.GuavaVertexCache - Created vertex cache with max size 20000
10:13:23.848 [Thread-4] DEBUG o.j.d.cassandra.CassandraTransaction - Created CassandraTransaction@75cc1686[read=QUORUM,write=QUORUM]
10:13:23.848 [Thread-8] DEBUG o.j.g.t.vertexcache.GuavaVertexCache - Created vertex cache with max size 20000
10:13:23.848 [Thread-5] DEBUG o.j.d.cassandra.CassandraTransaction - Created CassandraTransaction@5d2c970d[read=QUORUM,write=QUORUM]
10:13:23.848 [Thread-9] DEBUG o.j.d.cassandra.CassandraTransaction - Created CassandraTransaction@3b645f49[read=QUORUM,write=QUORUM]
10:13:23.848 [Thread-10] DEBUG o.j.d.cassandra.CassandraTransaction - Created CassandraTransaction@7e01eb60[read=QUORUM,write=QUORUM]
10:13:23.848 [Thread-8] DEBUG o.j.d.cassandra.CassandraTransaction - Created CassandraTransaction@7841c970[read=QUORUM,write=QUORUM]
10:13:23.848 [Thread-10] DEBUG o.j.d.cassandra.CassandraTransaction - Created CassandraTransaction@79bbf648[read=QUORUM,write=QUORUM]
10:13:23.848 [Thread-8] DEBUG o.j.d.cassandra.CassandraTransaction - Created CassandraTransaction@2fc9c459[read=QUORUM,write=QUORUM]
10:13:23.848 [Thread-4] DEBUG o.j.d.cassandra.CassandraTransaction - Created CassandraTransaction@2bec273e[read=QUORUM,write=QUORUM]
10:13:23.849 [Thread-11] DEBUG o.j.g.t.StandardJanusGraphTx - Guava vertex cache size: requested=20000 effective=20000 (min=100)
10:13:23.849 [Thread-11] DEBUG o.j.g.t.vertexcache.GuavaVertexCache - Created dirty vertex map with initial size 32
10:13:23.849 [Thread-11] DEBUG o.j.g.t.vertexcache.GuavaVertexCache - Created vertex cache with max size 20000
10:13:23.849 [Thread-11] DEBUG o.j.d.cassandra.CassandraTransaction - Created CassandraTransaction@2de4e13c[read=QUORUM,write=QUORUM]
10:13:23.849 [Thread-11] DEBUG o.j.d.cassandra.CassandraTransaction - Created CassandraTransaction@71d1dc3f[read=QUORUM,write=QUORUM]
10:13:23.850 [Thread-6] DEBUG o.j.g.t.StandardJanusGraphTx - Guava vertex cache size: requested=20000 effective=20000 (min=100)
10:13:23.850 [Thread-6] DEBUG o.j.g.t.vertexcache.GuavaVertexCache - Created dirty vertex map with initial size 32
10:13:23.850 [Thread-6] DEBUG o.j.g.t.vertexcache.GuavaVertexCache - Created vertex cache with max size 20000
10:13:23.850 [Thread-6] DEBUG o.j.d.cassandra.CassandraTransaction - Created CassandraTransaction@431ee07a[read=QUORUM,write=QUORUM]
10:13:23.850 [Thread-6] DEBUG o.j.d.cassandra.CassandraTransaction - Created CassandraTransaction@1cb1148d[read=QUORUM,write=QUORUM]
10:13:23.852 [Thread-13] DEBUG o.j.g.t.StandardJanusGraphTx - Guava vertex cache size: requested=20000 effective=20000 (min=100)
10:13:23.852 [Thread-13] DEBUG o.j.g.t.vertexcache.GuavaVertexCache - Created dirty vertex map with initial size 32
10:13:23.852 [Thread-12] DEBUG o.j.g.t.StandardJanusGraphTx - Guava vertex cache size: requested=20000 effective=20000 (min=100)
10:13:23.852 [Thread-12] DEBUG o.j.g.t.vertexcache.GuavaVertexCache - Created dirty vertex map with initial size 32
10:13:23.852 [Thread-13] DEBUG o.j.g.t.vertexcache.GuavaVertexCache - Created vertex cache with max size 20000
10:13:23.852 [Thread-12] DEBUG o.j.g.t.vertexcache.GuavaVertexCache - Created vertex cache with max size 20000
10:13:23.852 [Thread-13] DEBUG o.j.d.cassandra.CassandraTransaction - Created CassandraTransaction@e88928b[read=QUORUM,write=QUORUM]
10:13:23.852 [Thread-13] DEBUG o.j.d.cassandra.CassandraTransaction - Created CassandraTransaction@22a71ab3[read=QUORUM,write=QUORUM]
10:13:23.852 [Thread-12] DEBUG o.j.d.cassandra.CassandraTransaction - Created CassandraTransaction@65138fc1[read=QUORUM,write=QUORUM]
10:13:23.852 [Thread-12] DEBUG o.j.d.cassandra.CassandraTransaction - Created CassandraTransaction@538f3dcd[read=QUORUM,write=QUORUM]
10:13:23.853 [Thread-5] DEBUG o.j.g.database.StandardJanusGraph - Saving transaction. Added 12, removed 1
10:13:23.853 [Thread-5] DEBUG o.j.d.cassandra.CassandraTransaction - Created CassandraTransaction@49b92fe8[read=QUORUM,write=QUORUM]
10:13:23.853 [Thread-5] DEBUG o.j.d.cassandra.CassandraTransaction - Created CassandraTransaction@25fdf243[read=QUORUM,write=QUORUM]
10:13:23.853 [Thread-8] DEBUG o.j.g.database.StandardJanusGraph - Saving transaction. Added 12, removed 1
10:13:23.853 [Thread-5] DEBUG o.j.d.l.c.ExpectedValueCheckingStore - Attempting to acquireLock on KeyColumn [k=0x 16-165-160-114-116- 30-117-112-100- 97-116-101-100- 65-244, c=0x  0] ev=null
10:13:23.853 [Thread-10] DEBUG o.j.g.database.StandardJanusGraph - Saving transaction. Added 12, removed 1
10:13:23.853 [Thread-8] DEBUG o.j.d.cassandra.CassandraTransaction - Created CassandraTransaction@670ad2ae[read=QUORUM,write=QUORUM]
10:13:23.853 [Thread-10] DEBUG o.j.d.cassandra.CassandraTransaction - Created CassandraTransaction@57cccc95[read=QUORUM,write=QUORUM]
10:13:23.853 [Thread-8] DEBUG o.j.d.cassandra.CassandraTransaction - Created CassandraTransaction@11f69d76[read=QUORUM,write=QUORUM]
10:13:23.853 [Thread-5] DEBUG o.j.d.cassandra.CassandraTransaction - Created CassandraTransaction@1cd08d0e[read=QUORUM,write=QUORUM]
10:13:23.853 [Thread-10] DEBUG o.j.d.cassandra.CassandraTransaction - Created CassandraTransaction@26e767e7[read=QUORUM,write=QUORUM]
10:13:23.853 [Thread-7] DEBUG o.j.g.database.StandardJanusGraph - Saving transaction. Added 12, removed 1
10:13:23.853 [Thread-8] DEBUG o.j.d.l.c.ExpectedValueCheckingStore - Attempting to acquireLock on KeyColumn [k=0x 16-165-160-114-116- 30-117-112-100- 97-116-101-100- 65-244, c=0x  0] ev=null
10:13:23.854 [Thread-7] DEBUG o.j.d.cassandra.CassandraTransaction - Created CassandraTransaction@1a8317b0[read=QUORUM,write=QUORUM]
10:13:23.854 [Thread-10] DEBUG o.j.d.l.c.ExpectedValueCheckingStore - Attempting to acquireLock on KeyColumn [k=0x 16-165-160-114-116- 30-117-112-100- 97-116-101-100- 65-244, c=0x  0] ev=null
10:13:23.854 [Thread-7] DEBUG o.j.d.cassandra.CassandraTransaction - Created CassandraTransaction@4d732754[read=QUORUM,write=QUORUM]
10:13:23.854 [Thread-7] DEBUG o.j.d.l.c.ExpectedValueCheckingStore - Attempting to acquireLock on KeyColumn [k=0x 16-165-160-114-116- 30-117-112-100- 97-116-101-100- 65-244, c=0x  0] ev=null
10:13:23.854 [Thread-7] ERROR o.j.g.database.StandardJanusGraph - Could not commit transaction [6] due to exception
org.janusgraph.diskstorage.locking.PermanentLockingException: Local lock contention
	at org.janusgraph.diskstorage.locking.AbstractLocker.writeLock(AbstractLocker.java:327) ~[janusgraph-core-0.2.0.jar:na]
	at org.janusgraph.diskstorage.locking.consistentkey.ExpectedValueCheckingStore.acquireLock(ExpectedValueCheckingStore.java:103) ~[janusgraph-core-0.2.0.jar:na]
	at org.janusgraph.diskstorage.keycolumnvalue.KCVSProxy.acquireLock(KCVSProxy.java:52) ~[janusgraph-core-0.2.0.jar:na]
	at org.janusgraph.diskstorage.BackendTransaction.acquireIndexLock(BackendTransaction.java:256) ~[janusgraph-core-0.2.0.jar:na]
	at org.janusgraph.graphdb.database.StandardJanusGraph.prepareCommit(StandardJanusGraph.java:572) ~[janusgraph-core-0.2.0.jar:na]
	at org.janusgraph.graphdb.database.StandardJanusGraph.commit(StandardJanusGraph.java:702) ~[janusgraph-core-0.2.0.jar:na]
	at org.janusgraph.graphdb.transaction.StandardJanusGraphTx.commit(StandardJanusGraphTx.java:1374) [janusgraph-core-0.2.0.jar:na]
	at com.cms.til.graph.janus.JanusEdgeUpdator.run(JanusEdgeUpdator.java:36) [classes/:na]
	at java.lang.Thread.run(Thread.java:748) [na:1.8.0_151]
10:13:23.854 [Thread-8] ERROR o.j.g.database.StandardJanusGraph - Could not commit transaction [4] due to exception
org.janusgraph.diskstorage.locking.PermanentLockingException: Local lock contention
	at org.janusgraph.diskstorage.locking.AbstractLocker.writeLock(AbstractLocker.java:327) ~[janusgraph-core-0.2.0.jar:na]
	at org.janusgraph.diskstorage.locking.consistentkey.ExpectedValueCheckingStore.acquireLock(ExpectedValueCheckingStore.java:103) ~[janusgraph-core-0.2.0.jar:na]
	at org.janusgraph.diskstorage.keycolumnvalue.KCVSProxy.acquireLock(KCVSProxy.java:52) ~[janusgraph-core-0.2.0.jar:na]
	at org.janusgraph.diskstorage.BackendTransaction.acquireIndexLock(BackendTransaction.java:256) ~[janusgraph-core-0.2.0.jar:na]
	at org.janusgraph.graphdb.database.StandardJanusGraph.prepareCommit(StandardJanusGraph.java:572) ~[janusgraph-core-0.2.0.jar:na]
	at org.janusgraph.graphdb.database.StandardJanusGraph.commit(StandardJanusGraph.java:702) ~[janusgraph-core-0.2.0.jar:na]
	at org.janusgraph.graphdb.transaction.StandardJanusGraphTx.commit(StandardJanusGraphTx.java:1374) [janusgraph-core-0.2.0.jar:na]
	at com.cms.til.graph.janus.JanusEdgeUpdator.run(JanusEdgeUpdator.java:36) [classes/:na]
	at java.lang.Thread.run(Thread.java:748) [na:1.8.0_151]
10:13:23.854 [Thread-10] ERROR o.j.g.database.StandardJanusGraph - Could not commit transaction [5] due to exception
org.janusgraph.diskstorage.locking.PermanentLockingException: Local lock contention
	at org.janusgraph.diskstorage.locking.AbstractLocker.writeLock(AbstractLocker.java:327) ~[janusgraph-core-0.2.0.jar:na]
	at org.janusgraph.diskstorage.locking.consistentkey.ExpectedValueCheckingStore.acquireLock(ExpectedValueCheckingStore.java:103) ~[janusgraph-core-0.2.0.jar:na]
	at org.janusgraph.diskstorage.keycolumnvalue.KCVSProxy.acquireLock(KCVSProxy.java:52) ~[janusgraph-core-0.2.0.jar:na]
	at org.janusgraph.diskstorage.BackendTransaction.acquireIndexLock(BackendTransaction.java:256) ~[janusgraph-core-0.2.0.jar:na]
	at org.janusgraph.graphdb.database.StandardJanusGraph.prepareCommit(StandardJanusGraph.java:572) ~[janusgraph-core-0.2.0.jar:na]
	at org.janusgraph.graphdb.database.StandardJanusGraph.commit(StandardJanusGraph.java:702) ~[janusgraph-core-0.2.0.jar:na]
	at org.janusgraph.graphdb.transaction.StandardJanusGraphTx.commit(StandardJanusGraphTx.java:1374) [janusgraph-core-0.2.0.jar:na]
	at com.cms.til.graph.janus.JanusEdgeUpdator.run(JanusEdgeUpdator.java:36) [classes/:na]
	at java.lang.Thread.run(Thread.java:748) [na:1.8.0_151]
10:13:23.855 [Thread-9] DEBUG o.j.g.database.StandardJanusGraph - Saving transaction. Added 12, removed 1
10:13:23.855 [Thread-9] DEBUG o.j.d.cassandra.CassandraTransaction - Created CassandraTransaction@393b2584[read=QUORUM,write=QUORUM]
10:13:23.855 [Thread-9] DEBUG o.j.d.cassandra.CassandraTransaction - Created CassandraTransaction@33bbf4e3[read=QUORUM,write=QUORUM]
10:13:23.855 [Thread-9] DEBUG o.j.d.l.c.ExpectedValueCheckingStore - Attempting to acquireLock on KeyColumn [k=0x 16-165-160-114-116- 30-117-112-100- 97-116-101-100- 65-244, c=0x  0] ev=null
10:13:23.857 [Thread-9] ERROR o.j.g.database.StandardJanusGraph - Could not commit transaction [7] due to exception
org.janusgraph.diskstorage.locking.PermanentLockingException: Local lock contention
	at org.janusgraph.diskstorage.locking.AbstractLocker.writeLock(AbstractLocker.java:327) ~[janusgraph-core-0.2.0.jar:na]
	at org.janusgraph.diskstorage.locking.consistentkey.ExpectedValueCheckingStore.acquireLock(ExpectedValueCheckingStore.java:103) ~[janusgraph-core-0.2.0.jar:na]
	at org.janusgraph.diskstorage.keycolumnvalue.KCVSProxy.acquireLock(KCVSProxy.java:52) ~[janusgraph-core-0.2.0.jar:na]
	at org.janusgraph.diskstorage.BackendTransaction.acquireIndexLock(BackendTransaction.java:256) ~[janusgraph-core-0.2.0.jar:na]
	at org.janusgraph.graphdb.database.StandardJanusGraph.prepareCommit(StandardJanusGraph.java:572) ~[janusgraph-core-0.2.0.jar:na]
	at org.janusgraph.graphdb.database.StandardJanusGraph.commit(StandardJanusGraph.java:702) ~[janusgraph-core-0.2.0.jar:na]
	at org.janusgraph.graphdb.transaction.StandardJanusGraphTx.commit(StandardJanusGraphTx.java:1374) [janusgraph-core-0.2.0.jar:na]
	at com.cms.til.graph.janus.JanusEdgeUpdator.run(JanusEdgeUpdator.java:36) [classes/:na]
	at java.lang.Thread.run(Thread.java:748) [na:1.8.0_151]
10:13:23.859 [Thread-13] DEBUG o.j.g.database.StandardJanusGraph - Saving transaction. Added 12, removed 1
10:13:23.859 [Thread-6] DEBUG o.j.g.database.StandardJanusGraph - Saving transaction. Added 12, removed 1
10:13:23.859 [Thread-12] DEBUG o.j.g.database.StandardJanusGraph - Saving transaction. Added 12, removed 1
10:13:23.859 [Thread-13] DEBUG o.j.d.cassandra.CassandraTransaction - Created CassandraTransaction@437828ef[read=QUORUM,write=QUORUM]
10:13:23.859 [Thread-4] DEBUG o.j.g.database.StandardJanusGraph - Saving transaction. Added 12, removed 1
10:13:23.859 [Thread-6] DEBUG o.j.d.cassandra.CassandraTransaction - Created CassandraTransaction@a198ee9[read=QUORUM,write=QUORUM]
10:13:23.859 [Thread-12] DEBUG o.j.d.cassandra.CassandraTransaction - Created CassandraTransaction@1710162b[read=QUORUM,write=QUORUM]
10:13:23.859 [Thread-13] DEBUG o.j.d.cassandra.CassandraTransaction - Created CassandraTransaction@92ee6c1[read=QUORUM,write=QUORUM]
10:13:23.859 [Thread-4] DEBUG o.j.d.cassandra.CassandraTransaction - Created CassandraTransaction@3a685c8[read=QUORUM,write=QUORUM]
10:13:23.859 [Thread-6] DEBUG o.j.d.cassandra.CassandraTransaction - Created CassandraTransaction@3e30b2e0[read=QUORUM,write=QUORUM]
10:13:23.859 [Thread-12] DEBUG o.j.d.cassandra.CassandraTransaction - Created CassandraTransaction@6e04fe8f[read=QUORUM,write=QUORUM]
10:13:23.859 [Thread-4] DEBUG o.j.d.cassandra.CassandraTransaction - Created CassandraTransaction@164bdb1c[read=QUORUM,write=QUORUM]
10:13:23.859 [Thread-13] DEBUG o.j.d.l.c.ExpectedValueCheckingStore - Attempting to acquireLock on KeyColumn [k=0x 16-165-160-114-116- 30-117-112-100- 97-116-101-100- 65-244, c=0x  0] ev=null
10:13:23.859 [Thread-6] DEBUG o.j.d.l.c.ExpectedValueCheckingStore - Attempting to acquireLock on KeyColumn [k=0x 16-165-160-114-116- 30-117-112-100- 97-116-101-100- 65-244, c=0x  0] ev=null
10:13:23.859 [Thread-12] DEBUG o.j.d.l.c.ExpectedValueCheckingStore - Attempting to acquireLock on KeyColumn [k=0x 16-165-160-114-116- 30-117-112-100- 97-116-101-100- 65-244, c=0x  0] ev=null
10:13:23.859 [Thread-4] DEBUG o.j.d.l.c.ExpectedValueCheckingStore - Attempting to acquireLock on KeyColumn [k=0x 16-165-160-114-116- 30-117-112-100- 97-116-101-100- 65-244, c=0x  0] ev=null
10:13:23.859 [Thread-13] ERROR o.j.g.database.StandardJanusGraph - Could not commit transaction [8] due to exception
org.janusgraph.diskstorage.locking.PermanentLockingException: Local lock contention
	at org.janusgraph.diskstorage.locking.AbstractLocker.writeLock(AbstractLocker.java:327) ~[janusgraph-core-0.2.0.jar:na]
	at org.janusgraph.diskstorage.locking.consistentkey.ExpectedValueCheckingStore.acquireLock(ExpectedValueCheckingStore.java:103) ~[janusgraph-core-0.2.0.jar:na]
	at org.janusgraph.diskstorage.keycolumnvalue.KCVSProxy.acquireLock(KCVSProxy.java:52) ~[janusgraph-core-0.2.0.jar:na]
	at org.janusgraph.diskstorage.BackendTransaction.acquireIndexLock(BackendTransaction.java:256) ~[janusgraph-core-0.2.0.jar:na]
	at org.janusgraph.graphdb.database.StandardJanusGraph.prepareCommit(StandardJanusGraph.java:572) ~[janusgraph-core-0.2.0.jar:na]
	at org.janusgraph.graphdb.database.StandardJanusGraph.commit(StandardJanusGraph.java:702) ~[janusgraph-core-0.2.0.jar:na]
	at org.janusgraph.graphdb.transaction.StandardJanusGraphTx.commit(StandardJanusGraphTx.java:1374) [janusgraph-core-0.2.0.jar:na]
	at com.cms.til.graph.janus.JanusEdgeUpdator.run(JanusEdgeUpdator.java:36) [classes/:na]
	at java.lang.Thread.run(Thread.java:748) [na:1.8.0_151]
10:13:23.859 [Thread-6] ERROR o.j.g.database.StandardJanusGraph - Could not commit transaction [9] due to exception
org.janusgraph.diskstorage.locking.PermanentLockingException: Local lock contention
	at org.janusgraph.diskstorage.locking.AbstractLocker.writeLock(AbstractLocker.java:327) ~[janusgraph-core-0.2.0.jar:na]
	at org.janusgraph.diskstorage.locking.consistentkey.ExpectedValueCheckingStore.acquireLock(ExpectedValueCheckingStore.java:103) ~[janusgraph-core-0.2.0.jar:na]
	at org.janusgraph.diskstorage.keycolumnvalue.KCVSProxy.acquireLock(KCVSProxy.java:52) ~[janusgraph-core-0.2.0.jar:na]
	at org.janusgraph.diskstorage.BackendTransaction.acquireIndexLock(BackendTransaction.java:256) ~[janusgraph-core-0.2.0.jar:na]
	at org.janusgraph.graphdb.database.StandardJanusGraph.prepareCommit(StandardJanusGraph.java:572) ~[janusgraph-core-0.2.0.jar:na]
	at org.janusgraph.graphdb.database.StandardJanusGraph.commit(StandardJanusGraph.java:702) ~[janusgraph-core-0.2.0.jar:na]
	at org.janusgraph.graphdb.transaction.StandardJanusGraphTx.commit(StandardJanusGraphTx.java:1374) [janusgraph-core-0.2.0.jar:na]
	at com.cms.til.graph.janus.JanusEdgeUpdator.run(JanusEdgeUpdator.java:36) [classes/:na]
	at java.lang.Thread.run(Thread.java:748) [na:1.8.0_151]
10:13:23.859 [Thread-12] ERROR o.j.g.database.StandardJanusGraph - Could not commit transaction [10] due to exception
org.janusgraph.diskstorage.locking.PermanentLockingException: Local lock contention
	at org.janusgraph.diskstorage.locking.AbstractLocker.writeLock(AbstractLocker.java:327) ~[janusgraph-core-0.2.0.jar:na]
	at org.janusgraph.diskstorage.locking.consistentkey.ExpectedValueCheckingStore.acquireLock(ExpectedValueCheckingStore.java:103) ~[janusgraph-core-0.2.0.jar:na]
	at org.janusgraph.diskstorage.keycolumnvalue.KCVSProxy.acquireLock(KCVSProxy.java:52) ~[janusgraph-core-0.2.0.jar:na]
	at org.janusgraph.diskstorage.BackendTransaction.acquireIndexLock(BackendTransaction.java:256) ~[janusgraph-core-0.2.0.jar:na]
	at org.janusgraph.graphdb.database.StandardJanusGraph.prepareCommit(StandardJanusGraph.java:572) ~[janusgraph-core-0.2.0.jar:na]
	at org.janusgraph.graphdb.database.StandardJanusGraph.commit(StandardJanusGraph.java:702) ~[janusgraph-core-0.2.0.jar:na]
	at org.janusgraph.graphdb.transaction.StandardJanusGraphTx.commit(StandardJanusGraphTx.java:1374) [janusgraph-core-0.2.0.jar:na]
	at com.cms.til.graph.janus.JanusEdgeUpdator.run(JanusEdgeUpdator.java:36) [classes/:na]
	at java.lang.Thread.run(Thread.java:748) [na:1.8.0_151]
10:13:23.860 [Thread-4] ERROR o.j.g.database.StandardJanusGraph - Could not commit transaction [11] due to exception
org.janusgraph.diskstorage.locking.PermanentLockingException: Local lock contention
	at org.janusgraph.diskstorage.locking.AbstractLocker.writeLock(AbstractLocker.java:327) ~[janusgraph-core-0.2.0.jar:na]
	at org.janusgraph.diskstorage.locking.consistentkey.ExpectedValueCheckingStore.acquireLock(ExpectedValueCheckingStore.java:103) ~[janusgraph-core-0.2.0.jar:na]
	at org.janusgraph.diskstorage.keycolumnvalue.KCVSProxy.acquireLock(KCVSProxy.java:52) ~[janusgraph-core-0.2.0.jar:na]
	at org.janusgraph.diskstorage.BackendTransaction.acquireIndexLock(BackendTransaction.java:256) ~[janusgraph-core-0.2.0.jar:na]
	at org.janusgraph.graphdb.database.StandardJanusGraph.prepareCommit(StandardJanusGraph.java:572) ~[janusgraph-core-0.2.0.jar:na]
	at org.janusgraph.graphdb.database.StandardJanusGraph.commit(StandardJanusGraph.java:702) ~[janusgraph-core-0.2.0.jar:na]
	at org.janusgraph.graphdb.transaction.StandardJanusGraphTx.commit(StandardJanusGraphTx.java:1374) [janusgraph-core-0.2.0.jar:na]
	at com.cms.til.graph.janus.JanusEdgeUpdator.run(JanusEdgeUpdator.java:36) [classes/:na]
	at java.lang.Thread.run(Thread.java:748) [na:1.8.0_151]
Waiting for EdgeUpdator thread : Thread-5
10:13:23.863 [Thread-5] DEBUG o.j.d.l.c.ExpectedValueCheckingTransaction - Store expected value for KeyColumn [k=0x 16-165-160-114-116- 30-117-112-100- 97-116-101-100- 65-244, c=0x  0]: null
10:13:23.864 [Thread-11] DEBUG o.j.g.database.StandardJanusGraph - Saving transaction. Added 12, removed 1
10:13:23.864 [Thread-11] DEBUG o.j.d.cassandra.CassandraTransaction - Created CassandraTransaction@4e5c262b[read=QUORUM,write=QUORUM]
10:13:23.864 [Thread-11] DEBUG o.j.d.cassandra.CassandraTransaction - Created CassandraTransaction@44bbc3dd[read=QUORUM,write=QUORUM]
10:13:23.864 [Thread-11] DEBUG o.j.d.l.c.ExpectedValueCheckingStore - Attempting to acquireLock on KeyColumn [k=0x 16-165-160-114-116- 30-117-112-100- 97-116-101-100- 65-244, c=0x  0] ev=null
10:13:23.864 [Thread-11] ERROR o.j.g.database.StandardJanusGraph - Could not commit transaction [12] due to exception
org.janusgraph.diskstorage.locking.PermanentLockingException: Local lock contention
	at org.janusgraph.diskstorage.locking.AbstractLocker.writeLock(AbstractLocker.java:327) ~[janusgraph-core-0.2.0.jar:na]
	at org.janusgraph.diskstorage.locking.consistentkey.ExpectedValueCheckingStore.acquireLock(ExpectedValueCheckingStore.java:103) ~[janusgraph-core-0.2.0.jar:na]
	at org.janusgraph.diskstorage.keycolumnvalue.KCVSProxy.acquireLock(KCVSProxy.java:52) ~[janusgraph-core-0.2.0.jar:na]
	at org.janusgraph.diskstorage.BackendTransaction.acquireIndexLock(BackendTransaction.java:256) ~[janusgraph-core-0.2.0.jar:na]
	at org.janusgraph.graphdb.database.StandardJanusGraph.prepareCommit(StandardJanusGraph.java:572) ~[janusgraph-core-0.2.0.jar:na]
	at org.janusgraph.graphdb.database.StandardJanusGraph.commit(StandardJanusGraph.java:702) ~[janusgraph-core-0.2.0.jar:na]
	at org.janusgraph.graphdb.transaction.StandardJanusGraphTx.commit(StandardJanusGraphTx.java:1374) [janusgraph-core-0.2.0.jar:na]
	at com.cms.til.graph.janus.JanusEdgeUpdator.run(JanusEdgeUpdator.java:36) [classes/:na]
	at java.lang.Thread.run(Thread.java:748) [na:1.8.0_151]
10:13:23.959 [Thread-5] DEBUG o.j.d.l.c.ConsistentKeyLocker - Checked lock KeyColumn [k=0x 16-165-160-114-116- 30-117-112-100- 97-116-101-100- 65-244, c=0x  0]
10:13:23.959 [Thread-5] DEBUG o.j.d.l.c.ExpectedValueCheckingStoreManager - Transaction org.janusgraph.diskstorage.locking.consistentkey.ExpectedValueCheckingTransaction@40840f89 holds one or more locks: writing using consistent transaction CassandraTransaction@25fdf243[read=QUORUM,write=QUORUM] due to held locks
10:13:23.961 [Thread-5] DEBUG o.j.d.cassandra.CassandraTransaction - Created CassandraTransaction@40c2be1e[read=QUORUM,write=QUORUM]
10:13:23.962 [Thread-5] DEBUG o.j.g.t.StandardJanusGraphTx - Guava vertex cache size: requested=20000 effective=20000 (min=100)
10:13:23.962 [Thread-5] DEBUG o.j.g.t.vertexcache.GuavaVertexCache - Created dirty vertex map with initial size 32
10:13:23.962 [Thread-5] DEBUG o.j.g.t.vertexcache.GuavaVertexCache - Created vertex cache with max size 20000
10:13:23.962 [Thread-5] DEBUG o.j.d.cassandra.CassandraTransaction - Created CassandraTransaction@ae733af[read=QUORUM,write=QUORUM]
10:13:23.962 [Thread-5] DEBUG o.j.d.cassandra.CassandraTransaction - Created CassandraTransaction@12c77700[read=QUORUM,write=QUORUM]
10:13:23.963 [Thread-5] DEBUG o.j.g.t.StandardJanusGraphTx - Guava vertex cache size: requested=20000 effective=20000 (min=100)
10:13:23.963 [Thread-5] DEBUG o.j.g.t.vertexcache.GuavaVertexCache - Created dirty vertex map with initial size 32
10:13:23.963 [Thread-5] DEBUG o.j.g.t.vertexcache.GuavaVertexCache - Created vertex cache with max size 20000
10:13:23.963 [Thread-5] DEBUG o.j.d.cassandra.CassandraTransaction - Created CassandraTransaction@27b8a89d[read=QUORUM,write=QUORUM]
10:13:23.963 [Thread-5] DEBUG o.j.d.cassandra.CassandraTransaction - Created CassandraTransaction@14f19d8e[read=QUORUM,write=QUORUM]
10:13:23.964 [Thread-5] DEBUG o.j.d.l.c.ExpectedValueCheckingStoreManager - Transaction org.janusgraph.diskstorage.locking.consistentkey.ExpectedValueCheckingTransaction@4b3bb1c2 holds no locks: writing mutations using store transaction CassandraTransaction@5d75b267[read=QUORUM,write=QUORUM]
Commit completed for Thread-5
Waiting for EdgeUpdator thread : Thread-6
Waiting for EdgeUpdator thread : Thread-7
Waiting for EdgeUpdator thread : Thread-8
Waiting for EdgeUpdator thread : Thread-9
Waiting for EdgeUpdator thread : Thread-10
Waiting for EdgeUpdator thread : Thread-11
Waiting for EdgeUpdator thread : Thread-12
Waiting for EdgeUpdator thread : Thread-13
Starting EdgeUpdator thread : Thread-14
Starting EdgeUpdator thread : Thread-15
Starting EdgeUpdator thread : Thread-16
Starting EdgeUpdator thread : Thread-17
Starting EdgeUpdator thread : Thread-18
10:13:23.966 [Thread-14] DEBUG o.j.g.t.StandardJanusGraphTx - Guava vertex cache size: requested=20000 effective=20000 (min=100)
10:13:23.966 [Thread-15] DEBUG o.j.g.t.StandardJanusGraphTx - Guava vertex cache size: requested=20000 effective=20000 (min=100)
Starting EdgeUpdator thread : Thread-19
10:13:23.966 [Thread-16] DEBUG o.j.g.t.StandardJanusGraphTx - Guava vertex cache size: requested=20000 effective=20000 (min=100)
Starting EdgeUpdator thread : Thread-20
10:13:23.966 [Thread-14] DEBUG o.j.g.t.vertexcache.GuavaVertexCache - Created dirty vertex map with initial size 32
10:13:23.966 [Thread-17] DEBUG o.j.g.t.StandardJanusGraphTx - Guava vertex cache size: requested=20000 effective=20000 (min=100)
10:13:23.966 [Thread-15] DEBUG o.j.g.t.vertexcache.GuavaVertexCache - Created dirty vertex map with initial size 32
10:13:23.966 [Thread-18] DEBUG o.j.g.t.StandardJanusGraphTx - Guava vertex cache size: requested=20000 effective=20000 (min=100)
10:13:23.966 [Thread-16] DEBUG o.j.g.t.vertexcache.GuavaVertexCache - Created dirty vertex map with initial size 32
10:13:23.966 [Thread-14] DEBUG o.j.g.t.vertexcache.GuavaVertexCache - Created vertex cache with max size 20000
10:13:23.966 [Thread-17] DEBUG o.j.g.t.vertexcache.GuavaVertexCache - Created dirty vertex map with initial size 32
10:13:23.966 [Thread-19] DEBUG o.j.g.t.StandardJanusGraphTx - Guava vertex cache size: requested=20000 effective=20000 (min=100)
10:13:23.966 [Thread-15] DEBUG o.j.g.t.vertexcache.GuavaVertexCache - Created vertex cache with max size 20000
Starting EdgeUpdator thread : Thread-21
10:13:23.966 [Thread-18] DEBUG o.j.g.t.vertexcache.GuavaVertexCache - Created dirty vertex map with initial size 32
10:13:23.966 [Thread-16] DEBUG o.j.g.t.vertexcache.GuavaVertexCache - Created vertex cache with max size 20000
10:13:23.966 [Thread-14] DEBUG o.j.d.cassandra.CassandraTransaction - Created CassandraTransaction@1efd363b[read=QUORUM,write=QUORUM]
Starting EdgeUpdator thread : Thread-22
10:13:23.966 [Thread-20] DEBUG o.j.g.t.StandardJanusGraphTx - Guava vertex cache size: requested=20000 effective=20000 (min=100)
10:13:23.966 [Thread-17] DEBUG o.j.g.t.vertexcache.GuavaVertexCache - Created vertex cache with max size 20000
10:13:23.966 [Thread-19] DEBUG o.j.g.t.vertexcache.GuavaVertexCache - Created dirty vertex map with initial size 32
Starting EdgeUpdator thread : Thread-23
10:13:23.966 [Thread-15] DEBUG o.j.d.cassandra.CassandraTransaction - Created CassandraTransaction@58c18955[read=QUORUM,write=QUORUM]
10:13:23.967 [Thread-18] DEBUG o.j.g.t.vertexcache.GuavaVertexCache - Created vertex cache with max size 20000
10:13:23.967 [Thread-16] DEBUG o.j.d.cassandra.CassandraTransaction - Created CassandraTransaction@60f13fd4[read=QUORUM,write=QUORUM]
10:13:23.967 [Thread-14] DEBUG o.j.d.cassandra.CassandraTransaction - Created CassandraTransaction@103adb94[read=QUORUM,write=QUORUM]
10:13:23.967 [Thread-20] DEBUG o.j.g.t.vertexcache.GuavaVertexCache - Created dirty vertex map with initial size 32
10:13:23.967 [Thread-21] DEBUG o.j.g.t.StandardJanusGraphTx - Guava vertex cache size: requested=20000 effective=20000 (min=100)
10:13:23.967 [Thread-17] DEBUG o.j.d.cassandra.CassandraTransaction - Created CassandraTransaction@8f65e8a[read=QUORUM,write=QUORUM]
Waiting for EdgeUpdator thread : Thread-14
10:13:23.967 [Thread-19] DEBUG o.j.g.t.vertexcache.GuavaVertexCache - Created vertex cache with max size 20000
10:13:23.967 [Thread-15] DEBUG o.j.d.cassandra.CassandraTransaction - Created CassandraTransaction@56067c3d[read=QUORUM,write=QUORUM]
10:13:23.967 [Thread-22] DEBUG o.j.g.t.StandardJanusGraphTx - Guava vertex cache size: requested=20000 effective=20000 (min=100)
10:13:23.967 [Thread-18] DEBUG o.j.d.cassandra.CassandraTransaction - Created CassandraTransaction@720a693[read=QUORUM,write=QUORUM]
10:13:23.967 [Thread-16] DEBUG o.j.d.cassandra.CassandraTransaction - Created CassandraTransaction@6e36ddba[read=QUORUM,write=QUORUM]
10:13:23.967 [Thread-20] DEBUG o.j.g.t.vertexcache.GuavaVertexCache - Created vertex cache with max size 20000
10:13:23.967 [Thread-21] DEBUG o.j.g.t.vertexcache.GuavaVertexCache - Created dirty vertex map with initial size 32
10:13:23.967 [Thread-17] DEBUG o.j.d.cassandra.CassandraTransaction - Created CassandraTransaction@631a1e4[read=QUORUM,write=QUORUM]
10:13:23.967 [Thread-23] DEBUG o.j.g.t.StandardJanusGraphTx - Guava vertex cache size: requested=20000 effective=20000 (min=100)
10:13:23.967 [Thread-19] DEBUG o.j.d.cassandra.CassandraTransaction - Created CassandraTransaction@67653799[read=QUORUM,write=QUORUM]
10:13:23.967 [Thread-22] DEBUG o.j.g.t.vertexcache.GuavaVertexCache - Created dirty vertex map with initial size 32
10:13:23.967 [Thread-18] DEBUG o.j.d.cassandra.CassandraTransaction - Created CassandraTransaction@9e74807[read=QUORUM,write=QUORUM]
10:13:23.967 [Thread-20] DEBUG o.j.d.cassandra.CassandraTransaction - Created CassandraTransaction@2f89cb8f[read=QUORUM,write=QUORUM]
10:13:23.967 [Thread-21] DEBUG o.j.g.t.vertexcache.GuavaVertexCache - Created vertex cache with max size 20000
10:13:23.968 [Thread-23] DEBUG o.j.g.t.vertexcache.GuavaVertexCache - Created dirty vertex map with initial size 32
10:13:23.968 [Thread-19] DEBUG o.j.d.cassandra.CassandraTransaction - Created CassandraTransaction@69a2d505[read=QUORUM,write=QUORUM]
10:13:23.968 [Thread-22] DEBUG o.j.g.t.vertexcache.GuavaVertexCache - Created vertex cache with max size 20000
10:13:23.968 [Thread-20] DEBUG o.j.d.cassandra.CassandraTransaction - Created CassandraTransaction@214e200e[read=QUORUM,write=QUORUM]
10:13:23.968 [Thread-21] DEBUG o.j.d.cassandra.CassandraTransaction - Created CassandraTransaction@46b4ce51[read=QUORUM,write=QUORUM]
10:13:23.968 [Thread-23] DEBUG o.j.g.t.vertexcache.GuavaVertexCache - Created vertex cache with max size 20000
10:13:23.968 [Thread-22] DEBUG o.j.d.cassandra.CassandraTransaction - Created CassandraTransaction@16a7d9f7[read=QUORUM,write=QUORUM]
10:13:23.968 [Thread-21] DEBUG o.j.d.cassandra.CassandraTransaction - Created CassandraTransaction@487338f7[read=QUORUM,write=QUORUM]
10:13:23.968 [Thread-23] DEBUG o.j.d.cassandra.CassandraTransaction - Created CassandraTransaction@1e016ba7[read=QUORUM,write=QUORUM]
10:13:23.968 [Thread-22] DEBUG o.j.d.cassandra.CassandraTransaction - Created CassandraTransaction@18602553[read=QUORUM,write=QUORUM]
10:13:23.969 [Thread-23] DEBUG o.j.d.cassandra.CassandraTransaction - Created CassandraTransaction@10c69617[read=QUORUM,write=QUORUM]
10:13:23.985 [Thread-14] DEBUG o.j.g.t.StandardJanusGraphTx - Guava vertex cache size: requested=20000 effective=20000 (min=100)
10:13:23.985 [Thread-14] DEBUG o.j.g.t.vertexcache.GuavaVertexCache - Created dirty vertex map with initial size 32
10:13:23.985 [Thread-14] DEBUG o.j.g.t.vertexcache.GuavaVertexCache - Created vertex cache with max size 20000
10:13:23.985 [Thread-14] DEBUG o.j.d.cassandra.CassandraTransaction - Created CassandraTransaction@5107d1af[read=QUORUM,write=QUORUM]
10:13:23.985 [Thread-14] DEBUG o.j.d.cassandra.CassandraTransaction - Created CassandraTransaction@263c795a[read=QUORUM,write=QUORUM]
10:13:23.986 [Thread-17] DEBUG o.j.g.t.StandardJanusGraphTx - Guava vertex cache size: requested=20000 effective=20000 (min=100)
10:13:23.986 [Thread-17] DEBUG o.j.g.t.vertexcache.GuavaVertexCache - Created dirty vertex map with initial size 32
10:13:23.986 [Thread-17] DEBUG o.j.g.t.vertexcache.GuavaVertexCache - Created vertex cache with max size 20000
10:13:23.986 [Thread-17] DEBUG o.j.d.cassandra.CassandraTransaction - Created CassandraTransaction@470cabdf[read=QUORUM,write=QUORUM]
10:13:23.986 [Thread-17] DEBUG o.j.d.cassandra.CassandraTransaction - Created CassandraTransaction@7db4bfba[read=QUORUM,write=QUORUM]
10:13:23.987 [Thread-18] DEBUG o.j.g.t.StandardJanusGraphTx - Guava vertex cache size: requested=20000 effective=20000 (min=100)
10:13:23.987 [Thread-18] DEBUG o.j.g.t.vertexcache.GuavaVertexCache - Created dirty vertex map with initial size 32
10:13:23.987 [Thread-18] DEBUG o.j.g.t.vertexcache.GuavaVertexCache - Created vertex cache with max size 20000
10:13:23.987 [Thread-18] DEBUG o.j.d.cassandra.CassandraTransaction - Created CassandraTransaction@48da423c[read=QUORUM,write=QUORUM]
10:13:23.987 [Thread-18] DEBUG o.j.d.cassandra.CassandraTransaction - Created CassandraTransaction@4a4c618a[read=QUORUM,write=QUORUM]
10:13:23.987 [Thread-15] DEBUG o.j.g.t.StandardJanusGraphTx - Guava vertex cache size: requested=20000 effective=20000 (min=100)
10:13:23.987 [Thread-15] DEBUG o.j.g.t.vertexcache.GuavaVertexCache - Created dirty vertex map with initial size 32
10:13:23.987 [Thread-15] DEBUG o.j.g.t.vertexcache.GuavaVertexCache - Created vertex cache with max size 20000
10:13:23.988 [Thread-15] DEBUG o.j.d.cassandra.CassandraTransaction - Created CassandraTransaction@173b7606[read=QUORUM,write=QUORUM]
10:13:23.988 [Thread-15] DEBUG o.j.d.cassandra.CassandraTransaction - Created CassandraTransaction@43e4ce95[read=QUORUM,write=QUORUM]
10:13:23.988 [Thread-14] DEBUG o.j.g.t.StandardJanusGraphTx - Guava vertex cache size: requested=20000 effective=20000 (min=100)
10:13:23.988 [Thread-14] DEBUG o.j.g.t.vertexcache.GuavaVertexCache - Created dirty vertex map with initial size 32
10:13:23.988 [Thread-14] DEBUG o.j.g.t.vertexcache.GuavaVertexCache - Created vertex cache with max size 20000
10:13:23.988 [Thread-14] DEBUG o.j.d.cassandra.CassandraTransaction - Created CassandraTransaction@5ecd163f[read=QUORUM,write=QUORUM]
10:13:23.988 [Thread-14] DEBUG o.j.d.cassandra.CassandraTransaction - Created CassandraTransaction@31282ee0[read=QUORUM,write=QUORUM]
10:13:23.989 [Thread-18] DEBUG o.j.g.t.StandardJanusGraphTx - Guava vertex cache size: requested=20000 effective=20000 (min=100)
10:13:23.989 [Thread-18] DEBUG o.j.g.t.vertexcache.GuavaVertexCache - Created dirty vertex map with initial size 32
10:13:23.989 [Thread-18] DEBUG o.j.g.t.vertexcache.GuavaVertexCache - Created vertex cache with max size 20000
10:13:23.989 [Thread-18] DEBUG o.j.d.cassandra.CassandraTransaction - Created CassandraTransaction@32a4d2b9[read=QUORUM,write=QUORUM]
10:13:23.989 [Thread-18] DEBUG o.j.d.cassandra.CassandraTransaction - Created CassandraTransaction@28f5bd73[read=QUORUM,write=QUORUM]
10:13:23.989 [Thread-16] DEBUG o.j.g.t.StandardJanusGraphTx - Guava vertex cache size: requested=20000 effective=20000 (min=100)
10:13:23.989 [Thread-16] DEBUG o.j.g.t.vertexcache.GuavaVertexCache - Created dirty vertex map with initial size 32
10:13:23.989 [Thread-16] DEBUG o.j.g.t.vertexcache.GuavaVertexCache - Created vertex cache with max size 20000
10:13:23.989 [Thread-16] DEBUG o.j.d.cassandra.CassandraTransaction - Created CassandraTransaction@2f0bd781[read=QUORUM,write=QUORUM]
10:13:23.989 [Thread-16] DEBUG o.j.d.cassandra.CassandraTransaction - Created CassandraTransaction@466d422b[read=QUORUM,write=QUORUM]
10:13:23.990 [Thread-20] DEBUG o.j.g.t.StandardJanusGraphTx - Guava vertex cache size: requested=20000 effective=20000 (min=100)
10:13:23.990 [Thread-20] DEBUG o.j.g.t.vertexcache.GuavaVertexCache - Created dirty vertex map with initial size 32
10:13:23.990 [Thread-20] DEBUG o.j.g.t.vertexcache.GuavaVertexCache - Created vertex cache with max size 20000
10:13:23.990 [Thread-20] DEBUG o.j.d.cassandra.CassandraTransaction - Created CassandraTransaction@60732a35[read=QUORUM,write=QUORUM]
10:13:23.990 [Thread-20] DEBUG o.j.d.cassandra.CassandraTransaction - Created CassandraTransaction@1474007[read=QUORUM,write=QUORUM]
10:13:23.992 [Thread-14] DEBUG o.j.g.t.StandardJanusGraphTx - Guava vertex cache size: requested=20000 effective=20000 (min=100)
10:13:23.992 [Thread-15] DEBUG o.j.g.t.StandardJanusGraphTx - Guava vertex cache size: requested=20000 effective=20000 (min=100)
10:13:23.992 [Thread-18] DEBUG o.j.g.t.StandardJanusGraphTx - Guava vertex cache size: requested=20000 effective=20000 (min=100)
10:13:23.992 [Thread-19] DEBUG o.j.g.t.StandardJanusGraphTx - Guava vertex cache size: requested=20000 effective=20000 (min=100)
10:13:23.992 [Thread-16] DEBUG o.j.g.t.StandardJanusGraphTx - Guava vertex cache size: requested=20000 effective=20000 (min=100)
10:13:23.992 [Thread-17] DEBUG o.j.g.t.StandardJanusGraphTx - Guava vertex cache size: requested=20000 effective=20000 (min=100)
10:13:23.992 [Thread-14] DEBUG o.j.g.t.vertexcache.GuavaVertexCache - Created dirty vertex map with initial size 32
10:13:23.992 [Thread-15] DEBUG o.j.g.t.vertexcache.GuavaVertexCache - Created dirty vertex map with initial size 32
10:13:23.992 [Thread-18] DEBUG o.j.g.t.vertexcache.GuavaVertexCache - Created dirty vertex map with initial size 32
10:13:23.992 [Thread-19] DEBUG o.j.g.t.vertexcache.GuavaVertexCache - Created dirty vertex map with initial size 32
10:13:23.992 [Thread-16] DEBUG o.j.g.t.vertexcache.GuavaVertexCache - Created dirty vertex map with initial size 32
10:13:23.992 [Thread-17] DEBUG o.j.g.t.vertexcache.GuavaVertexCache - Created dirty vertex map with initial size 32
10:13:23.992 [Thread-14] DEBUG o.j.g.t.vertexcache.GuavaVertexCache - Created vertex cache with max size 20000
10:13:23.992 [Thread-15] DEBUG o.j.g.t.vertexcache.GuavaVertexCache - Created vertex cache with max size 20000
10:13:23.992 [Thread-18] DEBUG o.j.g.t.vertexcache.GuavaVertexCache - Created vertex cache with max size 20000
10:13:23.992 [Thread-19] DEBUG o.j.g.t.vertexcache.GuavaVertexCache - Created vertex cache with max size 20000
10:13:23.992 [Thread-16] DEBUG o.j.g.t.vertexcache.GuavaVertexCache - Created vertex cache with max size 20000
10:13:23.992 [Thread-17] DEBUG o.j.g.t.vertexcache.GuavaVertexCache - Created vertex cache with max size 20000
10:13:23.992 [Thread-14] DEBUG o.j.d.cassandra.CassandraTransaction - Created CassandraTransaction@45c99a06[read=QUORUM,write=QUORUM]
10:13:23.992 [Thread-15] DEBUG o.j.d.cassandra.CassandraTransaction - Created CassandraTransaction@3bd34373[read=QUORUM,write=QUORUM]
10:13:23.992 [Thread-18] DEBUG o.j.d.cassandra.CassandraTransaction - Created CassandraTransaction@29a05f5d[read=QUORUM,write=QUORUM]
10:13:23.992 [Thread-19] DEBUG o.j.d.cassandra.CassandraTransaction - Created CassandraTransaction@289fdf3e[read=QUORUM,write=QUORUM]
10:13:23.992 [Thread-16] DEBUG o.j.d.cassandra.CassandraTransaction - Created CassandraTransaction@3ee2574c[read=QUORUM,write=QUORUM]
10:13:23.992 [Thread-17] DEBUG o.j.d.cassandra.CassandraTransaction - Created CassandraTransaction@5d345a6[read=QUORUM,write=QUORUM]
10:13:23.992 [Thread-14] DEBUG o.j.d.cassandra.CassandraTransaction - Created CassandraTransaction@3566f371[read=QUORUM,write=QUORUM]
10:13:23.992 [Thread-15] DEBUG o.j.d.cassandra.CassandraTransaction - Created CassandraTransaction@77148949[read=QUORUM,write=QUORUM]
10:13:23.992 [Thread-18] DEBUG o.j.d.cassandra.CassandraTransaction - Created CassandraTransaction@2cbb613f[read=QUORUM,write=QUORUM]
10:13:23.992 [Thread-19] DEBUG o.j.d.cassandra.CassandraTransaction - Created CassandraTransaction@6688fc4b[read=QUORUM,write=QUORUM]
10:13:23.992 [Thread-16] DEBUG o.j.d.cassandra.CassandraTransaction - Created CassandraTransaction@4f2428ce[read=QUORUM,write=QUORUM]
10:13:23.992 [Thread-17] DEBUG o.j.d.cassandra.CassandraTransaction - Created CassandraTransaction@27235490[read=QUORUM,write=QUORUM]
10:13:23.994 [Thread-20] DEBUG o.j.g.t.StandardJanusGraphTx - Guava vertex cache size: requested=20000 effective=20000 (min=100)
10:13:23.994 [Thread-20] DEBUG o.j.g.t.vertexcache.GuavaVertexCache - Created dirty vertex map with initial size 32
10:13:23.994 [Thread-20] DEBUG o.j.g.t.vertexcache.GuavaVertexCache - Created vertex cache with max size 20000
10:13:23.994 [Thread-20] DEBUG o.j.d.cassandra.CassandraTransaction - Created CassandraTransaction@79877afd[read=QUORUM,write=QUORUM]
10:13:23.994 [Thread-20] DEBUG o.j.d.cassandra.CassandraTransaction - Created CassandraTransaction@5cd57a[read=QUORUM,write=QUORUM]
10:13:23.994 [Thread-14] DEBUG o.j.g.database.StandardJanusGraph - Saving transaction. Added 1, removed 1
10:13:23.994 [Thread-14] DEBUG o.j.g.t.StandardJanusGraphTx - Guava vertex cache size: requested=20000 effective=20000 (min=100)
10:13:23.994 [Thread-14] DEBUG o.j.g.t.vertexcache.GuavaVertexCache - Created dirty vertex map with initial size 32
10:13:23.994 [Thread-14] DEBUG o.j.g.t.vertexcache.GuavaVertexCache - Created vertex cache with max size 20000
10:13:23.994 [Thread-14] DEBUG o.j.d.cassandra.CassandraTransaction - Created CassandraTransaction@71b69b68[read=QUORUM,write=QUORUM]
10:13:23.994 [Thread-14] DEBUG o.j.d.cassandra.CassandraTransaction - Created CassandraTransaction@782636f2[read=QUORUM,write=QUORUM]
10:13:23.995 [Thread-19] DEBUG o.j.g.database.StandardJanusGraph - Saving transaction. Added 1, removed 1
10:13:23.995 [Thread-16] DEBUG o.j.g.database.StandardJanusGraph - Saving transaction. Added 1, removed 1
10:13:23.995 [Thread-17] DEBUG o.j.g.database.StandardJanusGraph - Saving transaction. Added 1, removed 1
10:13:23.996 [Thread-18] DEBUG o.j.g.database.StandardJanusGraph - Saving transaction. Added 1, removed 1
10:13:23.996 [Thread-20] DEBUG o.j.g.database.StandardJanusGraph - Saving transaction. Added 1, removed 1
10:13:23.996 [Thread-15] DEBUG o.j.g.database.StandardJanusGraph - Saving transaction. Added 1, removed 1
10:13:23.996 [Thread-14] DEBUG o.j.d.l.c.ExpectedValueCheckingStoreManager - Transaction org.janusgraph.diskstorage.locking.consistentkey.ExpectedValueCheckingTransaction@38f1ba7b holds no locks: writing mutations using store transaction CassandraTransaction@1efd363b[read=QUORUM,write=QUORUM]
10:13:23.996 [Thread-19] DEBUG o.j.d.l.c.ExpectedValueCheckingStoreManager - Transaction org.janusgraph.diskstorage.locking.consistentkey.ExpectedValueCheckingTransaction@48b02071 holds no locks: writing mutations using store transaction CassandraTransaction@67653799[read=QUORUM,write=QUORUM]
10:13:23.997 [Thread-16] DEBUG o.j.d.l.c.ExpectedValueCheckingStoreManager - Transaction org.janusgraph.diskstorage.locking.consistentkey.ExpectedValueCheckingTransaction@25e6bd69 holds no locks: writing mutations using store transaction CassandraTransaction@60f13fd4[read=QUORUM,write=QUORUM]
10:13:23.997 [Thread-17] DEBUG o.j.d.l.c.ExpectedValueCheckingStoreManager - Transaction org.janusgraph.diskstorage.locking.consistentkey.ExpectedValueCheckingTransaction@1ed74f8c holds no locks: writing mutations using store transaction CassandraTransaction@8f65e8a[read=QUORUM,write=QUORUM]
10:13:23.997 [Thread-18] DEBUG o.j.d.l.c.ExpectedValueCheckingStoreManager - Transaction org.janusgraph.diskstorage.locking.consistentkey.ExpectedValueCheckingTransaction@5d87da2b holds no locks: writing mutations using store transaction CassandraTransaction@720a693[read=QUORUM,write=QUORUM]
10:13:23.997 [Thread-20] DEBUG o.j.d.l.c.ExpectedValueCheckingStoreManager - Transaction org.janusgraph.diskstorage.locking.consistentkey.ExpectedValueCheckingTransaction@6283d7b0 holds no locks: writing mutations using store transaction CassandraTransaction@2f89cb8f[read=QUORUM,write=QUORUM]
10:13:23.997 [Thread-15] DEBUG o.j.d.l.c.ExpectedValueCheckingStoreManager - Transaction org.janusgraph.diskstorage.locking.consistentkey.ExpectedValueCheckingTransaction@20d7096e holds no locks: writing mutations using store transaction CassandraTransaction@58c18955[read=QUORUM,write=QUORUM]
Commit completed for Thread-14
Waiting for EdgeUpdator thread : Thread-15
Commit completed for Thread-19
Commit completed for Thread-16
Commit completed for Thread-18
Commit completed for Thread-20
Commit completed for Thread-15
10:13:24.001 [Thread-22] DEBUG o.j.g.database.StandardJanusGraph - Saving transaction. Added 1, removed 1
Waiting for EdgeUpdator thread : Thread-16
Waiting for EdgeUpdator thread : Thread-17
10:13:24.002 [Thread-22] DEBUG o.j.d.l.c.ExpectedValueCheckingStoreManager - Transaction org.janusgraph.diskstorage.locking.consistentkey.ExpectedValueCheckingTransaction@711d3dd5 holds no locks: writing mutations using store transaction CassandraTransaction@16a7d9f7[read=QUORUM,write=QUORUM]
Commit completed for Thread-22
Commit completed for Thread-17
Waiting for EdgeUpdator thread : Thread-18
Waiting for EdgeUpdator thread : Thread-19
Waiting for EdgeUpdator thread : Thread-20
Waiting for EdgeUpdator thread : Thread-21
10:13:24.005 [Thread-23] DEBUG o.j.g.database.StandardJanusGraph - Saving transaction. Added 1, removed 1
10:13:24.005 [Thread-23] DEBUG o.j.d.l.c.ExpectedValueCheckingStoreManager - Transaction org.janusgraph.diskstorage.locking.consistentkey.ExpectedValueCheckingTransaction@44b289e7 holds no locks: writing mutations using store transaction CassandraTransaction@1e016ba7[read=QUORUM,write=QUORUM]
Commit completed for Thread-23
10:13:24.006 [Thread-21] DEBUG o.j.g.database.StandardJanusGraph - Saving transaction. Added 1, removed 1
10:13:24.007 [Thread-21] DEBUG o.j.d.l.c.ExpectedValueCheckingStoreManager - Transaction org.janusgraph.diskstorage.locking.consistentkey.ExpectedValueCheckingTransaction@6968a3f2 holds no locks: writing mutations using store transaction CassandraTransaction@46b4ce51[read=QUORUM,write=QUORUM]
Commit completed for Thread-21
Waiting for EdgeUpdator thread : Thread-22
Waiting for EdgeUpdator thread : Thread-23
Starting evaluating end state!
10:13:24.013 [main] DEBUG o.j.g.t.StandardJanusGraphTx - Guava vertex cache size: requested=20000 effective=20000 (min=100)
10:13:24.013 [main] DEBUG o.j.g.t.vertexcache.GuavaVertexCache - Created dirty vertex map with initial size 32
10:13:24.013 [main] DEBUG o.j.g.t.vertexcache.GuavaVertexCache - Created vertex cache with max size 20000
10:13:24.014 [main] DEBUG o.j.d.cassandra.CassandraTransaction - Created CassandraTransaction@375b5b7f[read=QUORUM,write=QUORUM]
10:13:24.014 [main] DEBUG o.j.d.cassandra.CassandraTransaction - Created CassandraTransaction@1813f3e9[read=QUORUM,write=QUORUM]
10:13:24.014 [main] DEBUG o.j.g.t.JanusGraphBlueprintsGraph - Created new thread-bound transaction standardjanusgraphtx[0x28cb9120]
Shutting down the graph!
10:13:24.040 [main] DEBUG o.j.d.cassandra.CassandraTransaction - Created CassandraTransaction@726a6b94[read=QUORUM,write=QUORUM]
10:13:24.040 [main] DEBUG o.j.d.cassandra.CassandraTransaction - Created CassandraTransaction@6ad11a56[read=QUORUM,write=QUORUM]
10:13:24.045 [main] DEBUG o.j.d.cassandra.CassandraTransaction - Created CassandraTransaction@6ad5923a[read=QUORUM,write=QUORUM]
10:13:24.046 [main] DEBUG o.j.d.cassandra.CassandraTransaction - Created CassandraTransaction@4463d9d3[read=QUORUM,write=QUORUM]
10:13:24.049 [main] DEBUG o.j.g.database.StandardJanusGraph - Removed shutdown hook Thread[Thread-2,5,main]
10:13:24.049 [main] DEBUG o.s.t.c.s.AbstractDirtiesContextTestExecutionListener - After test method: context [DefaultTestContext@4923ab24 testClass = JanusMultipleEdgesTest, testInstance = com.cms.til.graph.janus.JanusMultipleEdgesTest@1e7c7811, testMethod = testMultipleEdgesWithSameId@JanusMultipleEdgesTest, testException = java.lang.AssertionError: Duplicate edges found between  (msid: 246912)--hie_child--&gt;(msid: 246913) expected:&lt;1&gt; but was:&lt;10&gt;, mergedContextConfiguration = [MergedContextConfiguration@44c8afef testClass = JanusMultipleEdgesTest, locations = &apos;{}&apos;, classes = &apos;{class com.cms.til.graph.janus.BeanConfig}&apos;, contextInitializerClasses = &apos;[]&apos;, activeProfiles = &apos;{}&apos;, propertySourceLocations = &apos;{}&apos;, propertySourceProperties = &apos;{}&apos;, contextLoader = &apos;org.springframework.test.context.support.DelegatingSmartContextLoader&apos;, parent = [null]]], class annotated with @DirtiesContext [false] with mode [null], method annotated with @DirtiesContext [false] with mode [null].
</system-out>
    <system-err>Exception in thread &quot;Thread-7&quot; Exception in thread &quot;Thread-8&quot; Exception in thread &quot;Thread-10&quot; org.janusgraph.core.JanusGraphException: Could not commit transaction due to exception during persistence
	at org.janusgraph.graphdb.transaction.StandardJanusGraphTx.commit(StandardJanusGraphTx.java:1385)
	at com.cms.til.graph.janus.JanusEdgeUpdator.run(JanusEdgeUpdator.java:36)
	at java.lang.Thread.run(Thread.java:748)
Caused by: org.janusgraph.core.JanusGraphException: Unexpected exception
	at org.janusgraph.graphdb.database.StandardJanusGraph.commit(StandardJanusGraph.java:806)
	at org.janusgraph.graphdb.transaction.StandardJanusGraphTx.commit(StandardJanusGraphTx.java:1374)
	... 2 more
Caused by: org.janusgraph.diskstorage.locking.PermanentLockingException: Local lock contention
	at org.janusgraph.diskstorage.locking.AbstractLocker.writeLock(AbstractLocker.java:327)
	at org.janusgraph.diskstorage.locking.consistentkey.ExpectedValueCheckingStore.acquireLock(ExpectedValueCheckingStore.java:103)
	at org.janusgraph.diskstorage.keycolumnvalue.KCVSProxy.acquireLock(KCVSProxy.java:52)
	at org.janusgraph.diskstorage.BackendTransaction.acquireIndexLock(BackendTransaction.java:256)
	at org.janusgraph.graphdb.database.StandardJanusGraph.prepareCommit(StandardJanusGraph.java:572)
	at org.janusgraph.graphdb.database.StandardJanusGraph.commit(StandardJanusGraph.java:702)
	... 3 more
org.janusgraph.core.JanusGraphException: Could not commit transaction due to exception during persistence
	at org.janusgraph.graphdb.transaction.StandardJanusGraphTx.commit(StandardJanusGraphTx.java:1385)
	at com.cms.til.graph.janus.JanusEdgeUpdator.run(JanusEdgeUpdator.java:36)
	at java.lang.Thread.run(Thread.java:748)
Caused by: org.janusgraph.core.JanusGraphException: Unexpected exception
	at org.janusgraph.graphdb.database.StandardJanusGraph.commit(StandardJanusGraph.java:806)
	at org.janusgraph.graphdb.transaction.StandardJanusGraphTx.commit(StandardJanusGraphTx.java:1374)
	... 2 more
Caused by: org.janusgraph.diskstorage.locking.PermanentLockingException: Local lock contention
	at org.janusgraph.diskstorage.locking.AbstractLocker.writeLock(AbstractLocker.java:327)
	at org.janusgraph.diskstorage.locking.consistentkey.ExpectedValueCheckingStore.acquireLock(ExpectedValueCheckingStore.java:103)
	at org.janusgraph.diskstorage.keycolumnvalue.KCVSProxy.acquireLock(KCVSProxy.java:52)
	at org.janusgraph.diskstorage.BackendTransaction.acquireIndexLock(BackendTransaction.java:256)
	at org.janusgraph.graphdb.database.StandardJanusGraph.prepareCommit(StandardJanusGraph.java:572)
	at org.janusgraph.graphdb.database.StandardJanusGraph.commit(StandardJanusGraph.java:702)
	... 3 more
org.janusgraph.core.JanusGraphException: Could not commit transaction due to exception during persistence
	at org.janusgraph.graphdb.transaction.StandardJanusGraphTx.commit(StandardJanusGraphTx.java:1385)
	at com.cms.til.graph.janus.JanusEdgeUpdator.run(JanusEdgeUpdator.java:36)
	at java.lang.Thread.run(Thread.java:748)
Caused by: org.janusgraph.core.JanusGraphException: Unexpected exception
	at org.janusgraph.graphdb.database.StandardJanusGraph.commit(StandardJanusGraph.java:806)
	at org.janusgraph.graphdb.transaction.StandardJanusGraphTx.commit(StandardJanusGraphTx.java:1374)
	... 2 more
Caused by: org.janusgraph.diskstorage.locking.PermanentLockingException: Local lock contention
	at org.janusgraph.diskstorage.locking.AbstractLocker.writeLock(AbstractLocker.java:327)
	at org.janusgraph.diskstorage.locking.consistentkey.ExpectedValueCheckingStore.acquireLock(ExpectedValueCheckingStore.java:103)
	at org.janusgraph.diskstorage.keycolumnvalue.KCVSProxy.acquireLock(KCVSProxy.java:52)
	at org.janusgraph.diskstorage.BackendTransaction.acquireIndexLock(BackendTransaction.java:256)
	at org.janusgraph.graphdb.database.StandardJanusGraph.prepareCommit(StandardJanusGraph.java:572)
	at org.janusgraph.graphdb.database.StandardJanusGraph.commit(StandardJanusGraph.java:702)
	... 3 more
Exception in thread &quot;Thread-9&quot; org.janusgraph.core.JanusGraphException: Could not commit transaction due to exception during persistence
	at org.janusgraph.graphdb.transaction.StandardJanusGraphTx.commit(StandardJanusGraphTx.java:1385)
	at com.cms.til.graph.janus.JanusEdgeUpdator.run(JanusEdgeUpdator.java:36)
	at java.lang.Thread.run(Thread.java:748)
Caused by: org.janusgraph.core.JanusGraphException: Unexpected exception
	at org.janusgraph.graphdb.database.StandardJanusGraph.commit(StandardJanusGraph.java:806)
	at org.janusgraph.graphdb.transaction.StandardJanusGraphTx.commit(StandardJanusGraphTx.java:1374)
	... 2 more
Caused by: org.janusgraph.diskstorage.locking.PermanentLockingException: Local lock contention
	at org.janusgraph.diskstorage.locking.AbstractLocker.writeLock(AbstractLocker.java:327)
	at org.janusgraph.diskstorage.locking.consistentkey.ExpectedValueCheckingStore.acquireLock(ExpectedValueCheckingStore.java:103)
	at org.janusgraph.diskstorage.keycolumnvalue.KCVSProxy.acquireLock(KCVSProxy.java:52)
	at org.janusgraph.diskstorage.BackendTransaction.acquireIndexLock(BackendTransaction.java:256)
	at org.janusgraph.graphdb.database.StandardJanusGraph.prepareCommit(StandardJanusGraph.java:572)
	at org.janusgraph.graphdb.database.StandardJanusGraph.commit(StandardJanusGraph.java:702)
	... 3 more
Exception in thread &quot;Thread-13&quot; org.janusgraph.core.JanusGraphException: Could not commit transaction due to exception during persistence
	at org.janusgraph.graphdb.transaction.StandardJanusGraphTx.commit(StandardJanusGraphTx.java:1385)
	at com.cms.til.graph.janus.JanusEdgeUpdator.run(JanusEdgeUpdator.java:36)
	at java.lang.Thread.run(Thread.java:748)
Caused by: org.janusgraph.core.JanusGraphException: Unexpected exception
	at org.janusgraph.graphdb.database.StandardJanusGraph.commit(StandardJanusGraph.java:806)
	at org.janusgraph.graphdb.transaction.StandardJanusGraphTx.commit(StandardJanusGraphTx.java:1374)
	... 2 more
Caused by: org.janusgraph.diskstorage.locking.PermanentLockingException: Local lock contention
	at org.janusgraph.diskstorage.locking.AbstractLocker.writeLock(AbstractLocker.java:327)
	at org.janusgraph.diskstorage.locking.consistentkey.ExpectedValueCheckingStore.acquireLock(ExpectedValueCheckingStore.java:103)
	at org.janusgraph.diskstorage.keycolumnvalue.KCVSProxy.acquireLock(KCVSProxy.java:52)
	at org.janusgraph.diskstorage.BackendTransaction.acquireIndexLock(BackendTransaction.java:256)
	at org.janusgraph.graphdb.database.StandardJanusGraph.prepareCommit(StandardJanusGraph.java:572)
	at org.janusgraph.graphdb.database.StandardJanusGraph.commit(StandardJanusGraph.java:702)
	... 3 more
Exception in thread &quot;Thread-4&quot; Exception in thread &quot;Thread-12&quot; org.janusgraph.core.JanusGraphException: Could not commit transaction due to exception during persistence
	at org.janusgraph.graphdb.transaction.StandardJanusGraphTx.commit(StandardJanusGraphTx.java:1385)
	at com.cms.til.graph.janus.JanusEdgeUpdator.run(JanusEdgeUpdator.java:36)
	at java.lang.Thread.run(Thread.java:748)
Caused by: org.janusgraph.core.JanusGraphException: Unexpected exception
	at org.janusgraph.graphdb.database.StandardJanusGraph.commit(StandardJanusGraph.java:806)
	at org.janusgraph.graphdb.transaction.StandardJanusGraphTx.commit(StandardJanusGraphTx.java:1374)
	... 2 more
Caused by: org.janusgraph.diskstorage.locking.PermanentLockingException: Local lock contention
	at org.janusgraph.diskstorage.locking.AbstractLocker.writeLock(AbstractLocker.java:327)
	at org.janusgraph.diskstorage.locking.consistentkey.ExpectedValueCheckingStore.acquireLock(ExpectedValueCheckingStore.java:103)
	at org.janusgraph.diskstorage.keycolumnvalue.KCVSProxy.acquireLock(KCVSProxy.java:52)
	at org.janusgraph.diskstorage.BackendTransaction.acquireIndexLock(BackendTransaction.java:256)
	at org.janusgraph.graphdb.database.StandardJanusGraph.prepareCommit(StandardJanusGraph.java:572)
	at org.janusgraph.graphdb.database.StandardJanusGraph.commit(StandardJanusGraph.java:702)
	... 3 more
Exception in thread &quot;Thread-6&quot; org.janusgraph.core.JanusGraphException: Could not commit transaction due to exception during persistence
	at org.janusgraph.graphdb.transaction.StandardJanusGraphTx.commit(StandardJanusGraphTx.java:1385)
	at com.cms.til.graph.janus.JanusEdgeUpdator.run(JanusEdgeUpdator.java:36)
	at java.lang.Thread.run(Thread.java:748)
Caused by: org.janusgraph.core.JanusGraphException: Unexpected exception
	at org.janusgraph.graphdb.database.StandardJanusGraph.commit(StandardJanusGraph.java:806)
	at org.janusgraph.graphdb.transaction.StandardJanusGraphTx.commit(StandardJanusGraphTx.java:1374)
	... 2 more
Caused by: org.janusgraph.diskstorage.locking.PermanentLockingException: Local lock contention
	at org.janusgraph.diskstorage.locking.AbstractLocker.writeLock(AbstractLocker.java:327)
	at org.janusgraph.diskstorage.locking.consistentkey.ExpectedValueCheckingStore.acquireLock(ExpectedValueCheckingStore.java:103)
	at org.janusgraph.diskstorage.keycolumnvalue.KCVSProxy.acquireLock(KCVSProxy.java:52)
	at org.janusgraph.diskstorage.BackendTransaction.acquireIndexLock(BackendTransaction.java:256)
	at org.janusgraph.graphdb.database.StandardJanusGraph.prepareCommit(StandardJanusGraph.java:572)
	at org.janusgraph.graphdb.database.StandardJanusGraph.commit(StandardJanusGraph.java:702)
	... 3 more
org.janusgraph.core.JanusGraphException: Could not commit transaction due to exception during persistence
	at org.janusgraph.graphdb.transaction.StandardJanusGraphTx.commit(StandardJanusGraphTx.java:1385)
	at com.cms.til.graph.janus.JanusEdgeUpdator.run(JanusEdgeUpdator.java:36)
	at java.lang.Thread.run(Thread.java:748)
Caused by: org.janusgraph.core.JanusGraphException: Unexpected exception
	at org.janusgraph.graphdb.database.StandardJanusGraph.commit(StandardJanusGraph.java:806)
	at org.janusgraph.graphdb.transaction.StandardJanusGraphTx.commit(StandardJanusGraphTx.java:1374)
	... 2 more
Caused by: org.janusgraph.diskstorage.locking.PermanentLockingException: Local lock contention
	at org.janusgraph.diskstorage.locking.AbstractLocker.writeLock(AbstractLocker.java:327)
	at org.janusgraph.diskstorage.locking.consistentkey.ExpectedValueCheckingStore.acquireLock(ExpectedValueCheckingStore.java:103)
	at org.janusgraph.diskstorage.keycolumnvalue.KCVSProxy.acquireLock(KCVSProxy.java:52)
	at org.janusgraph.diskstorage.BackendTransaction.acquireIndexLock(BackendTransaction.java:256)
	at org.janusgraph.graphdb.database.StandardJanusGraph.prepareCommit(StandardJanusGraph.java:572)
	at org.janusgraph.graphdb.database.StandardJanusGraph.commit(StandardJanusGraph.java:702)
	... 3 more
Exception in thread &quot;Thread-11&quot; org.janusgraph.core.JanusGraphException: Could not commit transaction due to exception during persistence
	at org.janusgraph.graphdb.transaction.StandardJanusGraphTx.commit(StandardJanusGraphTx.java:1385)
	at com.cms.til.graph.janus.JanusEdgeUpdator.run(JanusEdgeUpdator.java:36)
	at java.lang.Thread.run(Thread.java:748)
Caused by: org.janusgraph.core.JanusGraphException: Unexpected exception
	at org.janusgraph.graphdb.database.StandardJanusGraph.commit(StandardJanusGraph.java:806)
	at org.janusgraph.graphdb.transaction.StandardJanusGraphTx.commit(StandardJanusGraphTx.java:1374)
	... 2 more
Caused by: org.janusgraph.diskstorage.locking.PermanentLockingException: Local lock contention
	at org.janusgraph.diskstorage.locking.AbstractLocker.writeLock(AbstractLocker.java:327)
	at org.janusgraph.diskstorage.locking.consistentkey.ExpectedValueCheckingStore.acquireLock(ExpectedValueCheckingStore.java:103)
	at org.janusgraph.diskstorage.keycolumnvalue.KCVSProxy.acquireLock(KCVSProxy.java:52)
	at org.janusgraph.diskstorage.BackendTransaction.acquireIndexLock(BackendTransaction.java:256)
	at org.janusgraph.graphdb.database.StandardJanusGraph.prepareCommit(StandardJanusGraph.java:572)
	at org.janusgraph.graphdb.database.StandardJanusGraph.commit(StandardJanusGraph.java:702)
	... 3 more
</system-err>
  </testcase>
</testsuite>